[2022-06-12 02:06:20,275] {taskinstance.py:1159} INFO - Dependencies all met for <TaskInstance: T-dbt-job-dimensions.dbt_clone_and_transform-dimensions manual__2022-06-11T19:32:57.602197+00:00 [queued]>
[2022-06-12 02:06:20,283] {taskinstance.py:1159} INFO - Dependencies all met for <TaskInstance: T-dbt-job-dimensions.dbt_clone_and_transform-dimensions manual__2022-06-11T19:32:57.602197+00:00 [queued]>
[2022-06-12 02:06:20,283] {taskinstance.py:1356} INFO - 
--------------------------------------------------------------------------------
[2022-06-12 02:06:20,284] {taskinstance.py:1357} INFO - Starting attempt 3 of 4
[2022-06-12 02:06:20,284] {taskinstance.py:1358} INFO - 
--------------------------------------------------------------------------------
[2022-06-12 02:06:20,298] {taskinstance.py:1377} INFO - Executing <Task(BashOperator): dbt_clone_and_transform-dimensions> on 2022-06-11 19:32:57.602197+00:00
[2022-06-12 02:06:20,303] {standard_task_runner.py:52} INFO - Started process 2107 to run task
[2022-06-12 02:06:20,306] {standard_task_runner.py:79} INFO - Running: ['airflow', 'tasks', 'run', 'T-dbt-job-dimensions', 'dbt_clone_and_transform-dimensions', 'manual__2022-06-11T19:32:57.602197+00:00', '--job-id', '68', '--raw', '--subdir', 'DAGS_FOLDER/docker_job/dbt_model.py', '--cfg-path', '/tmp/tmpkjgsodjc', '--error-file', '/tmp/tmp2tauvbmm']
[2022-06-12 02:06:20,306] {standard_task_runner.py:80} INFO - Job 68: Subtask dbt_clone_and_transform-dimensions
[2022-06-12 02:06:20,357] {task_command.py:370} INFO - Running <TaskInstance: T-dbt-job-dimensions.dbt_clone_and_transform-dimensions manual__2022-06-11T19:32:57.602197+00:00 [running]> on host e926c0944008
[2022-06-12 02:06:20,420] {taskinstance.py:1571} INFO - Exporting the following env vars:
AIRFLOW_CTX_DAG_EMAIL=samuelolle@yahoo.com
AIRFLOW_CTX_DAG_OWNER=airflow
AIRFLOW_CTX_DAG_ID=T-dbt-job-dimensions
AIRFLOW_CTX_TASK_ID=dbt_clone_and_transform-dimensions
AIRFLOW_CTX_EXECUTION_DATE=2022-06-11T19:32:57.602197+00:00
AIRFLOW_CTX_TRY_NUMBER=3
AIRFLOW_CTX_DAG_RUN_ID=manual__2022-06-11T19:32:57.602197+00:00
[2022-06-12 02:06:20,421] {subprocess.py:62} INFO - Tmp dir root location: 
 /tmp
[2022-06-12 02:06:20,421] {subprocess.py:74} INFO - Running command: ['bash', '-c', " rm -rf /tmp/dimensions && mkdir /tmp/dimensions                            && cp -r /tmp/dbt /tmp/dimensions/dbt                             && cd /tmp/dimensions/dbt && python3 -m venv venv                             && export PIP_USER=false                             && *** /tmp/dimensions/dbt/venv/bin/activate                             && pip  install --quiet --upgrade pip setuptools                             && pip3 install --quiet 'MarkupSafe<=2.0.1' 'dbt-postgres' 'dbt-core'                             && dbt --version && deactivate                             && cd /tmp/dimensions/dbt && *** /tmp/dimensions/dbt/venv/bin/activate                             && dbt deps --profiles-dir /tmp/dimensions/dbt/ && dbt seed --profiles-dir /tmp/dimensions/dbt/                             && dbt run --models dimensions --profiles-dir /tmp/dimensions/dbt/"]
[2022-06-12 02:06:20,432] {subprocess.py:85} INFO - Output:
[2022-06-12 02:07:20,583] {subprocess.py:92} INFO - Core:
[2022-06-12 02:07:20,584] {subprocess.py:92} INFO -   - installed: 1.1.0
[2022-06-12 02:07:20,584] {subprocess.py:92} INFO -   - latest:    1.1.0 - [32mUp to date![0m
[2022-06-12 02:07:20,585] {subprocess.py:92} INFO - 
[2022-06-12 02:07:20,585] {subprocess.py:92} INFO - Plugins:
[2022-06-12 02:07:20,585] {subprocess.py:92} INFO -   - postgres: 1.1.0 - [32mUp to date![0m
[2022-06-12 02:07:26,289] {subprocess.py:92} INFO - [0m02:07:26  Running with dbt=1.1.0
[2022-06-12 02:07:26,293] {subprocess.py:92} INFO - [0m02:07:26  Warning: No packages were found in packages.yml
[2022-06-12 02:07:31,148] {subprocess.py:92} INFO - [0m02:07:31  Running with dbt=1.1.0
[2022-06-12 02:07:31,172] {subprocess.py:92} INFO - [0m02:07:31  Partial parse save file not found. Starting full parse.
[2022-06-12 02:07:32,230] {subprocess.py:92} INFO - [0m02:07:32  [WARNING]: Configuration paths exist in your dbt_project.yml file which do not apply to any re***s.
[2022-06-12 02:07:32,230] {subprocess.py:92} INFO - There are 1 unused configuration paths:
[2022-06-12 02:07:32,230] {subprocess.py:92} INFO - - seeds.SAM
[2022-06-12 02:07:32,230] {subprocess.py:92} INFO - 
[2022-06-12 02:07:32,249] {subprocess.py:92} INFO - [0m02:07:32  Found 5 models, 6 tests, 0 snapshots, 0 analyses, 171 macros, 6 operations, 0 seed files, 4 ***s, 0 exposures, 0 metrics
[2022-06-12 02:07:32,252] {subprocess.py:92} INFO - [0m02:07:32
[2022-06-12 02:07:32,252] {subprocess.py:92} INFO - [0m02:07:32  [WARNING]: Nothing to do. Try checking your model configs and model specification args
[2022-06-12 02:07:32,261] {subprocess.py:92} INFO - [0m02:07:32
[2022-06-12 02:07:32,262] {subprocess.py:92} INFO - [0m02:07:32  Completed successfully
[2022-06-12 02:07:32,262] {subprocess.py:92} INFO - [0m02:07:32
[2022-06-12 02:07:32,262] {subprocess.py:92} INFO - [0m02:07:32  Done. PASS=0 WARN=0 ERROR=0 SKIP=0 TOTAL=0
[2022-06-12 02:07:36,822] {subprocess.py:92} INFO - [0m02:07:36  Running with dbt=1.1.0
[2022-06-12 02:07:36,855] {subprocess.py:92} INFO - [0m02:07:36  [WARNING]: Configuration paths exist in your dbt_project.yml file which do not apply to any re***s.
[2022-06-12 02:07:36,856] {subprocess.py:92} INFO - There are 1 unused configuration paths:
[2022-06-12 02:07:36,856] {subprocess.py:92} INFO - - seeds.SAM
[2022-06-12 02:07:36,856] {subprocess.py:92} INFO - 
[2022-06-12 02:07:36,871] {subprocess.py:92} INFO - [0m02:07:36  Found 5 models, 6 tests, 0 snapshots, 0 analyses, 171 macros, 6 operations, 0 seed files, 4 ***s, 0 exposures, 0 metrics
[2022-06-12 02:07:36,874] {subprocess.py:92} INFO - [0m02:07:36
[2022-06-12 02:07:36,962] {subprocess.py:92} INFO - [0m02:07:36  Concurrency: 4 threads (target='dev')
[2022-06-12 02:07:36,962] {subprocess.py:92} INFO - [0m02:07:36
[2022-06-12 02:07:36,974] {subprocess.py:92} INFO - [0m02:07:36  1 of 2 START table model analytics_objects_analytics_dim.dim_date .............. [RUN]
[2022-06-12 02:07:36,979] {subprocess.py:92} INFO - [0m02:07:36  2 of 2 START incremental model analytics_objects_analytics_dim.dim_walls ....... [RUN]
[2022-06-12 02:07:37,082] {subprocess.py:92} INFO - [0m02:07:37  2 of 2 ERROR creating incremental model analytics_objects_analytics_dim.dim_walls  [ERROR in 0.10s]
[2022-06-12 02:07:37,123] {subprocess.py:92} INFO - [0m02:07:37  1 of 2 OK created table model analytics_objects_analytics_dim.dim_date ......... [SELECT 546 in 0.15s]
[2022-06-12 02:07:37,181] {subprocess.py:92} INFO - [0m02:07:37
[2022-06-12 02:07:37,181] {subprocess.py:92} INFO - [0m02:07:37  Running 6 on-run-end hooks
[2022-06-12 02:07:37,187] {subprocess.py:92} INFO - [0m02:07:37  1 of 6 START hook: SAM.on-run-end.0 ............................................ [RUN]
[2022-06-12 02:07:37,190] {subprocess.py:92} INFO - [0m02:07:37  1 of 6 OK hook: SAM.on-run-end.0 ............................................... [ALTER DEFAULT PRIVILEGES in 0.00s]
[2022-06-12 02:07:37,195] {subprocess.py:92} INFO - [0m02:07:37  2 of 6 START hook: SAM.on-run-end.1 ............................................ [RUN]
[2022-06-12 02:07:37,198] {subprocess.py:92} INFO - [0m02:07:37  2 of 6 OK hook: SAM.on-run-end.1 ............................................... [ALTER DEFAULT PRIVILEGES in 0.00s]
[2022-06-12 02:07:37,201] {subprocess.py:92} INFO - [0m02:07:37  3 of 6 START hook: SAM.on-run-end.2 ............................................ [RUN]
[2022-06-12 02:07:37,203] {subprocess.py:92} INFO - [0m02:07:37  3 of 6 OK hook: SAM.on-run-end.2 ............................................... [ALTER DEFAULT PRIVILEGES in 0.00s]
[2022-06-12 02:07:37,207] {subprocess.py:92} INFO - [0m02:07:37  4 of 6 START hook: SAM.on-run-end.3 ............................................ [RUN]
[2022-06-12 02:07:37,211] {subprocess.py:92} INFO - [0m02:07:37  4 of 6 OK hook: SAM.on-run-end.3 ............................................... [ALTER DEFAULT PRIVILEGES in 0.00s]
[2022-06-12 02:07:37,215] {subprocess.py:92} INFO - [0m02:07:37  5 of 6 START hook: SAM.on-run-end.4 ............................................ [RUN]
[2022-06-12 02:07:37,217] {subprocess.py:92} INFO - [0m02:07:37  5 of 6 OK hook: SAM.on-run-end.4 ............................................... [ALTER DEFAULT PRIVILEGES in 0.00s]
[2022-06-12 02:07:37,222] {subprocess.py:92} INFO - [0m02:07:37  6 of 6 START hook: SAM.on-run-end.5 ............................................ [RUN]
[2022-06-12 02:07:37,226] {subprocess.py:92} INFO - [0m02:07:37  6 of 6 OK hook: SAM.on-run-end.5 ............................................... [ALTER DEFAULT PRIVILEGES in 0.00s]
[2022-06-12 02:07:37,227] {subprocess.py:92} INFO - [0m02:07:37
[2022-06-12 02:07:37,228] {subprocess.py:92} INFO - [0m02:07:37
[2022-06-12 02:07:37,228] {subprocess.py:92} INFO - [0m02:07:37  Finished running 1 incremental model, 1 table model, 6 hooks in 0.35s.
[2022-06-12 02:07:37,235] {subprocess.py:92} INFO - [0m02:07:37
[2022-06-12 02:07:37,235] {subprocess.py:92} INFO - [0m02:07:37  Completed with 1 error and 0 warnings:
[2022-06-12 02:07:37,235] {subprocess.py:92} INFO - [0m02:07:37
[2022-06-12 02:07:37,236] {subprocess.py:92} INFO - [0m02:07:37  Database Error in model dim_walls (models/dimensions/dim_walls.sql)
[2022-06-12 02:07:37,236] {subprocess.py:92} INFO - [0m02:07:37    syntax error at or near ";"
[2022-06-12 02:07:37,236] {subprocess.py:92} INFO - [0m02:07:37    LINE 27: ) as wl;
[2022-06-12 02:07:37,237] {subprocess.py:92} INFO - [0m02:07:37                    ^
[2022-06-12 02:07:37,237] {subprocess.py:92} INFO - [0m02:07:37    compiled SQL at target/run/SAM/models/dimensions/dim_walls.sql
[2022-06-12 02:07:37,237] {subprocess.py:92} INFO - [0m02:07:37
[2022-06-12 02:07:37,237] {subprocess.py:92} INFO - [0m02:07:37  Done. PASS=1 WARN=0 ERROR=1 SKIP=0 TOTAL=2
[2022-06-12 02:07:37,537] {subprocess.py:96} INFO - Command exited with return code 1
[2022-06-12 02:07:37,572] {taskinstance.py:1889} ERROR - Task failed with exception
Traceback (most recent call last):
  File "/home/airflow/.local/lib/python3.7/site-packages/airflow/operators/bash.py", line 195, in execute
    f'Bash command failed. The command returned a non-zero exit code {result.exit_code}.'
airflow.exceptions.AirflowException: Bash command failed. The command returned a non-zero exit code 1.
[2022-06-12 02:07:37,581] {taskinstance.py:1400} INFO - Marking task as UP_FOR_RETRY. dag_id=T-dbt-job-dimensions, task_id=dbt_clone_and_transform-dimensions, execution_date=20220611T193257, start_date=20220612T020620, end_date=20220612T020737
[2022-06-12 02:07:37,609] {standard_task_runner.py:97} ERROR - Failed to execute job 68 for task dbt_clone_and_transform-dimensions (Bash command failed. The command returned a non-zero exit code 1.; 2107)
[2022-06-12 02:07:37,640] {local_task_job.py:156} INFO - Task exited with return code 1
[2022-06-12 02:07:37,679] {local_task_job.py:273} INFO - 0 downstream tasks scheduled from follow-on schedule check
