[2022-06-12 02:03:55,586] {taskinstance.py:1159} INFO - Dependencies all met for <TaskInstance: T-dbt-job-dimensions.dbt_clone_and_transform-dimensions manual__2022-06-11T19:32:57.602197+00:00 [queued]>
[2022-06-12 02:03:55,600] {taskinstance.py:1159} INFO - Dependencies all met for <TaskInstance: T-dbt-job-dimensions.dbt_clone_and_transform-dimensions manual__2022-06-11T19:32:57.602197+00:00 [queued]>
[2022-06-12 02:03:55,600] {taskinstance.py:1356} INFO - 
--------------------------------------------------------------------------------
[2022-06-12 02:03:55,600] {taskinstance.py:1357} INFO - Starting attempt 2 of 3
[2022-06-12 02:03:55,600] {taskinstance.py:1358} INFO - 
--------------------------------------------------------------------------------
[2022-06-12 02:03:55,615] {taskinstance.py:1377} INFO - Executing <Task(BashOperator): dbt_clone_and_transform-dimensions> on 2022-06-11 19:32:57.602197+00:00
[2022-06-12 02:03:55,620] {standard_task_runner.py:52} INFO - Started process 2028 to run task
[2022-06-12 02:03:55,624] {standard_task_runner.py:79} INFO - Running: ['airflow', 'tasks', 'run', 'T-dbt-job-dimensions', 'dbt_clone_and_transform-dimensions', 'manual__2022-06-11T19:32:57.602197+00:00', '--job-id', '67', '--raw', '--subdir', 'DAGS_FOLDER/docker_job/dbt_model.py', '--cfg-path', '/tmp/tmp0m933_ux', '--error-file', '/tmp/tmp_qrz8wme']
[2022-06-12 02:03:55,625] {standard_task_runner.py:80} INFO - Job 67: Subtask dbt_clone_and_transform-dimensions
[2022-06-12 02:03:55,678] {task_command.py:370} INFO - Running <TaskInstance: T-dbt-job-dimensions.dbt_clone_and_transform-dimensions manual__2022-06-11T19:32:57.602197+00:00 [running]> on host e926c0944008
[2022-06-12 02:03:55,745] {taskinstance.py:1571} INFO - Exporting the following env vars:
AIRFLOW_CTX_DAG_EMAIL=samuelolle@yahoo.com
AIRFLOW_CTX_DAG_OWNER=airflow
AIRFLOW_CTX_DAG_ID=T-dbt-job-dimensions
AIRFLOW_CTX_TASK_ID=dbt_clone_and_transform-dimensions
AIRFLOW_CTX_EXECUTION_DATE=2022-06-11T19:32:57.602197+00:00
AIRFLOW_CTX_TRY_NUMBER=2
AIRFLOW_CTX_DAG_RUN_ID=manual__2022-06-11T19:32:57.602197+00:00
[2022-06-12 02:03:55,746] {subprocess.py:62} INFO - Tmp dir root location: 
 /tmp
[2022-06-12 02:03:55,747] {subprocess.py:74} INFO - Running command: ['bash', '-c', " rm -rf /tmp/dimensions && mkdir /tmp/dimensions                            && cp -r /tmp/dbt /tmp/dimensions/dbt                             && cd /tmp/dimensions/dbt && python3 -m venv venv                             && export PIP_USER=false                             && *** /tmp/dimensions/dbt/venv/bin/activate                             && pip  install --quiet --upgrade pip setuptools                             && pip3 install --quiet 'MarkupSafe<=2.0.1' 'dbt-postgres' 'dbt-core'                             && dbt --version && deactivate                             && cd /tmp/dimensions/dbt && *** /tmp/dimensions/dbt/venv/bin/activate                             && dbt deps --profiles-dir /tmp/dimensions/dbt/ && dbt seed --profiles-dir /tmp/dimensions/dbt/                             && dbt run --models dimensions --profiles-dir /tmp/dimensions/dbt/"]
[2022-06-12 02:03:55,758] {subprocess.py:85} INFO - Output:
[2022-06-12 02:04:33,080] {subprocess.py:92} INFO - Core:
[2022-06-12 02:04:33,081] {subprocess.py:92} INFO -   - installed: 1.1.0
[2022-06-12 02:04:33,081] {subprocess.py:92} INFO -   - latest:    1.1.0 - [32mUp to date![0m
[2022-06-12 02:04:33,081] {subprocess.py:92} INFO - 
[2022-06-12 02:04:33,081] {subprocess.py:92} INFO - Plugins:
[2022-06-12 02:04:33,081] {subprocess.py:92} INFO -   - postgres: 1.1.0 - [32mUp to date![0m
[2022-06-12 02:04:36,120] {subprocess.py:92} INFO - [0m02:04:36  Running with dbt=1.1.0
[2022-06-12 02:04:36,122] {subprocess.py:92} INFO - [0m02:04:36  Warning: No packages were found in packages.yml
[2022-06-12 02:04:39,122] {subprocess.py:92} INFO - [0m02:04:39  Running with dbt=1.1.0
[2022-06-12 02:04:39,138] {subprocess.py:92} INFO - [0m02:04:39  Partial parse save file not found. Starting full parse.
[2022-06-12 02:04:39,799] {subprocess.py:92} INFO - [0m02:04:39  [WARNING]: Configuration paths exist in your dbt_project.yml file which do not apply to any re***s.
[2022-06-12 02:04:39,799] {subprocess.py:92} INFO - There are 1 unused configuration paths:
[2022-06-12 02:04:39,799] {subprocess.py:92} INFO - - seeds.SAM
[2022-06-12 02:04:39,799] {subprocess.py:92} INFO - 
[2022-06-12 02:04:39,811] {subprocess.py:92} INFO - [0m02:04:39  Found 5 models, 6 tests, 0 snapshots, 0 analyses, 171 macros, 6 operations, 0 seed files, 4 ***s, 0 exposures, 0 metrics
[2022-06-12 02:04:39,814] {subprocess.py:92} INFO - [0m02:04:39
[2022-06-12 02:04:39,814] {subprocess.py:92} INFO - [0m02:04:39  [WARNING]: Nothing to do. Try checking your model configs and model specification args
[2022-06-12 02:04:39,819] {subprocess.py:92} INFO - [0m02:04:39
[2022-06-12 02:04:39,820] {subprocess.py:92} INFO - [0m02:04:39  Completed successfully
[2022-06-12 02:04:39,820] {subprocess.py:92} INFO - [0m02:04:39
[2022-06-12 02:04:39,820] {subprocess.py:92} INFO - [0m02:04:39  Done. PASS=0 WARN=0 ERROR=0 SKIP=0 TOTAL=0
[2022-06-12 02:04:42,980] {subprocess.py:92} INFO - [0m02:04:42  Running with dbt=1.1.0
[2022-06-12 02:04:43,016] {subprocess.py:92} INFO - [0m02:04:43  [WARNING]: Configuration paths exist in your dbt_project.yml file which do not apply to any re***s.
[2022-06-12 02:04:43,016] {subprocess.py:92} INFO - There are 1 unused configuration paths:
[2022-06-12 02:04:43,016] {subprocess.py:92} INFO - - seeds.SAM
[2022-06-12 02:04:43,016] {subprocess.py:92} INFO - 
[2022-06-12 02:04:43,031] {subprocess.py:92} INFO - [0m02:04:43  Found 5 models, 6 tests, 0 snapshots, 0 analyses, 171 macros, 6 operations, 0 seed files, 4 ***s, 0 exposures, 0 metrics
[2022-06-12 02:04:43,033] {subprocess.py:92} INFO - [0m02:04:43
[2022-06-12 02:04:43,110] {subprocess.py:92} INFO - [0m02:04:43  Concurrency: 4 threads (target='dev')
[2022-06-12 02:04:43,110] {subprocess.py:92} INFO - [0m02:04:43
[2022-06-12 02:04:43,119] {subprocess.py:92} INFO - [0m02:04:43  1 of 2 START table model analytics_objects_analytics_dim.dim_date .............. [RUN]
[2022-06-12 02:04:43,119] {subprocess.py:92} INFO - [0m02:04:43  2 of 2 START incremental model analytics_objects_analytics_dim.dim_walls ....... [RUN]
[2022-06-12 02:04:43,220] {subprocess.py:92} INFO - [0m02:04:43  2 of 2 ERROR creating incremental model analytics_objects_analytics_dim.dim_walls  [ERROR in 0.10s]
[2022-06-12 02:04:43,266] {subprocess.py:92} INFO - [0m02:04:43  1 of 2 OK created table model analytics_objects_analytics_dim.dim_date ......... [SELECT 546 in 0.15s]
[2022-06-12 02:04:43,324] {subprocess.py:92} INFO - [0m02:04:43
[2022-06-12 02:04:43,324] {subprocess.py:92} INFO - [0m02:04:43  Running 6 on-run-end hooks
[2022-06-12 02:04:43,331] {subprocess.py:92} INFO - [0m02:04:43  1 of 6 START hook: SAM.on-run-end.0 ............................................ [RUN]
[2022-06-12 02:04:43,335] {subprocess.py:92} INFO - [0m02:04:43  1 of 6 OK hook: SAM.on-run-end.0 ............................................... [ALTER DEFAULT PRIVILEGES in 0.00s]
[2022-06-12 02:04:43,339] {subprocess.py:92} INFO - [0m02:04:43  2 of 6 START hook: SAM.on-run-end.1 ............................................ [RUN]
[2022-06-12 02:04:43,341] {subprocess.py:92} INFO - [0m02:04:43  2 of 6 OK hook: SAM.on-run-end.1 ............................................... [ALTER DEFAULT PRIVILEGES in 0.00s]
[2022-06-12 02:04:43,346] {subprocess.py:92} INFO - [0m02:04:43  3 of 6 START hook: SAM.on-run-end.2 ............................................ [RUN]
[2022-06-12 02:04:43,348] {subprocess.py:92} INFO - [0m02:04:43  3 of 6 OK hook: SAM.on-run-end.2 ............................................... [ALTER DEFAULT PRIVILEGES in 0.00s]
[2022-06-12 02:04:43,353] {subprocess.py:92} INFO - [0m02:04:43  4 of 6 START hook: SAM.on-run-end.3 ............................................ [RUN]
[2022-06-12 02:04:43,355] {subprocess.py:92} INFO - [0m02:04:43  4 of 6 OK hook: SAM.on-run-end.3 ............................................... [ALTER DEFAULT PRIVILEGES in 0.00s]
[2022-06-12 02:04:43,359] {subprocess.py:92} INFO - [0m02:04:43  5 of 6 START hook: SAM.on-run-end.4 ............................................ [RUN]
[2022-06-12 02:04:43,361] {subprocess.py:92} INFO - [0m02:04:43  5 of 6 OK hook: SAM.on-run-end.4 ............................................... [ALTER DEFAULT PRIVILEGES in 0.00s]
[2022-06-12 02:04:43,365] {subprocess.py:92} INFO - [0m02:04:43  6 of 6 START hook: SAM.on-run-end.5 ............................................ [RUN]
[2022-06-12 02:04:43,367] {subprocess.py:92} INFO - [0m02:04:43  6 of 6 OK hook: SAM.on-run-end.5 ............................................... [ALTER DEFAULT PRIVILEGES in 0.00s]
[2022-06-12 02:04:43,368] {subprocess.py:92} INFO - [0m02:04:43
[2022-06-12 02:04:43,369] {subprocess.py:92} INFO - [0m02:04:43
[2022-06-12 02:04:43,369] {subprocess.py:92} INFO - [0m02:04:43  Finished running 1 incremental model, 1 table model, 6 hooks in 0.33s.
[2022-06-12 02:04:43,377] {subprocess.py:92} INFO - [0m02:04:43
[2022-06-12 02:04:43,378] {subprocess.py:92} INFO - [0m02:04:43  Completed with 1 error and 0 warnings:
[2022-06-12 02:04:43,378] {subprocess.py:92} INFO - [0m02:04:43
[2022-06-12 02:04:43,378] {subprocess.py:92} INFO - [0m02:04:43  Database Error in model dim_walls (models/dimensions/dim_walls.sql)
[2022-06-12 02:04:43,379] {subprocess.py:92} INFO - [0m02:04:43    syntax error at or near "from"
[2022-06-12 02:04:43,379] {subprocess.py:92} INFO - [0m02:04:43    LINE 22: left join from "target"."analytics_objects_analytics_dim"."d...
[2022-06-12 02:04:43,379] {subprocess.py:92} INFO - [0m02:04:43                       ^
[2022-06-12 02:04:43,379] {subprocess.py:92} INFO - [0m02:04:43    compiled SQL at target/run/SAM/models/dimensions/dim_walls.sql
[2022-06-12 02:04:43,380] {subprocess.py:92} INFO - [0m02:04:43
[2022-06-12 02:04:43,380] {subprocess.py:92} INFO - [0m02:04:43  Done. PASS=1 WARN=0 ERROR=1 SKIP=0 TOTAL=2
[2022-06-12 02:04:43,610] {subprocess.py:96} INFO - Command exited with return code 1
[2022-06-12 02:04:43,630] {taskinstance.py:1889} ERROR - Task failed with exception
Traceback (most recent call last):
  File "/home/airflow/.local/lib/python3.7/site-packages/airflow/operators/bash.py", line 195, in execute
    f'Bash command failed. The command returned a non-zero exit code {result.exit_code}.'
airflow.exceptions.AirflowException: Bash command failed. The command returned a non-zero exit code 1.
[2022-06-12 02:04:43,636] {taskinstance.py:1400} INFO - Marking task as UP_FOR_RETRY. dag_id=T-dbt-job-dimensions, task_id=dbt_clone_and_transform-dimensions, execution_date=20220611T193257, start_date=20220612T020355, end_date=20220612T020443
[2022-06-12 02:04:43,649] {standard_task_runner.py:97} ERROR - Failed to execute job 67 for task dbt_clone_and_transform-dimensions (Bash command failed. The command returned a non-zero exit code 1.; 2028)
[2022-06-12 02:04:43,693] {local_task_job.py:156} INFO - Task exited with return code 1
[2022-06-12 02:04:43,727] {local_task_job.py:273} INFO - 0 downstream tasks scheduled from follow-on schedule check
