[2022-06-16 21:43:58,913] {taskinstance.py:1159} INFO - Dependencies all met for <TaskInstance: Job-price_test_scale.price_test_scale-apple-iphone-x-64gb-space-grau_h_5143 scheduled__2022-06-16T18:45:53.419457+00:00 [queued]>
[2022-06-16 21:46:08,857] {taskinstance.py:1159} INFO - Dependencies all met for <TaskInstance: Job-price_test_scale.price_test_scale-apple-iphone-x-64gb-space-grau_h_5143 scheduled__2022-06-16T18:45:53.419457+00:00 [queued]>
[2022-06-16 21:46:08,944] {taskinstance.py:1356} INFO - 
--------------------------------------------------------------------------------
[2022-06-16 21:46:08,944] {taskinstance.py:1357} INFO - Starting attempt 2 of 6
[2022-06-16 21:46:08,944] {taskinstance.py:1358} INFO - 
--------------------------------------------------------------------------------
[2022-06-16 21:46:10,568] {taskinstance.py:1377} INFO - Executing <Task(PythonOperator): price_test_scale-apple-iphone-x-64gb-space-grau_h_5143> on 2022-06-16 18:45:53.419457+00:00
[2022-06-16 21:46:10,592] {standard_task_runner.py:52} INFO - Started process 13310 to run task
[2022-06-16 21:46:11,236] {standard_task_runner.py:79} INFO - Running: ['airflow', 'tasks', 'run', 'Job-price_test_scale', 'price_test_scale-apple-iphone-x-64gb-space-grau_h_5143', 'scheduled__2022-06-16T18:45:53.419457+00:00', '--job-id', '198', '--raw', '--subdir', 'DAGS_FOLDER/docker_job/price_test_scale.py', '--cfg-path', '/tmp/tmpqaz008k6', '--error-file', '/tmp/tmpewxownrt']
[2022-06-16 21:46:11,237] {standard_task_runner.py:80} INFO - Job 198: Subtask price_test_scale-apple-iphone-x-64gb-space-grau_h_5143
[2022-06-16 21:46:13,188] {warnings.py:110} WARNING - /home/airflow/.local/lib/python3.7/site-packages/airflow/configuration.py:525: DeprecationWarning: The sql_alchemy_conn option in [core] has been moved to the sql_alchemy_conn option in [database] - the old setting has been used, but please update your config.
  option = self._get_environment_variables(deprecated_key, deprecated_section, key, section)

[2022-06-16 21:46:17,848] {task_command.py:370} INFO - Running <TaskInstance: Job-price_test_scale.price_test_scale-apple-iphone-x-64gb-space-grau_h_5143 scheduled__2022-06-16T18:45:53.419457+00:00 [running]> on host 3c1ac2e19971
[2022-06-16 21:46:53,940] {taskinstance.py:1571} INFO - Exporting the following env vars:
AIRFLOW_CTX_DAG_EMAIL=samuel.momoh-olle@asgoodasnew.com
AIRFLOW_CTX_DAG_OWNER=airflow
AIRFLOW_CTX_DAG_ID=Job-price_test_scale
AIRFLOW_CTX_TASK_ID=price_test_scale-apple-iphone-x-64gb-space-grau_h_5143
AIRFLOW_CTX_EXECUTION_DATE=2022-06-16T18:45:53.419457+00:00
AIRFLOW_CTX_TRY_NUMBER=2
AIRFLOW_CTX_DAG_RUN_ID=scheduled__2022-06-16T18:45:53.419457+00:00
[2022-06-16 21:46:54,288] {logging_mixin.py:115} INFO - /opt/airflow
[2022-06-16 21:50:09,774] {taskinstance.py:1889} ERROR - Task failed with exception
Traceback (most recent call last):
  File "/home/airflow/.local/lib/python3.7/site-packages/airflow/operators/python.py", line 171, in execute
    return_value = self.execute_callable()
  File "/home/airflow/.local/lib/python3.7/site-packages/airflow/operators/python.py", line 189, in execute_callable
    return self.python_callable(*self.op_args, **self.op_kwargs)
  File "/opt/airflow/dags/docker_job/price_test_scale.py", line 124, in run_from_class
    ppd = ProductPriceData(driver=webdriver.Chrome(executable_path="dags/docker_job/chromedriver", options=options))
  File "/home/airflow/.local/lib/python3.7/site-packages/selenium/webdriver/chrome/webdriver.py", line 73, in __init__
    service_log_path, service, keep_alive)
  File "/home/airflow/.local/lib/python3.7/site-packages/selenium/webdriver/chromium/webdriver.py", line 98, in __init__
    options=options)
  File "/home/airflow/.local/lib/python3.7/site-packages/selenium/webdriver/remote/webdriver.py", line 275, in __init__
    self.start_session(capabilities, browser_profile)
  File "/home/airflow/.local/lib/python3.7/site-packages/selenium/webdriver/remote/webdriver.py", line 365, in start_session
    response = self.execute(Command.NEW_SESSION, parameters)
  File "/home/airflow/.local/lib/python3.7/site-packages/selenium/webdriver/remote/webdriver.py", line 430, in execute
    self.error_handler.check_response(response)
  File "/home/airflow/.local/lib/python3.7/site-packages/selenium/webdriver/remote/errorhandler.py", line 247, in check_response
    raise exception_class(message, screen, stacktrace)
selenium.common.exceptions.WebDriverException: Message: unknown error: DevToolsActivePort file doesn't exist
Stacktrace:
#0 0x564f600a2f33 <unknown>
#1 0x564f5fded118 <unknown>
#2 0x564f5fe13282 <unknown>
#3 0x564f5fe0f7c6 <unknown>
#4 0x564f5fe0bd5a <unknown>
#5 0x564f5fe46d3a <unknown>
#6 0x564f5fe40e63 <unknown>
#7 0x564f5fe1682a <unknown>
#8 0x564f5fe17985 <unknown>
#9 0x564f600e74cd <unknown>
#10 0x564f600eb5ec <unknown>
#11 0x564f600d171e <unknown>
#12 0x564f600ec238 <unknown>
#13 0x564f600c6870 <unknown>
#14 0x564f60108608 <unknown>
#15 0x564f60108788 <unknown>
#16 0x564f60122f1d <unknown>
#17 0x7f6923a9bea7 <unknown>

[2022-06-16 21:51:07,003] {standard_task_runner.py:97} ERROR - Failed to execute job 198 for task price_test_scale-apple-iphone-x-64gb-space-grau_h_5143 ((psycopg2.OperationalError) could not translate host name "postgres_source" to address: Temporary failure in name resolution

(Background on this error at: http://sqlalche.me/e/14/e3q8); 13310)
[2022-06-16 21:51:44,177] {local_task_job.py:156} INFO - Task exited with return code 1
[2022-06-16 21:51:50,283] {taskinstance.py:1400} INFO - Marking task as UP_FOR_RETRY. dag_id=Job-price_test_scale, task_id=price_test_scale-apple-iphone-x-64gb-space-grau_h_5143, execution_date=20220616T184553, start_date=20220616T214358, end_date=20220616T215150
[2022-06-16 21:51:52,961] {local_task_job.py:273} INFO - 0 downstream tasks scheduled from follow-on schedule check
