[2022-06-16 12:33:41,456] {taskinstance.py:1159} INFO - Dependencies all met for <TaskInstance: Job-product_prices_testers.product_prices_testers scheduled__2022-06-16T08:09:33.783780+00:00 [queued]>
[2022-06-16 12:33:41,476] {taskinstance.py:1159} INFO - Dependencies all met for <TaskInstance: Job-product_prices_testers.product_prices_testers scheduled__2022-06-16T08:09:33.783780+00:00 [queued]>
[2022-06-16 12:33:41,477] {taskinstance.py:1356} INFO - 
--------------------------------------------------------------------------------
[2022-06-16 12:33:41,477] {taskinstance.py:1357} INFO - Starting attempt 3 of 6
[2022-06-16 12:33:41,477] {taskinstance.py:1358} INFO - 
--------------------------------------------------------------------------------
[2022-06-16 12:33:41,494] {taskinstance.py:1377} INFO - Executing <Task(PythonOperator): product_prices_testers> on 2022-06-16 08:09:33.783780+00:00
[2022-06-16 12:33:41,499] {standard_task_runner.py:52} INFO - Started process 11639 to run task
[2022-06-16 12:33:41,504] {standard_task_runner.py:79} INFO - Running: ['airflow', 'tasks', 'run', 'Job-product_prices_testers', 'product_prices_testers', 'scheduled__2022-06-16T08:09:33.783780+00:00', '--job-id', '178', '--raw', '--subdir', 'DAGS_FOLDER/docker_job/price_test.py', '--cfg-path', '/tmp/tmpqjtp0jz6', '--error-file', '/tmp/tmprbw2_rre']
[2022-06-16 12:33:41,504] {standard_task_runner.py:80} INFO - Job 178: Subtask product_prices_testers
[2022-06-16 12:33:41,541] {warnings.py:110} WARNING - /home/airflow/.local/lib/python3.7/site-packages/airflow/configuration.py:525: DeprecationWarning: The sql_alchemy_conn option in [core] has been moved to the sql_alchemy_conn option in [database] - the old setting has been used, but please update your config.
  option = self._get_environment_variables(deprecated_key, deprecated_section, key, section)

[2022-06-16 12:33:41,590] {task_command.py:370} INFO - Running <TaskInstance: Job-product_prices_testers.product_prices_testers scheduled__2022-06-16T08:09:33.783780+00:00 [running]> on host 3c1ac2e19971
[2022-06-16 12:33:41,681] {taskinstance.py:1571} INFO - Exporting the following env vars:
AIRFLOW_CTX_DAG_EMAIL=samuel.momoh-olle@asgoodasnew.com
AIRFLOW_CTX_DAG_OWNER=airflow
AIRFLOW_CTX_DAG_ID=Job-product_prices_testers
AIRFLOW_CTX_TASK_ID=product_prices_testers
AIRFLOW_CTX_EXECUTION_DATE=2022-06-16T08:09:33.783780+00:00
AIRFLOW_CTX_TRY_NUMBER=3
AIRFLOW_CTX_DAG_RUN_ID=scheduled__2022-06-16T08:09:33.783780+00:00
[2022-06-16 12:33:41,683] {logging_mixin.py:115} INFO - /opt/airflow
[2022-06-16 12:33:42,636] {logging_mixin.py:115} INFO - https://www.handyverkauf.net/apple-iphone-x-64gb-space-grau_h_5143
[2022-06-16 12:34:15,080] {logging_mixin.py:115} INFO - https://www.handyverkauf.net/apple-iphone-x-256gb-space-grau_h_5145
[2022-06-16 12:34:45,149] {logging_mixin.py:115} INFO - https://www.handyverkauf.net/apple-iphone-xs-64gb-space-grau_h_6242
[2022-06-16 12:35:15,279] {logging_mixin.py:115} INFO - https://www.handyverkauf.net/apple-iphone-xs-256gb-space-grau_h_6245
[2022-06-16 12:35:45,649] {logging_mixin.py:115} INFO - https://www.handyverkauf.net/apple-iphone-xs-512gb-space-grau_h_6248
[2022-06-16 12:36:17,235] {logging_mixin.py:115} INFO - https://www.handyverkauf.net/apple-iphone-xs-max-64gb-space-grau_h_6251
[2022-06-16 12:36:52,138] {logging_mixin.py:115} INFO - https://www.handyverkauf.net/apple-iphone-xs-max-256gb-space-grau_h_6254
[2022-06-16 12:38:45,036] {logging_mixin.py:115} INFO - https://www.handyverkauf.net/apple-iphone-xs-max-512gb-space-grau_h_6257
[2022-06-16 12:44:04,314] {logging_mixin.py:115} INFO - Message: unknown error: session deleted because of page crash
from unknown error: cannot determine loading status
from tab crashed
  (Session info: headless chrome=102.0.5005.115)
Stacktrace:
#0 0x562287778f33 <unknown>
#1 0x5622874c2faf <unknown>
#2 0x5622874adcda <unknown>
#3 0x5622874acc0f <unknown>
#4 0x5622874ad19c <unknown>
#5 0x5622874bb5ff <unknown>
#6 0x5622874bc162 <unknown>
#7 0x5622874ca24d <unknown>
#8 0x5622874cd66a <unknown>
#9 0x5622874ad5c6 <unknown>
#10 0x5622874c9f54 <unknown>
#11 0x56228752a6e8 <unknown>
#12 0x562287516e63 <unknown>
#13 0x5622874ec82a <unknown>
#14 0x5622874ed985 <unknown>
#15 0x5622877bd4cd <unknown>
#16 0x5622877c15ec <unknown>
#17 0x5622877a771e <unknown>
#18 0x5622877c2238 <unknown>
#19 0x56228779c870 <unknown>
#20 0x5622877de608 <unknown>
#21 0x5622877de788 <unknown>
#22 0x5622877f8f1d <unknown>
#23 0x7f4dc671eea7 <unknown>
[2022-06-16 12:44:06,008] {logging_mixin.py:115} INFO - https://www.handyverkauf.net/apple-iphone-xr-64gb-schwarz_h_6260
[2022-06-16 12:45:09,375] {taskinstance.py:1889} ERROR - Task failed with exception
Traceback (most recent call last):
  File "/home/airflow/.local/lib/python3.7/site-packages/airflow/operators/python.py", line 171, in execute
    return_value = self.execute_callable()
  File "/home/airflow/.local/lib/python3.7/site-packages/airflow/operators/python.py", line 189, in execute_callable
    return self.python_callable(*self.op_args, **self.op_kwargs)
  File "/opt/airflow/dags/docker_job/price_test.py", line 132, in run_from_class
    webdriver.Chrome(executable_path="dags/docker_job/chromedriver", options=options),
  File "/home/airflow/.local/lib/python3.7/site-packages/selenium/webdriver/chrome/webdriver.py", line 73, in __init__
    service_log_path, service, keep_alive)
  File "/home/airflow/.local/lib/python3.7/site-packages/selenium/webdriver/chromium/webdriver.py", line 98, in __init__
    options=options)
  File "/home/airflow/.local/lib/python3.7/site-packages/selenium/webdriver/remote/webdriver.py", line 275, in __init__
    self.start_session(capabilities, browser_profile)
  File "/home/airflow/.local/lib/python3.7/site-packages/selenium/webdriver/remote/webdriver.py", line 365, in start_session
    response = self.execute(Command.NEW_SESSION, parameters)
  File "/home/airflow/.local/lib/python3.7/site-packages/selenium/webdriver/remote/webdriver.py", line 430, in execute
    self.error_handler.check_response(response)
  File "/home/airflow/.local/lib/python3.7/site-packages/selenium/webdriver/remote/errorhandler.py", line 247, in check_response
    raise exception_class(message, screen, stacktrace)
selenium.common.exceptions.WebDriverException: Message: unknown error: DevToolsActivePort file doesn't exist
Stacktrace:
#0 0x55d146f4ff33 <unknown>
#1 0x55d146c9a118 <unknown>
#2 0x55d146cc0282 <unknown>
#3 0x55d146cbc7c6 <unknown>
#4 0x55d146cb8d5a <unknown>
#5 0x55d146cf3d3a <unknown>
#6 0x55d146cede63 <unknown>
#7 0x55d146cc382a <unknown>
#8 0x55d146cc4985 <unknown>
#9 0x55d146f944cd <unknown>
#10 0x55d146f985ec <unknown>
#11 0x55d146f7e71e <unknown>
#12 0x55d146f99238 <unknown>
#13 0x55d146f73870 <unknown>
#14 0x55d146fb5608 <unknown>
#15 0x55d146fb5788 <unknown>
#16 0x55d146fcff1d <unknown>
#17 0x7ffa68222ea7 <unknown>

[2022-06-16 12:45:09,877] {taskinstance.py:1400} INFO - Marking task as UP_FOR_RETRY. dag_id=Job-product_prices_testers, task_id=product_prices_testers, execution_date=20220616T080933, start_date=20220616T123341, end_date=20220616T124509
[2022-06-16 12:45:10,838] {standard_task_runner.py:97} ERROR - Failed to execute job 178 for task product_prices_testers (Message: unknown error: DevToolsActivePort file doesn't exist
Stacktrace:
#0 0x55d146f4ff33 <unknown>
#1 0x55d146c9a118 <unknown>
#2 0x55d146cc0282 <unknown>
#3 0x55d146cbc7c6 <unknown>
#4 0x55d146cb8d5a <unknown>
#5 0x55d146cf3d3a <unknown>
#6 0x55d146cede63 <unknown>
#7 0x55d146cc382a <unknown>
#8 0x55d146cc4985 <unknown>
#9 0x55d146f944cd <unknown>
#10 0x55d146f985ec <unknown>
#11 0x55d146f7e71e <unknown>
#12 0x55d146f99238 <unknown>
#13 0x55d146f73870 <unknown>
#14 0x55d146fb5608 <unknown>
#15 0x55d146fb5788 <unknown>
#16 0x55d146fcff1d <unknown>
#17 0x7ffa68222ea7 <unknown>
; 11639)
[2022-06-16 12:45:11,001] {local_task_job.py:156} INFO - Task exited with return code 1
[2022-06-16 12:45:12,264] {local_task_job.py:273} INFO - 0 downstream tasks scheduled from follow-on schedule check
