[2022-06-11 19:10:50,380] {taskinstance.py:1159} INFO - Dependencies all met for <TaskInstance: T-dbt-job-objects.dbt_clone_and_transform-objects manual__2022-06-11T19:10:49.159746+00:00 [queued]>
[2022-06-11 19:10:50,391] {taskinstance.py:1159} INFO - Dependencies all met for <TaskInstance: T-dbt-job-objects.dbt_clone_and_transform-objects manual__2022-06-11T19:10:49.159746+00:00 [queued]>
[2022-06-11 19:10:50,392] {taskinstance.py:1356} INFO - 
--------------------------------------------------------------------------------
[2022-06-11 19:10:50,392] {taskinstance.py:1357} INFO - Starting attempt 1 of 2
[2022-06-11 19:10:50,392] {taskinstance.py:1358} INFO - 
--------------------------------------------------------------------------------
[2022-06-11 19:10:50,405] {taskinstance.py:1377} INFO - Executing <Task(BashOperator): dbt_clone_and_transform-objects> on 2022-06-11 19:10:49.159746+00:00
[2022-06-11 19:10:50,410] {standard_task_runner.py:52} INFO - Started process 2130 to run task
[2022-06-11 19:10:50,413] {standard_task_runner.py:79} INFO - Running: ['airflow', 'tasks', 'run', 'T-dbt-job-objects', 'dbt_clone_and_transform-objects', 'manual__2022-06-11T19:10:49.159746+00:00', '--job-id', '119', '--raw', '--subdir', 'DAGS_FOLDER/docker_job/dbt_model.py', '--cfg-path', '/tmp/tmp3_x2l2pu', '--error-file', '/tmp/tmpl9owakmc']
[2022-06-11 19:10:50,414] {standard_task_runner.py:80} INFO - Job 119: Subtask dbt_clone_and_transform-objects
[2022-06-11 19:10:50,477] {task_command.py:370} INFO - Running <TaskInstance: T-dbt-job-objects.dbt_clone_and_transform-objects manual__2022-06-11T19:10:49.159746+00:00 [running]> on host d8836eb746ac
[2022-06-11 19:10:50,562] {taskinstance.py:1571} INFO - Exporting the following env vars:
AIRFLOW_CTX_DAG_EMAIL=samuelolle@yahoo.com
AIRFLOW_CTX_DAG_OWNER=airflow
AIRFLOW_CTX_DAG_ID=T-dbt-job-objects
AIRFLOW_CTX_TASK_ID=dbt_clone_and_transform-objects
AIRFLOW_CTX_EXECUTION_DATE=2022-06-11T19:10:49.159746+00:00
AIRFLOW_CTX_TRY_NUMBER=1
AIRFLOW_CTX_DAG_RUN_ID=manual__2022-06-11T19:10:49.159746+00:00
[2022-06-11 19:10:50,563] {subprocess.py:62} INFO - Tmp dir root location: 
 /tmp
[2022-06-11 19:10:50,564] {subprocess.py:74} INFO - Running command: ['bash', '-c', " rm -rf /tmp/objects && mkdir /tmp/objects                            && cp -r /tmp/dbt /tmp/objects/dbt                             && cd /tmp/objects/dbt && python3 -m venv venv                             && export PIP_USER=false                             && *** /tmp/objects/dbt/venv/bin/activate                             && pip  install --quiet --upgrade pip setuptools                             && pip3 install --quiet 'MarkupSafe<=2.0.1' 'dbt-postgres' 'dbt-core'                             && dbt --version && deactivate                             && cd /tmp/objects/dbt && *** /tmp/objects/dbt/venv/bin/activate                             && dbt deps --profiles-dir /tmp/objects/dbt/ && dbt seed --profiles-dir /tmp/objects/dbt/                             && dbt run --models objects --profiles-dir /tmp/objects/dbt/"]
[2022-06-11 19:10:50,575] {subprocess.py:85} INFO - Output:
[2022-06-11 19:11:24,637] {subprocess.py:92} INFO - Core:
[2022-06-11 19:11:24,638] {subprocess.py:92} INFO -   - installed: 1.1.0
[2022-06-11 19:11:24,638] {subprocess.py:92} INFO -   - latest:    1.1.0 - [32mUp to date![0m
[2022-06-11 19:11:24,638] {subprocess.py:92} INFO - 
[2022-06-11 19:11:24,638] {subprocess.py:92} INFO - Plugins:
[2022-06-11 19:11:24,638] {subprocess.py:92} INFO -   - postgres: 1.1.0 - [32mUp to date![0m
[2022-06-11 19:11:27,472] {subprocess.py:92} INFO - [0m19:11:27  Running with dbt=1.1.0
[2022-06-11 19:11:27,473] {subprocess.py:92} INFO - [0m19:11:27  Warning: No packages were found in packages.yml
[2022-06-11 19:11:30,347] {subprocess.py:92} INFO - [0m19:11:30  Running with dbt=1.1.0
[2022-06-11 19:11:30,360] {subprocess.py:92} INFO - [0m19:11:30  Partial parse save file not found. Starting full parse.
[2022-06-11 19:11:30,969] {subprocess.py:92} INFO - [0m19:11:30  [WARNING]: Configuration paths exist in your dbt_project.yml file which do not apply to any re***s.
[2022-06-11 19:11:30,969] {subprocess.py:92} INFO - There are 1 unused configuration paths:
[2022-06-11 19:11:30,969] {subprocess.py:92} INFO - - seeds.SAM
[2022-06-11 19:11:30,970] {subprocess.py:92} INFO - 
[2022-06-11 19:11:30,983] {subprocess.py:92} INFO - [0m19:11:30  Found 4 models, 6 tests, 0 snapshots, 0 analyses, 171 macros, 4 operations, 0 seed files, 4 ***s, 0 exposures, 0 metrics
[2022-06-11 19:11:30,985] {subprocess.py:92} INFO - [0m19:11:30
[2022-06-11 19:11:30,985] {subprocess.py:92} INFO - [0m19:11:30  [WARNING]: Nothing to do. Try checking your model configs and model specification args
[2022-06-11 19:11:30,990] {subprocess.py:92} INFO - [0m19:11:30
[2022-06-11 19:11:30,990] {subprocess.py:92} INFO - [0m19:11:30  Completed successfully
[2022-06-11 19:11:30,991] {subprocess.py:92} INFO - [0m19:11:30
[2022-06-11 19:11:30,991] {subprocess.py:92} INFO - [0m19:11:30  Done. PASS=0 WARN=0 ERROR=0 SKIP=0 TOTAL=0
[2022-06-11 19:11:33,871] {subprocess.py:92} INFO - [0m19:11:33  Running with dbt=1.1.0
[2022-06-11 19:11:33,904] {subprocess.py:92} INFO - [0m19:11:33  [WARNING]: Configuration paths exist in your dbt_project.yml file which do not apply to any re***s.
[2022-06-11 19:11:33,905] {subprocess.py:92} INFO - There are 1 unused configuration paths:
[2022-06-11 19:11:33,905] {subprocess.py:92} INFO - - seeds.SAM
[2022-06-11 19:11:33,905] {subprocess.py:92} INFO - 
[2022-06-11 19:11:33,917] {subprocess.py:92} INFO - [0m19:11:33  Found 4 models, 6 tests, 0 snapshots, 0 analyses, 171 macros, 4 operations, 0 seed files, 4 ***s, 0 exposures, 0 metrics
[2022-06-11 19:11:33,919] {subprocess.py:92} INFO - [0m19:11:33
[2022-06-11 19:11:33,982] {subprocess.py:92} INFO - [0m19:11:33  Concurrency: 4 threads (target='dev')
[2022-06-11 19:11:33,982] {subprocess.py:92} INFO - [0m19:11:33
[2022-06-11 19:11:33,996] {subprocess.py:92} INFO - [0m19:11:33  1 of 1 START table model analytics_objects.obj_walls ........................... [RUN]
[2022-06-11 19:11:34,068] {subprocess.py:92} INFO - [0m19:11:34  1 of 1 OK created table model analytics_objects.obj_walls ...................... [SELECT 36 in 0.07s]
[2022-06-11 19:11:34,097] {subprocess.py:92} INFO - [0m19:11:34
[2022-06-11 19:11:34,098] {subprocess.py:92} INFO - [0m19:11:34  Running 4 on-run-end hooks
[2022-06-11 19:11:34,103] {subprocess.py:92} INFO - [0m19:11:34  1 of 4 START hook: SAM.on-run-end.0 ............................................ [RUN]
[2022-06-11 19:11:34,105] {subprocess.py:92} INFO - [0m19:11:34  Database error while running on-run-end
[2022-06-11 19:11:34,106] {subprocess.py:92} INFO - [0m19:11:34  Encountered an error:
[2022-06-11 19:11:34,106] {subprocess.py:92} INFO - Database Error
[2022-06-11 19:11:34,106] {subprocess.py:92} INFO -   schema "analytics_object" does not exist
[2022-06-11 19:11:34,264] {subprocess.py:96} INFO - Command exited with return code 2
[2022-06-11 19:11:34,277] {taskinstance.py:1889} ERROR - Task failed with exception
Traceback (most recent call last):
  File "/home/airflow/.local/lib/python3.7/site-packages/airflow/operators/bash.py", line 195, in execute
    f'Bash command failed. The command returned a non-zero exit code {result.exit_code}.'
airflow.exceptions.AirflowException: Bash command failed. The command returned a non-zero exit code 2.
[2022-06-11 19:11:34,281] {taskinstance.py:1400} INFO - Marking task as UP_FOR_RETRY. dag_id=T-dbt-job-objects, task_id=dbt_clone_and_transform-objects, execution_date=20220611T191049, start_date=20220611T191050, end_date=20220611T191134
[2022-06-11 19:11:34,295] {standard_task_runner.py:97} ERROR - Failed to execute job 119 for task dbt_clone_and_transform-objects (Bash command failed. The command returned a non-zero exit code 2.; 2130)
[2022-06-11 19:11:34,317] {local_task_job.py:156} INFO - Task exited with return code 1
[2022-06-11 19:11:34,347] {local_task_job.py:273} INFO - 0 downstream tasks scheduled from follow-on schedule check
