[2022-06-11 19:15:00,745] {taskinstance.py:1159} INFO - Dependencies all met for <TaskInstance: T-dbt-job-objects.dbt_clone_and_transform-objects manual__2022-06-11T19:10:49.159746+00:00 [queued]>
[2022-06-11 19:15:00,756] {taskinstance.py:1159} INFO - Dependencies all met for <TaskInstance: T-dbt-job-objects.dbt_clone_and_transform-objects manual__2022-06-11T19:10:49.159746+00:00 [queued]>
[2022-06-11 19:15:00,756] {taskinstance.py:1356} INFO - 
--------------------------------------------------------------------------------
[2022-06-11 19:15:00,756] {taskinstance.py:1357} INFO - Starting attempt 3 of 4
[2022-06-11 19:15:00,756] {taskinstance.py:1358} INFO - 
--------------------------------------------------------------------------------
[2022-06-11 19:15:00,771] {taskinstance.py:1377} INFO - Executing <Task(BashOperator): dbt_clone_and_transform-objects> on 2022-06-11 19:10:49.159746+00:00
[2022-06-11 19:15:00,776] {standard_task_runner.py:52} INFO - Started process 137 to run task
[2022-06-11 19:15:00,779] {standard_task_runner.py:79} INFO - Running: ['airflow', 'tasks', 'run', 'T-dbt-job-objects', 'dbt_clone_and_transform-objects', 'manual__2022-06-11T19:10:49.159746+00:00', '--job-id', '122', '--raw', '--subdir', 'DAGS_FOLDER/docker_job/dbt_model.py', '--cfg-path', '/tmp/tmpa240_oii', '--error-file', '/tmp/tmp6dgd12ju']
[2022-06-11 19:15:00,780] {standard_task_runner.py:80} INFO - Job 122: Subtask dbt_clone_and_transform-objects
[2022-06-11 19:15:00,835] {task_command.py:370} INFO - Running <TaskInstance: T-dbt-job-objects.dbt_clone_and_transform-objects manual__2022-06-11T19:10:49.159746+00:00 [running]> on host 5fcc11f3c42b
[2022-06-11 19:15:00,902] {taskinstance.py:1571} INFO - Exporting the following env vars:
AIRFLOW_CTX_DAG_EMAIL=samuelolle@yahoo.com
AIRFLOW_CTX_DAG_OWNER=airflow
AIRFLOW_CTX_DAG_ID=T-dbt-job-objects
AIRFLOW_CTX_TASK_ID=dbt_clone_and_transform-objects
AIRFLOW_CTX_EXECUTION_DATE=2022-06-11T19:10:49.159746+00:00
AIRFLOW_CTX_TRY_NUMBER=3
AIRFLOW_CTX_DAG_RUN_ID=manual__2022-06-11T19:10:49.159746+00:00
[2022-06-11 19:15:00,903] {subprocess.py:62} INFO - Tmp dir root location: 
 /tmp
[2022-06-11 19:15:00,904] {subprocess.py:74} INFO - Running command: ['bash', '-c', " rm -rf /tmp/objects && mkdir /tmp/objects                            && cp -r /tmp/dbt /tmp/objects/dbt                             && cd /tmp/objects/dbt && python3 -m venv venv                             && export PIP_USER=false                             && *** /tmp/objects/dbt/venv/bin/activate                             && pip  install --quiet --upgrade pip setuptools                             && pip3 install --quiet 'MarkupSafe<=2.0.1' 'dbt-postgres' 'dbt-core'                             && dbt --version && deactivate                             && cd /tmp/objects/dbt && *** /tmp/objects/dbt/venv/bin/activate                             && dbt deps --profiles-dir /tmp/objects/dbt/ && dbt seed --profiles-dir /tmp/objects/dbt/                             && dbt run --models objects --profiles-dir /tmp/objects/dbt/"]
[2022-06-11 19:15:00,915] {subprocess.py:85} INFO - Output:
[2022-06-11 19:15:35,052] {subprocess.py:92} INFO - Core:
[2022-06-11 19:15:35,053] {subprocess.py:92} INFO -   - installed: 1.1.0
[2022-06-11 19:15:35,053] {subprocess.py:92} INFO -   - latest:    1.1.0 - [32mUp to date![0m
[2022-06-11 19:15:35,053] {subprocess.py:92} INFO - 
[2022-06-11 19:15:35,053] {subprocess.py:92} INFO - Plugins:
[2022-06-11 19:15:35,053] {subprocess.py:92} INFO -   - postgres: 1.1.0 - [32mUp to date![0m
[2022-06-11 19:15:38,278] {subprocess.py:92} INFO - [0m19:15:38  Running with dbt=1.1.0
[2022-06-11 19:15:38,279] {subprocess.py:92} INFO - [0m19:15:38  Warning: No packages were found in packages.yml
[2022-06-11 19:15:41,272] {subprocess.py:92} INFO - [0m19:15:41  Running with dbt=1.1.0
[2022-06-11 19:15:41,286] {subprocess.py:92} INFO - [0m19:15:41  Partial parse save file not found. Starting full parse.
[2022-06-11 19:15:41,892] {subprocess.py:92} INFO - [0m19:15:41  [WARNING]: Configuration paths exist in your dbt_project.yml file which do not apply to any re***s.
[2022-06-11 19:15:41,892] {subprocess.py:92} INFO - There are 1 unused configuration paths:
[2022-06-11 19:15:41,892] {subprocess.py:92} INFO - - seeds.SAM
[2022-06-11 19:15:41,893] {subprocess.py:92} INFO - 
[2022-06-11 19:15:41,905] {subprocess.py:92} INFO - [0m19:15:41  Found 4 models, 6 tests, 0 snapshots, 0 analyses, 171 macros, 4 operations, 0 seed files, 4 ***s, 0 exposures, 0 metrics
[2022-06-11 19:15:41,907] {subprocess.py:92} INFO - [0m19:15:41
[2022-06-11 19:15:41,907] {subprocess.py:92} INFO - [0m19:15:41  [WARNING]: Nothing to do. Try checking your model configs and model specification args
[2022-06-11 19:15:41,912] {subprocess.py:92} INFO - [0m19:15:41
[2022-06-11 19:15:41,912] {subprocess.py:92} INFO - [0m19:15:41  Completed successfully
[2022-06-11 19:15:41,913] {subprocess.py:92} INFO - [0m19:15:41
[2022-06-11 19:15:41,913] {subprocess.py:92} INFO - [0m19:15:41  Done. PASS=0 WARN=0 ERROR=0 SKIP=0 TOTAL=0
[2022-06-11 19:15:44,931] {subprocess.py:92} INFO - [0m19:15:44  Running with dbt=1.1.0
[2022-06-11 19:15:44,972] {subprocess.py:92} INFO - [0m19:15:44  [WARNING]: Configuration paths exist in your dbt_project.yml file which do not apply to any re***s.
[2022-06-11 19:15:44,972] {subprocess.py:92} INFO - There are 1 unused configuration paths:
[2022-06-11 19:15:44,972] {subprocess.py:92} INFO - - seeds.SAM
[2022-06-11 19:15:44,972] {subprocess.py:92} INFO - 
[2022-06-11 19:15:44,986] {subprocess.py:92} INFO - [0m19:15:44  Found 4 models, 6 tests, 0 snapshots, 0 analyses, 171 macros, 4 operations, 0 seed files, 4 ***s, 0 exposures, 0 metrics
[2022-06-11 19:15:44,989] {subprocess.py:92} INFO - [0m19:15:44
[2022-06-11 19:15:45,061] {subprocess.py:92} INFO - [0m19:15:45  Concurrency: 4 threads (target='dev')
[2022-06-11 19:15:45,061] {subprocess.py:92} INFO - [0m19:15:45
[2022-06-11 19:15:45,070] {subprocess.py:92} INFO - [0m19:15:45  1 of 1 START table model analytics_objects.obj_walls ........................... [RUN]
[2022-06-11 19:15:45,158] {subprocess.py:92} INFO - [0m19:15:45  1 of 1 OK created table model analytics_objects.obj_walls ...................... [SELECT 36 in 0.09s]
[2022-06-11 19:15:45,176] {subprocess.py:92} INFO - [0m19:15:45
[2022-06-11 19:15:45,176] {subprocess.py:92} INFO - [0m19:15:45  Running 4 on-run-end hooks
[2022-06-11 19:15:45,183] {subprocess.py:92} INFO - [0m19:15:45  1 of 4 START hook: SAM.on-run-end.0 ............................................ [RUN]
[2022-06-11 19:15:45,186] {subprocess.py:92} INFO - [0m19:15:45  Database error while running on-run-end
[2022-06-11 19:15:45,188] {subprocess.py:92} INFO - [0m19:15:45  Encountered an error:
[2022-06-11 19:15:45,188] {subprocess.py:92} INFO - Database Error
[2022-06-11 19:15:45,188] {subprocess.py:92} INFO -   schema "analytics_object" does not exist
[2022-06-11 19:15:45,377] {subprocess.py:96} INFO - Command exited with return code 2
[2022-06-11 19:15:45,393] {taskinstance.py:1889} ERROR - Task failed with exception
Traceback (most recent call last):
  File "/home/airflow/.local/lib/python3.7/site-packages/airflow/operators/bash.py", line 195, in execute
    f'Bash command failed. The command returned a non-zero exit code {result.exit_code}.'
airflow.exceptions.AirflowException: Bash command failed. The command returned a non-zero exit code 2.
[2022-06-11 19:15:45,396] {taskinstance.py:1400} INFO - Marking task as UP_FOR_RETRY. dag_id=T-dbt-job-objects, task_id=dbt_clone_and_transform-objects, execution_date=20220611T191049, start_date=20220611T191500, end_date=20220611T191545
[2022-06-11 19:15:45,407] {standard_task_runner.py:97} ERROR - Failed to execute job 122 for task dbt_clone_and_transform-objects (Bash command failed. The command returned a non-zero exit code 2.; 137)
[2022-06-11 19:15:45,439] {local_task_job.py:156} INFO - Task exited with return code 1
[2022-06-11 19:15:45,470] {local_task_job.py:273} INFO - 0 downstream tasks scheduled from follow-on schedule check
