[2022-06-18 09:17:35,482] {taskinstance.py:1159} INFO - Dependencies all met for <TaskInstance: Job-price_test_scale.price_test_scale-apple-iphone-xs-256gb-space-grau_h_6245 scheduled__2022-06-17T22:42:09.574729+00:00 [queued]>
[2022-06-18 09:17:35,776] {taskinstance.py:1159} INFO - Dependencies all met for <TaskInstance: Job-price_test_scale.price_test_scale-apple-iphone-xs-256gb-space-grau_h_6245 scheduled__2022-06-17T22:42:09.574729+00:00 [queued]>
[2022-06-18 09:17:35,777] {taskinstance.py:1356} INFO - 
--------------------------------------------------------------------------------
[2022-06-18 09:17:35,777] {taskinstance.py:1357} INFO - Starting attempt 1 of 6
[2022-06-18 09:17:35,777] {taskinstance.py:1358} INFO - 
--------------------------------------------------------------------------------
[2022-06-18 09:17:35,911] {taskinstance.py:1377} INFO - Executing <Task(PythonOperator): price_test_scale-apple-iphone-xs-256gb-space-grau_h_6245> on 2022-06-17 22:42:09.574729+00:00
[2022-06-18 09:17:36,108] {standard_task_runner.py:79} INFO - Running: ['airflow', 'tasks', 'run', 'Job-price_test_scale', 'price_test_scale-apple-iphone-xs-256gb-space-grau_h_6245', 'scheduled__2022-06-17T22:42:09.574729+00:00', '--job-id', '399', '--raw', '--subdir', 'DAGS_FOLDER/docker_job/price_test_scale.py', '--cfg-path', '/tmp/tmph3go59ni', '--error-file', '/tmp/tmpjclnu4xv']
[2022-06-18 09:17:36,114] {standard_task_runner.py:80} INFO - Job 399: Subtask price_test_scale-apple-iphone-xs-256gb-space-grau_h_6245
[2022-06-18 09:17:36,100] {standard_task_runner.py:52} INFO - Started process 3356 to run task
[2022-06-18 09:17:37,010] {warnings.py:110} WARNING - /home/airflow/.local/lib/python3.7/site-packages/airflow/configuration.py:525: DeprecationWarning: The sql_alchemy_conn option in [core] has been moved to the sql_alchemy_conn option in [database] - the old setting has been used, but please update your config.
  option = self._get_environment_variables(deprecated_key, deprecated_section, key, section)

[2022-06-18 09:17:37,620] {task_command.py:370} INFO - Running <TaskInstance: Job-price_test_scale.price_test_scale-apple-iphone-xs-256gb-space-grau_h_6245 scheduled__2022-06-17T22:42:09.574729+00:00 [running]> on host 3c1ac2e19971
[2022-06-18 09:17:39,325] {taskinstance.py:1571} INFO - Exporting the following env vars:
AIRFLOW_CTX_DAG_EMAIL=samuel.momoh-olle@asgoodasnew.com
AIRFLOW_CTX_DAG_OWNER=airflow
AIRFLOW_CTX_DAG_ID=Job-price_test_scale
AIRFLOW_CTX_TASK_ID=price_test_scale-apple-iphone-xs-256gb-space-grau_h_6245
AIRFLOW_CTX_EXECUTION_DATE=2022-06-17T22:42:09.574729+00:00
AIRFLOW_CTX_TRY_NUMBER=1
AIRFLOW_CTX_DAG_RUN_ID=scheduled__2022-06-17T22:42:09.574729+00:00
[2022-06-18 09:17:39,673] {logging_mixin.py:115} INFO - /opt/airflow
[2022-06-18 09:19:31,125] {logging_mixin.py:115} INFO - https://www.handyverkauf.net/apple-iphone-xs-256gb-space-grau_h_6245
[2022-06-18 09:21:38,545] {taskinstance.py:1889} ERROR - Task failed with exception
Traceback (most recent call last):
  File "/home/airflow/.local/lib/python3.7/site-packages/airflow/operators/python.py", line 171, in execute
    return_value = self.execute_callable()
  File "/home/airflow/.local/lib/python3.7/site-packages/airflow/operators/python.py", line 189, in execute_callable
    return self.python_callable(*self.op_args, **self.op_kwargs)
  File "/opt/airflow/dags/docker_job/price_test_scale.py", line 132, in run_from_class
    webdriver.Chrome(executable_path="dags/docker_job/chromedriver", options=options),
  File "/home/airflow/.local/lib/python3.7/site-packages/selenium/webdriver/chrome/webdriver.py", line 73, in __init__
    service_log_path, service, keep_alive)
  File "/home/airflow/.local/lib/python3.7/site-packages/selenium/webdriver/chromium/webdriver.py", line 98, in __init__
    options=options)
  File "/home/airflow/.local/lib/python3.7/site-packages/selenium/webdriver/remote/webdriver.py", line 275, in __init__
    self.start_session(capabilities, browser_profile)
  File "/home/airflow/.local/lib/python3.7/site-packages/selenium/webdriver/remote/webdriver.py", line 365, in start_session
    response = self.execute(Command.NEW_SESSION, parameters)
  File "/home/airflow/.local/lib/python3.7/site-packages/selenium/webdriver/remote/webdriver.py", line 430, in execute
    self.error_handler.check_response(response)
  File "/home/airflow/.local/lib/python3.7/site-packages/selenium/webdriver/remote/errorhandler.py", line 247, in check_response
    raise exception_class(message, screen, stacktrace)
selenium.common.exceptions.SessionNotCreatedException: Message: session not created
from tab crashed
  (Session info: headless chrome=102.0.5005.115)
Stacktrace:
#0 0x55804a22ef33 <unknown>
#1 0x558049f78faf <unknown>
#2 0x558049f63cda <unknown>
#3 0x558049f62c0f <unknown>
#4 0x558049f63042 <unknown>
#5 0x558049f62501 <unknown>
#6 0x558049f6bc49 <unknown>
#7 0x558049f624a3 <unknown>
#8 0x558049f639d9 <unknown>
#9 0x558049f62c0f <unknown>
#10 0x558049f6319c <unknown>
#11 0x558049f630f4 <unknown>
#12 0x558049f6a152 <unknown>
#13 0x558049f6a02e <unknown>
#14 0x558049f624a3 <unknown>
#15 0x558049f639d9 <unknown>
#16 0x558049f62c0f <unknown>
#17 0x558049f63042 <unknown>
#18 0x558049f62501 <unknown>
#19 0x558049f5d14a <unknown>
#20 0x558049f624a3 <unknown>
#21 0x558049f623bb <unknown>
#22 0x558049f61e40 <unknown>
#23 0x558049f7a522 <unknown>
#24 0x558049fd41a9 <unknown>
#25 0x558049fcce63 <unknown>
#26 0x558049fa282a <unknown>
#27 0x558049fa3985 <unknown>
#28 0x55804a2734cd <unknown>
#29 0x55804a2775ec <unknown>
#30 0x55804a25d71e <unknown>
#31 0x55804a278238 <unknown>
#32 0x55804a252870 <unknown>
#33 0x55804a294608 <unknown>
#34 0x55804a294788 <unknown>
#35 0x55804a2aef1d <unknown>
#36 0x7fbef0014ea7 <unknown>

[2022-06-18 09:21:38,999] {taskinstance.py:1400} INFO - Marking task as UP_FOR_RETRY. dag_id=Job-price_test_scale, task_id=price_test_scale-apple-iphone-xs-256gb-space-grau_h_6245, execution_date=20220617T224209, start_date=20220618T091735, end_date=20220618T092138
[2022-06-18 09:21:39,094] {standard_task_runner.py:97} ERROR - Failed to execute job 399 for task price_test_scale-apple-iphone-xs-256gb-space-grau_h_6245 (Message: session not created
from tab crashed
  (Session info: headless chrome=102.0.5005.115)
Stacktrace:
#0 0x55804a22ef33 <unknown>
#1 0x558049f78faf <unknown>
#2 0x558049f63cda <unknown>
#3 0x558049f62c0f <unknown>
#4 0x558049f63042 <unknown>
#5 0x558049f62501 <unknown>
#6 0x558049f6bc49 <unknown>
#7 0x558049f624a3 <unknown>
#8 0x558049f639d9 <unknown>
#9 0x558049f62c0f <unknown>
#10 0x558049f6319c <unknown>
#11 0x558049f630f4 <unknown>
#12 0x558049f6a152 <unknown>
#13 0x558049f6a02e <unknown>
#14 0x558049f624a3 <unknown>
#15 0x558049f639d9 <unknown>
#16 0x558049f62c0f <unknown>
#17 0x558049f63042 <unknown>
#18 0x558049f62501 <unknown>
#19 0x558049f5d14a <unknown>
#20 0x558049f624a3 <unknown>
#21 0x558049f623bb <unknown>
#22 0x558049f61e40 <unknown>
#23 0x558049f7a522 <unknown>
#24 0x558049fd41a9 <unknown>
#25 0x558049fcce63 <unknown>
#26 0x558049fa282a <unknown>
#27 0x558049fa3985 <unknown>
#28 0x55804a2734cd <unknown>
#29 0x55804a2775ec <unknown>
#30 0x55804a25d71e <unknown>
#31 0x55804a278238 <unknown>
#32 0x55804a252870 <unknown>
#33 0x55804a294608 <unknown>
#34 0x55804a294788 <unknown>
#35 0x55804a2aef1d <unknown>
#36 0x7fbef0014ea7 <unknown>
; 3356)
[2022-06-18 09:21:39,129] {local_task_job.py:156} INFO - Task exited with return code 1
[2022-06-18 09:21:40,320] {local_task_job.py:273} INFO - 0 downstream tasks scheduled from follow-on schedule check
