[2022-06-18 08:59:14,475] {taskinstance.py:1159} INFO - Dependencies all met for <TaskInstance: Job-pts.pts-Papple-iphone-xs-max-64gb-space-grau_h_6251 scheduled__2022-06-17T22:40:58.837877+00:00 [queued]>
[2022-06-18 08:59:14,503] {taskinstance.py:1159} INFO - Dependencies all met for <TaskInstance: Job-pts.pts-Papple-iphone-xs-max-64gb-space-grau_h_6251 scheduled__2022-06-17T22:40:58.837877+00:00 [queued]>
[2022-06-18 08:59:14,504] {taskinstance.py:1356} INFO - 
--------------------------------------------------------------------------------
[2022-06-18 08:59:14,504] {taskinstance.py:1357} INFO - Starting attempt 2 of 6
[2022-06-18 08:59:14,504] {taskinstance.py:1358} INFO - 
--------------------------------------------------------------------------------
[2022-06-18 08:59:14,946] {taskinstance.py:1377} INFO - Executing <Task(PythonOperator): pts-Papple-iphone-xs-max-64gb-space-grau_h_6251> on 2022-06-17 22:40:58.837877+00:00
[2022-06-18 08:59:14,992] {standard_task_runner.py:52} INFO - Started process 3183 to run task
[2022-06-18 08:59:15,001] {standard_task_runner.py:79} INFO - Running: ['airflow', 'tasks', 'run', 'Job-pts', 'pts-Papple-iphone-xs-max-64gb-space-grau_h_6251', 'scheduled__2022-06-17T22:40:58.837877+00:00', '--job-id', '377', '--raw', '--subdir', 'DAGS_FOLDER/docker_job/price_scale.py', '--cfg-path', '/tmp/tmphtlf5f6_', '--error-file', '/tmp/tmpfmnq6ir4']
[2022-06-18 08:59:15,001] {standard_task_runner.py:80} INFO - Job 377: Subtask pts-Papple-iphone-xs-max-64gb-space-grau_h_6251
[2022-06-18 08:59:15,562] {warnings.py:110} WARNING - /home/airflow/.local/lib/python3.7/site-packages/airflow/configuration.py:525: DeprecationWarning: The sql_alchemy_conn option in [core] has been moved to the sql_alchemy_conn option in [database] - the old setting has been used, but please update your config.
  option = self._get_environment_variables(deprecated_key, deprecated_section, key, section)

[2022-06-18 08:59:17,642] {task_command.py:370} INFO - Running <TaskInstance: Job-pts.pts-Papple-iphone-xs-max-64gb-space-grau_h_6251 scheduled__2022-06-17T22:40:58.837877+00:00 [running]> on host 2d9e52ec85d2
[2022-06-18 09:00:56,455] {taskinstance.py:1571} INFO - Exporting the following env vars:
AIRFLOW_CTX_DAG_EMAIL=samuel.momoh-olle@asgoodasnew.com
AIRFLOW_CTX_DAG_OWNER=airflow
AIRFLOW_CTX_DAG_ID=Job-pts
AIRFLOW_CTX_TASK_ID=pts-Papple-iphone-xs-max-64gb-space-grau_h_6251
AIRFLOW_CTX_EXECUTION_DATE=2022-06-17T22:40:58.837877+00:00
AIRFLOW_CTX_TRY_NUMBER=2
AIRFLOW_CTX_DAG_RUN_ID=scheduled__2022-06-17T22:40:58.837877+00:00
[2022-06-18 09:03:53,035] {taskinstance.py:1889} ERROR - Task failed with exception
Traceback (most recent call last):
  File "/home/airflow/.local/lib/python3.7/site-packages/airflow/operators/python.py", line 171, in execute
    return_value = self.execute_callable()
  File "/home/airflow/.local/lib/python3.7/site-packages/airflow/operators/python.py", line 189, in execute_callable
    return self.python_callable(*self.op_args, **self.op_kwargs)
  File "/opt/airflow/dags/docker_job/price_scale.py", line 115, in test
    ppd = ProductPriceData(driver=webdriver.Chrome(executable_path="dags/docker_job/chromedriver", options=options))
  File "/home/airflow/.local/lib/python3.7/site-packages/selenium/webdriver/chrome/webdriver.py", line 73, in __init__
    service_log_path, service, keep_alive)
  File "/home/airflow/.local/lib/python3.7/site-packages/selenium/webdriver/chromium/webdriver.py", line 98, in __init__
    options=options)
  File "/home/airflow/.local/lib/python3.7/site-packages/selenium/webdriver/remote/webdriver.py", line 275, in __init__
    self.start_session(capabilities, browser_profile)
  File "/home/airflow/.local/lib/python3.7/site-packages/selenium/webdriver/remote/webdriver.py", line 365, in start_session
    response = self.execute(Command.NEW_SESSION, parameters)
  File "/home/airflow/.local/lib/python3.7/site-packages/selenium/webdriver/remote/webdriver.py", line 430, in execute
    self.error_handler.check_response(response)
  File "/home/airflow/.local/lib/python3.7/site-packages/selenium/webdriver/remote/errorhandler.py", line 247, in check_response
    raise exception_class(message, screen, stacktrace)
selenium.common.exceptions.WebDriverException: Message: chrome not reachable
Stacktrace:
#0 0x55cd5bc81f33 <unknown>
#1 0x55cd5b9cbfaf <unknown>
#2 0x55cd5b9ba209 <unknown>
#3 0x55cd5b9f2a79 <unknown>
#4 0x55cd5b9ee9d0 <unknown>
#5 0x55cd5b9ead5a <unknown>
#6 0x55cd5ba25d3a <unknown>
#7 0x55cd5ba1fe63 <unknown>
#8 0x55cd5b9f582a <unknown>
#9 0x55cd5b9f6985 <unknown>
#10 0x55cd5bcc64cd <unknown>
#11 0x55cd5bcca5ec <unknown>
#12 0x55cd5bcb071e <unknown>
#13 0x55cd5bccb238 <unknown>
#14 0x55cd5bca5870 <unknown>
#15 0x55cd5bce7608 <unknown>
#16 0x55cd5bce7788 <unknown>
#17 0x55cd5bd01f1d <unknown>
#18 0x7f27ef121ea7 <unknown>

[2022-06-18 09:03:53,179] {taskinstance.py:1400} INFO - Marking task as UP_FOR_RETRY. dag_id=Job-pts, task_id=pts-Papple-iphone-xs-max-64gb-space-grau_h_6251, execution_date=20220617T224058, start_date=20220618T085914, end_date=20220618T090353
[2022-06-18 09:03:53,235] {standard_task_runner.py:97} ERROR - Failed to execute job 377 for task pts-Papple-iphone-xs-max-64gb-space-grau_h_6251 (Message: chrome not reachable
Stacktrace:
#0 0x55cd5bc81f33 <unknown>
#1 0x55cd5b9cbfaf <unknown>
#2 0x55cd5b9ba209 <unknown>
#3 0x55cd5b9f2a79 <unknown>
#4 0x55cd5b9ee9d0 <unknown>
#5 0x55cd5b9ead5a <unknown>
#6 0x55cd5ba25d3a <unknown>
#7 0x55cd5ba1fe63 <unknown>
#8 0x55cd5b9f582a <unknown>
#9 0x55cd5b9f6985 <unknown>
#10 0x55cd5bcc64cd <unknown>
#11 0x55cd5bcca5ec <unknown>
#12 0x55cd5bcb071e <unknown>
#13 0x55cd5bccb238 <unknown>
#14 0x55cd5bca5870 <unknown>
#15 0x55cd5bce7608 <unknown>
#16 0x55cd5bce7788 <unknown>
#17 0x55cd5bd01f1d <unknown>
#18 0x7f27ef121ea7 <unknown>
; 3183)
[2022-06-18 09:03:53,269] {local_task_job.py:156} INFO - Task exited with return code 1
[2022-06-18 09:03:53,349] {local_task_job.py:273} INFO - 0 downstream tasks scheduled from follow-on schedule check
