[2022-06-18 09:03:54,658] {taskinstance.py:1159} INFO - Dependencies all met for <TaskInstance: Job-pts.pts-Papple-iphone-xs-max-256gb-space-grau_h_6254 scheduled__2022-06-18T06:17:49.350366+00:00 [queued]>
[2022-06-18 09:03:54,838] {taskinstance.py:1159} INFO - Dependencies all met for <TaskInstance: Job-pts.pts-Papple-iphone-xs-max-256gb-space-grau_h_6254 scheduled__2022-06-18T06:17:49.350366+00:00 [queued]>
[2022-06-18 09:03:54,838] {taskinstance.py:1356} INFO - 
--------------------------------------------------------------------------------
[2022-06-18 09:03:54,838] {taskinstance.py:1357} INFO - Starting attempt 2 of 6
[2022-06-18 09:03:54,838] {taskinstance.py:1358} INFO - 
--------------------------------------------------------------------------------
[2022-06-18 09:03:57,122] {taskinstance.py:1377} INFO - Executing <Task(PythonOperator): pts-Papple-iphone-xs-max-256gb-space-grau_h_6254> on 2022-06-18 06:17:49.350366+00:00
[2022-06-18 09:03:58,084] {standard_task_runner.py:79} INFO - Running: ['airflow', 'tasks', 'run', 'Job-pts', 'pts-Papple-iphone-xs-max-256gb-space-grau_h_6254', 'scheduled__2022-06-18T06:17:49.350366+00:00', '--job-id', '380', '--raw', '--subdir', 'DAGS_FOLDER/docker_job/price_scale.py', '--cfg-path', '/tmp/tmpevx72toz', '--error-file', '/tmp/tmp4qlkqoix']
[2022-06-18 09:03:58,037] {standard_task_runner.py:52} INFO - Started process 3475 to run task
[2022-06-18 09:03:58,756] {standard_task_runner.py:80} INFO - Job 380: Subtask pts-Papple-iphone-xs-max-256gb-space-grau_h_6254
[2022-06-18 09:04:42,437] {warnings.py:110} WARNING - /home/airflow/.local/lib/python3.7/site-packages/airflow/configuration.py:525: DeprecationWarning: The sql_alchemy_conn option in [core] has been moved to the sql_alchemy_conn option in [database] - the old setting has been used, but please update your config.
  option = self._get_environment_variables(deprecated_key, deprecated_section, key, section)

[2022-06-18 09:05:31,865] {task_command.py:370} INFO - Running <TaskInstance: Job-pts.pts-Papple-iphone-xs-max-256gb-space-grau_h_6254 scheduled__2022-06-18T06:17:49.350366+00:00 [running]> on host 2d9e52ec85d2
[2022-06-18 09:05:33,656] {taskinstance.py:1571} INFO - Exporting the following env vars:
AIRFLOW_CTX_DAG_EMAIL=samuel.momoh-olle@asgoodasnew.com
AIRFLOW_CTX_DAG_OWNER=airflow
AIRFLOW_CTX_DAG_ID=Job-pts
AIRFLOW_CTX_TASK_ID=pts-Papple-iphone-xs-max-256gb-space-grau_h_6254
AIRFLOW_CTX_EXECUTION_DATE=2022-06-18T06:17:49.350366+00:00
AIRFLOW_CTX_TRY_NUMBER=2
AIRFLOW_CTX_DAG_RUN_ID=scheduled__2022-06-18T06:17:49.350366+00:00
[2022-06-18 09:06:36,670] {taskinstance.py:1889} ERROR - Task failed with exception
Traceback (most recent call last):
  File "/home/airflow/.local/lib/python3.7/site-packages/airflow/operators/python.py", line 171, in execute
    return_value = self.execute_callable()
  File "/home/airflow/.local/lib/python3.7/site-packages/airflow/operators/python.py", line 189, in execute_callable
    return self.python_callable(*self.op_args, **self.op_kwargs)
  File "/opt/airflow/dags/docker_job/price_scale.py", line 115, in test
    ppd = ProductPriceData(driver=webdriver.Chrome(executable_path="dags/docker_job/chromedriver", options=options))
  File "/home/airflow/.local/lib/python3.7/site-packages/selenium/webdriver/chrome/webdriver.py", line 73, in __init__
    service_log_path, service, keep_alive)
  File "/home/airflow/.local/lib/python3.7/site-packages/selenium/webdriver/chromium/webdriver.py", line 98, in __init__
    options=options)
  File "/home/airflow/.local/lib/python3.7/site-packages/selenium/webdriver/remote/webdriver.py", line 275, in __init__
    self.start_session(capabilities, browser_profile)
  File "/home/airflow/.local/lib/python3.7/site-packages/selenium/webdriver/remote/webdriver.py", line 365, in start_session
    response = self.execute(Command.NEW_SESSION, parameters)
  File "/home/airflow/.local/lib/python3.7/site-packages/selenium/webdriver/remote/webdriver.py", line 430, in execute
    self.error_handler.check_response(response)
  File "/home/airflow/.local/lib/python3.7/site-packages/selenium/webdriver/remote/errorhandler.py", line 247, in check_response
    raise exception_class(message, screen, stacktrace)
selenium.common.exceptions.WebDriverException: Message: unknown error: DevToolsActivePort file doesn't exist
Stacktrace:
#0 0x5596ce81af33 <unknown>
#1 0x5596ce565118 <unknown>
#2 0x5596ce58b282 <unknown>
#3 0x5596ce5877c6 <unknown>
#4 0x5596ce583d5a <unknown>
#5 0x5596ce5bed3a <unknown>
#6 0x5596ce5b8e63 <unknown>
#7 0x5596ce58e82a <unknown>
#8 0x5596ce58f985 <unknown>
#9 0x5596ce85f4cd <unknown>
#10 0x5596ce8635ec <unknown>
#11 0x5596ce84971e <unknown>
#12 0x5596ce864238 <unknown>
#13 0x5596ce83e870 <unknown>
#14 0x5596ce880608 <unknown>
#15 0x5596ce880788 <unknown>
#16 0x5596ce89af1d <unknown>
#17 0x7fcbefa05ea7 <unknown>

[2022-06-18 09:06:37,517] {taskinstance.py:1400} INFO - Marking task as UP_FOR_RETRY. dag_id=Job-pts, task_id=pts-Papple-iphone-xs-max-256gb-space-grau_h_6254, execution_date=20220618T061749, start_date=20220618T090354, end_date=20220618T090637
[2022-06-18 09:06:37,689] {standard_task_runner.py:97} ERROR - Failed to execute job 380 for task pts-Papple-iphone-xs-max-256gb-space-grau_h_6254 (Message: unknown error: DevToolsActivePort file doesn't exist
Stacktrace:
#0 0x5596ce81af33 <unknown>
#1 0x5596ce565118 <unknown>
#2 0x5596ce58b282 <unknown>
#3 0x5596ce5877c6 <unknown>
#4 0x5596ce583d5a <unknown>
#5 0x5596ce5bed3a <unknown>
#6 0x5596ce5b8e63 <unknown>
#7 0x5596ce58e82a <unknown>
#8 0x5596ce58f985 <unknown>
#9 0x5596ce85f4cd <unknown>
#10 0x5596ce8635ec <unknown>
#11 0x5596ce84971e <unknown>
#12 0x5596ce864238 <unknown>
#13 0x5596ce83e870 <unknown>
#14 0x5596ce880608 <unknown>
#15 0x5596ce880788 <unknown>
#16 0x5596ce89af1d <unknown>
#17 0x7fcbefa05ea7 <unknown>
; 3475)
[2022-06-18 09:06:37,823] {local_task_job.py:156} INFO - Task exited with return code 1
[2022-06-18 09:06:39,081] {local_task_job.py:273} INFO - 0 downstream tasks scheduled from follow-on schedule check
