[2022-06-15 23:41:00,465] {taskinstance.py:1159} INFO - Dependencies all met for <TaskInstance: Job-pts.pts scheduled__2022-06-15T21:08:33.450129+00:00 [queued]>
[2022-06-15 23:41:00,473] {taskinstance.py:1159} INFO - Dependencies all met for <TaskInstance: Job-pts.pts scheduled__2022-06-15T21:08:33.450129+00:00 [queued]>
[2022-06-15 23:41:00,473] {taskinstance.py:1356} INFO - 
--------------------------------------------------------------------------------
[2022-06-15 23:41:00,474] {taskinstance.py:1357} INFO - Starting attempt 2 of 6
[2022-06-15 23:41:00,474] {taskinstance.py:1358} INFO - 
--------------------------------------------------------------------------------
[2022-06-15 23:41:00,487] {taskinstance.py:1377} INFO - Executing <Task(PythonOperator): pts> on 2022-06-15 21:08:33.450129+00:00
[2022-06-15 23:41:00,491] {standard_task_runner.py:52} INFO - Started process 219 to run task
[2022-06-15 23:41:00,494] {standard_task_runner.py:79} INFO - Running: ['airflow', 'tasks', 'run', 'Job-pts', 'pts', 'scheduled__2022-06-15T21:08:33.450129+00:00', '--job-id', '69', '--raw', '--subdir', 'DAGS_FOLDER/docker_job/price_scale.py', '--cfg-path', '/tmp/tmpvn5cc6yt', '--error-file', '/tmp/tmp0ajnj30h']
[2022-06-15 23:41:00,494] {standard_task_runner.py:80} INFO - Job 69: Subtask pts
[2022-06-15 23:41:00,505] {warnings.py:110} WARNING - /home/airflow/.local/lib/python3.7/site-packages/airflow/configuration.py:525: DeprecationWarning: The sql_alchemy_conn option in [core] has been moved to the sql_alchemy_conn option in [database] - the old setting has been used, but please update your config.
  option = self._get_environment_variables(deprecated_key, deprecated_section, key, section)

[2022-06-15 23:41:00,549] {task_command.py:370} INFO - Running <TaskInstance: Job-pts.pts scheduled__2022-06-15T21:08:33.450129+00:00 [running]> on host 3c1ac2e19971
[2022-06-15 23:41:00,619] {taskinstance.py:1571} INFO - Exporting the following env vars:
AIRFLOW_CTX_DAG_EMAIL=samuel.momoh-olle@asgoodasnew.com
AIRFLOW_CTX_DAG_OWNER=airflow
AIRFLOW_CTX_DAG_ID=Job-pts
AIRFLOW_CTX_TASK_ID=pts
AIRFLOW_CTX_EXECUTION_DATE=2022-06-15T21:08:33.450129+00:00
AIRFLOW_CTX_TRY_NUMBER=2
AIRFLOW_CTX_DAG_RUN_ID=scheduled__2022-06-15T21:08:33.450129+00:00
[2022-06-15 23:41:00,621] {logging_mixin.py:115} INFO - /opt/airflow
[2022-06-15 23:41:01,250] {logging_mixin.py:115} INFO - https://www.handyverkauf.net/apple-iphone-x-64gb-space-grau_h_5143
[2022-06-15 23:41:32,504] {logging_mixin.py:115} INFO - []
[2022-06-15 23:41:32,504] {python.py:173} INFO - Done. Returned value was: None
[2022-06-15 23:41:33,148] {logging_mixin.py:115} INFO - https://www.handyverkauf.net/apple-iphone-x-256gb-space-grau_h_5145
[2022-06-15 23:42:03,838] {logging_mixin.py:115} INFO - []
[2022-06-15 23:42:03,839] {python.py:173} INFO - Done. Returned value was: None
[2022-06-15 23:42:04,644] {logging_mixin.py:115} INFO - https://www.handyverkauf.net/apple-iphone-xs-64gb-space-grau_h_6242
[2022-06-15 23:44:03,118] {logging_mixin.py:115} INFO - []
[2022-06-15 23:44:03,121] {python.py:173} INFO - Done. Returned value was: None
[2022-06-15 23:45:09,062] {taskinstance.py:1889} ERROR - Task failed with exception
Traceback (most recent call last):
  File "/home/airflow/.local/lib/python3.7/site-packages/airflow/operators/python.py", line 171, in execute
    return_value = self.execute_callable()
  File "/home/airflow/.local/lib/python3.7/site-packages/airflow/operators/python.py", line 189, in execute_callable
    return self.python_callable(*self.op_args, **self.op_kwargs)
  File "/opt/airflow/dags/docker_job/price_scale.py", line 175, in run_from_class
    python_task.execute(dict())
  File "/home/airflow/.local/lib/python3.7/site-packages/airflow/operators/python.py", line 171, in execute
    return_value = self.execute_callable()
  File "/home/airflow/.local/lib/python3.7/site-packages/airflow/operators/python.py", line 189, in execute_callable
    return self.python_callable(*self.op_args, **self.op_kwargs)
  File "/opt/airflow/dags/docker_job/price_scale.py", line 115, in test
    ppd = ProductPriceData(driver=webdriver.Chrome(executable_path="dags/docker_job/chromedriver", options=options))
  File "/home/airflow/.local/lib/python3.7/site-packages/selenium/webdriver/chrome/webdriver.py", line 73, in __init__
    service_log_path, service, keep_alive)
  File "/home/airflow/.local/lib/python3.7/site-packages/selenium/webdriver/chromium/webdriver.py", line 98, in __init__
    options=options)
  File "/home/airflow/.local/lib/python3.7/site-packages/selenium/webdriver/remote/webdriver.py", line 275, in __init__
    self.start_session(capabilities, browser_profile)
  File "/home/airflow/.local/lib/python3.7/site-packages/selenium/webdriver/remote/webdriver.py", line 365, in start_session
    response = self.execute(Command.NEW_SESSION, parameters)
  File "/home/airflow/.local/lib/python3.7/site-packages/selenium/webdriver/remote/webdriver.py", line 430, in execute
    self.error_handler.check_response(response)
  File "/home/airflow/.local/lib/python3.7/site-packages/selenium/webdriver/remote/errorhandler.py", line 247, in check_response
    raise exception_class(message, screen, stacktrace)
selenium.common.exceptions.WebDriverException: Message: chrome not reachable
Stacktrace:
#0 0x562c5d358f33 <unknown>
#1 0x562c5d0a2faf <unknown>
#2 0x562c5d091209 <unknown>
#3 0x562c5d0c9a79 <unknown>
#4 0x562c5d0c59d0 <unknown>
#5 0x562c5d0c1d5a <unknown>
#6 0x562c5d0fcd3a <unknown>
#7 0x562c5d0f6e63 <unknown>
#8 0x562c5d0cc82a <unknown>
#9 0x562c5d0cd985 <unknown>
#10 0x562c5d39d4cd <unknown>
#11 0x562c5d3a15ec <unknown>
#12 0x562c5d38771e <unknown>
#13 0x562c5d3a2238 <unknown>
#14 0x562c5d37c870 <unknown>
#15 0x562c5d3be608 <unknown>
#16 0x562c5d3be788 <unknown>
#17 0x562c5d3d8f1d <unknown>
#18 0x7f1066359ea7 <unknown>

[2022-06-15 23:45:12,538] {taskinstance.py:1400} INFO - Marking task as UP_FOR_RETRY. dag_id=Job-pts, task_id=pts, execution_date=20220615T210833, start_date=20220615T234100, end_date=20220615T234512
[2022-06-15 23:45:15,631] {standard_task_runner.py:97} ERROR - Failed to execute job 69 for task pts (Message: chrome not reachable
Stacktrace:
#0 0x562c5d358f33 <unknown>
#1 0x562c5d0a2faf <unknown>
#2 0x562c5d091209 <unknown>
#3 0x562c5d0c9a79 <unknown>
#4 0x562c5d0c59d0 <unknown>
#5 0x562c5d0c1d5a <unknown>
#6 0x562c5d0fcd3a <unknown>
#7 0x562c5d0f6e63 <unknown>
#8 0x562c5d0cc82a <unknown>
#9 0x562c5d0cd985 <unknown>
#10 0x562c5d39d4cd <unknown>
#11 0x562c5d3a15ec <unknown>
#12 0x562c5d38771e <unknown>
#13 0x562c5d3a2238 <unknown>
#14 0x562c5d37c870 <unknown>
#15 0x562c5d3be608 <unknown>
#16 0x562c5d3be788 <unknown>
#17 0x562c5d3d8f1d <unknown>
#18 0x7f1066359ea7 <unknown>
; 219)
[2022-06-15 23:45:15,988] {local_task_job.py:156} INFO - Task exited with return code 1
[2022-06-15 23:45:18,092] {local_task_job.py:273} INFO - 0 downstream tasks scheduled from follow-on schedule check
