[2022-06-15 23:38:58,764] {taskinstance.py:1159} INFO - Dependencies all met for <TaskInstance: Job-pts.pts scheduled__2022-06-15T21:08:33.450129+00:00 [queued]>
[2022-06-15 23:38:58,778] {taskinstance.py:1159} INFO - Dependencies all met for <TaskInstance: Job-pts.pts scheduled__2022-06-15T21:08:33.450129+00:00 [queued]>
[2022-06-15 23:38:58,778] {taskinstance.py:1356} INFO - 
--------------------------------------------------------------------------------
[2022-06-15 23:38:58,778] {taskinstance.py:1357} INFO - Starting attempt 1 of 6
[2022-06-15 23:38:58,778] {taskinstance.py:1358} INFO - 
--------------------------------------------------------------------------------
[2022-06-15 23:38:58,794] {taskinstance.py:1377} INFO - Executing <Task(PythonOperator): pts> on 2022-06-15 21:08:33.450129+00:00
[2022-06-15 23:38:58,797] {standard_task_runner.py:52} INFO - Started process 133 to run task
[2022-06-15 23:38:58,800] {standard_task_runner.py:79} INFO - Running: ['airflow', 'tasks', 'run', 'Job-pts', 'pts', 'scheduled__2022-06-15T21:08:33.450129+00:00', '--job-id', '68', '--raw', '--subdir', 'DAGS_FOLDER/docker_job/price_scale.py', '--cfg-path', '/tmp/tmpd2dnglhd', '--error-file', '/tmp/tmptq35oavs']
[2022-06-15 23:38:58,800] {standard_task_runner.py:80} INFO - Job 68: Subtask pts
[2022-06-15 23:38:58,824] {warnings.py:110} WARNING - /home/airflow/.local/lib/python3.7/site-packages/airflow/configuration.py:525: DeprecationWarning: The sql_alchemy_conn option in [core] has been moved to the sql_alchemy_conn option in [database] - the old setting has been used, but please update your config.
  option = self._get_environment_variables(deprecated_key, deprecated_section, key, section)

[2022-06-15 23:38:58,861] {task_command.py:370} INFO - Running <TaskInstance: Job-pts.pts scheduled__2022-06-15T21:08:33.450129+00:00 [running]> on host 31bbb70af43b
[2022-06-15 23:38:58,967] {taskinstance.py:1571} INFO - Exporting the following env vars:
AIRFLOW_CTX_DAG_EMAIL=samuel.momoh-olle@asgoodasnew.com
AIRFLOW_CTX_DAG_OWNER=airflow
AIRFLOW_CTX_DAG_ID=Job-pts
AIRFLOW_CTX_TASK_ID=pts
AIRFLOW_CTX_EXECUTION_DATE=2022-06-15T21:08:33.450129+00:00
AIRFLOW_CTX_TRY_NUMBER=1
AIRFLOW_CTX_DAG_RUN_ID=scheduled__2022-06-15T21:08:33.450129+00:00
[2022-06-15 23:38:58,971] {logging_mixin.py:115} INFO - /opt/airflow
[2022-06-15 23:38:58,985] {taskinstance.py:1889} ERROR - Task failed with exception
Traceback (most recent call last):
  File "/home/airflow/.local/lib/python3.7/site-packages/airflow/operators/python.py", line 171, in execute
    return_value = self.execute_callable()
  File "/home/airflow/.local/lib/python3.7/site-packages/airflow/operators/python.py", line 189, in execute_callable
    return self.python_callable(*self.op_args, **self.op_kwargs)
  File "/opt/airflow/dags/docker_job/price_scale.py", line 173, in run_from_class
    op_kwargs={"url": url}
  File "/home/airflow/.local/lib/python3.7/site-packages/airflow/models/baseoperator.py", line 390, in apply_defaults
    result = func(self, **kwargs, default_args=default_args)
  File "/home/airflow/.local/lib/python3.7/site-packages/airflow/operators/python.py", line 156, in __init__
    super().__init__(**kwargs)
  File "/home/airflow/.local/lib/python3.7/site-packages/airflow/models/baseoperator.py", line 390, in apply_defaults
    result = func(self, **kwargs, default_args=default_args)
  File "/home/airflow/.local/lib/python3.7/site-packages/airflow/models/baseoperator.py", line 754, in __init__
    validate_key(task_id)
  File "/home/airflow/.local/lib/python3.7/site-packages/airflow/utils/helpers.py", line 64, in validate_key
    f"The key {k!r} has to be made of alphanumeric characters, dashes, "
airflow.exceptions.AirflowException: The key 'pts-https://www.handyverkauf.net/apple-iphone-x-64gb-space-grau_h_5143' has to be made of alphanumeric characters, dashes, dots and underscores exclusively
[2022-06-15 23:38:58,993] {taskinstance.py:1400} INFO - Marking task as UP_FOR_RETRY. dag_id=Job-pts, task_id=pts, execution_date=20220615T210833, start_date=20220615T233858, end_date=20220615T233858
[2022-06-15 23:38:59,003] {standard_task_runner.py:97} ERROR - Failed to execute job 68 for task pts (The key 'pts-https://www.handyverkauf.net/apple-iphone-x-64gb-space-grau_h_5143' has to be made of alphanumeric characters, dashes, dots and underscores exclusively; 133)
[2022-06-15 23:38:59,018] {local_task_job.py:156} INFO - Task exited with return code 1
[2022-06-15 23:38:59,057] {local_task_job.py:273} INFO - 0 downstream tasks scheduled from follow-on schedule check
