[2022-06-18 13:13:53,906] {taskinstance.py:1159} INFO - Dependencies all met for <TaskInstance: Job-price_test_scale.price_test_scale-apple-iphone-xs-64gb-space-grau_h_6242 scheduled__2022-06-18T08:47:49.365456+00:00 [queued]>
[2022-06-18 13:13:54,070] {taskinstance.py:1159} INFO - Dependencies all met for <TaskInstance: Job-price_test_scale.price_test_scale-apple-iphone-xs-64gb-space-grau_h_6242 scheduled__2022-06-18T08:47:49.365456+00:00 [queued]>
[2022-06-18 13:13:54,070] {taskinstance.py:1356} INFO - 
--------------------------------------------------------------------------------
[2022-06-18 13:13:54,070] {taskinstance.py:1357} INFO - Starting attempt 2 of 6
[2022-06-18 13:13:54,070] {taskinstance.py:1358} INFO - 
--------------------------------------------------------------------------------
[2022-06-18 13:13:54,984] {taskinstance.py:1377} INFO - Executing <Task(PythonOperator): price_test_scale-apple-iphone-xs-64gb-space-grau_h_6242> on 2022-06-18 08:47:49.365456+00:00
[2022-06-18 13:13:55,000] {standard_task_runner.py:52} INFO - Started process 4947 to run task
[2022-06-18 13:13:55,154] {standard_task_runner.py:79} INFO - Running: ['airflow', 'tasks', 'run', 'Job-price_test_scale', 'price_test_scale-apple-iphone-xs-64gb-space-grau_h_6242', 'scheduled__2022-06-18T08:47:49.365456+00:00', '--job-id', '450', '--raw', '--subdir', 'DAGS_FOLDER/docker_job/price_test_scale.py', '--cfg-path', '/tmp/tmp7j1i58rg', '--error-file', '/tmp/tmpx15jp5r1']
[2022-06-18 13:13:55,154] {standard_task_runner.py:80} INFO - Job 450: Subtask price_test_scale-apple-iphone-xs-64gb-space-grau_h_6242
[2022-06-18 13:13:55,432] {warnings.py:110} WARNING - /home/airflow/.local/lib/python3.7/site-packages/airflow/configuration.py:525: DeprecationWarning: The sql_alchemy_conn option in [core] has been moved to the sql_alchemy_conn option in [database] - the old setting has been used, but please update your config.
  option = self._get_environment_variables(deprecated_key, deprecated_section, key, section)

[2022-06-18 13:15:18,242] {task_command.py:370} INFO - Running <TaskInstance: Job-price_test_scale.price_test_scale-apple-iphone-xs-64gb-space-grau_h_6242 scheduled__2022-06-18T08:47:49.365456+00:00 [running]> on host 31bbb70af43b
[2022-06-18 13:15:19,420] {taskinstance.py:1571} INFO - Exporting the following env vars:
AIRFLOW_CTX_DAG_EMAIL=samuel.momoh-olle@asgoodasnew.com
AIRFLOW_CTX_DAG_OWNER=airflow
AIRFLOW_CTX_DAG_ID=Job-price_test_scale
AIRFLOW_CTX_TASK_ID=price_test_scale-apple-iphone-xs-64gb-space-grau_h_6242
AIRFLOW_CTX_EXECUTION_DATE=2022-06-18T08:47:49.365456+00:00
AIRFLOW_CTX_TRY_NUMBER=2
AIRFLOW_CTX_DAG_RUN_ID=scheduled__2022-06-18T08:47:49.365456+00:00
[2022-06-18 13:15:19,451] {logging_mixin.py:115} INFO - /opt/airflow
[2022-06-18 13:17:46,044] {taskinstance.py:1889} ERROR - Task failed with exception
Traceback (most recent call last):
  File "/home/airflow/.local/lib/python3.7/site-packages/airflow/operators/python.py", line 171, in execute
    return_value = self.execute_callable()
  File "/home/airflow/.local/lib/python3.7/site-packages/airflow/operators/python.py", line 189, in execute_callable
    return self.python_callable(*self.op_args, **self.op_kwargs)
  File "/opt/airflow/dags/docker_job/price_test_scale.py", line 124, in run_from_class
    ppd = ProductPriceData(driver=webdriver.Chrome(executable_path="dags/docker_job/chromedriver", options=options))
  File "/home/airflow/.local/lib/python3.7/site-packages/selenium/webdriver/chrome/webdriver.py", line 73, in __init__
    service_log_path, service, keep_alive)
  File "/home/airflow/.local/lib/python3.7/site-packages/selenium/webdriver/chromium/webdriver.py", line 98, in __init__
    options=options)
  File "/home/airflow/.local/lib/python3.7/site-packages/selenium/webdriver/remote/webdriver.py", line 275, in __init__
    self.start_session(capabilities, browser_profile)
  File "/home/airflow/.local/lib/python3.7/site-packages/selenium/webdriver/remote/webdriver.py", line 365, in start_session
    response = self.execute(Command.NEW_SESSION, parameters)
  File "/home/airflow/.local/lib/python3.7/site-packages/selenium/webdriver/remote/webdriver.py", line 430, in execute
    self.error_handler.check_response(response)
  File "/home/airflow/.local/lib/python3.7/site-packages/selenium/webdriver/remote/errorhandler.py", line 247, in check_response
    raise exception_class(message, screen, stacktrace)
selenium.common.exceptions.WebDriverException: Message: unknown error: DevToolsActivePort file doesn't exist
Stacktrace:
#0 0x5637fee73f33 <unknown>
#1 0x5637febbe118 <unknown>
#2 0x5637febe4282 <unknown>
#3 0x5637febe07c6 <unknown>
#4 0x5637febdcd5a <unknown>
#5 0x5637fec17d3a <unknown>
#6 0x5637fec11e63 <unknown>
#7 0x5637febe782a <unknown>
#8 0x5637febe8985 <unknown>
#9 0x5637feeb84cd <unknown>
#10 0x5637feebc5ec <unknown>
#11 0x5637feea271e <unknown>
#12 0x5637feebd238 <unknown>
#13 0x5637fee97870 <unknown>
#14 0x5637feed9608 <unknown>
#15 0x5637feed9788 <unknown>
#16 0x5637feef3f1d <unknown>
#17 0x7fa260961ea7 <unknown>

[2022-06-18 13:17:48,726] {taskinstance.py:1400} INFO - Marking task as UP_FOR_RETRY. dag_id=Job-price_test_scale, task_id=price_test_scale-apple-iphone-xs-64gb-space-grau_h_6242, execution_date=20220618T084749, start_date=20220618T131353, end_date=20220618T131748
[2022-06-18 13:17:49,341] {standard_task_runner.py:97} ERROR - Failed to execute job 450 for task price_test_scale-apple-iphone-xs-64gb-space-grau_h_6242 (Message: unknown error: DevToolsActivePort file doesn't exist
Stacktrace:
#0 0x5637fee73f33 <unknown>
#1 0x5637febbe118 <unknown>
#2 0x5637febe4282 <unknown>
#3 0x5637febe07c6 <unknown>
#4 0x5637febdcd5a <unknown>
#5 0x5637fec17d3a <unknown>
#6 0x5637fec11e63 <unknown>
#7 0x5637febe782a <unknown>
#8 0x5637febe8985 <unknown>
#9 0x5637feeb84cd <unknown>
#10 0x5637feebc5ec <unknown>
#11 0x5637feea271e <unknown>
#12 0x5637feebd238 <unknown>
#13 0x5637fee97870 <unknown>
#14 0x5637feed9608 <unknown>
#15 0x5637feed9788 <unknown>
#16 0x5637feef3f1d <unknown>
#17 0x7fa260961ea7 <unknown>
; 4947)
[2022-06-18 13:17:52,274] {local_task_job.py:156} INFO - Task exited with return code 1
[2022-06-18 13:18:49,639] {local_task_job.py:273} INFO - 0 downstream tasks scheduled from follow-on schedule check
