[2022-06-17 20:13:03,823] {taskinstance.py:1159} INFO - Dependencies all met for <TaskInstance: Job-pts.pts-Papple-iphone-xs-256gb-space-grau_h_6245 manual__2022-06-17T20:12:59.782916+00:00 [queued]>
[2022-06-17 20:13:04,009] {taskinstance.py:1159} INFO - Dependencies all met for <TaskInstance: Job-pts.pts-Papple-iphone-xs-256gb-space-grau_h_6245 manual__2022-06-17T20:12:59.782916+00:00 [queued]>
[2022-06-17 20:13:04,009] {taskinstance.py:1356} INFO - 
--------------------------------------------------------------------------------
[2022-06-17 20:13:04,010] {taskinstance.py:1357} INFO - Starting attempt 1 of 6
[2022-06-17 20:13:04,010] {taskinstance.py:1358} INFO - 
--------------------------------------------------------------------------------
[2022-06-17 20:13:04,082] {taskinstance.py:1377} INFO - Executing <Task(PythonOperator): pts-Papple-iphone-xs-256gb-space-grau_h_6245> on 2022-06-17 20:12:59.782916+00:00
[2022-06-17 20:13:04,127] {standard_task_runner.py:52} INFO - Started process 1735 to run task
[2022-06-17 20:13:04,173] {standard_task_runner.py:79} INFO - Running: ['airflow', 'tasks', 'run', 'Job-pts', 'pts-Papple-iphone-xs-256gb-space-grau_h_6245', 'manual__2022-06-17T20:12:59.782916+00:00', '--job-id', '301', '--raw', '--subdir', 'DAGS_FOLDER/docker_job/price_scale.py', '--cfg-path', '/tmp/tmp8230xx41', '--error-file', '/tmp/tmp8lamqwq7']
[2022-06-17 20:13:04,174] {standard_task_runner.py:80} INFO - Job 301: Subtask pts-Papple-iphone-xs-256gb-space-grau_h_6245
[2022-06-17 20:13:05,229] {task_command.py:370} INFO - Running <TaskInstance: Job-pts.pts-Papple-iphone-xs-256gb-space-grau_h_6245 manual__2022-06-17T20:12:59.782916+00:00 [running]> on host 3c1ac2e19971
[2022-06-17 20:13:08,638] {taskinstance.py:1571} INFO - Exporting the following env vars:
AIRFLOW_CTX_DAG_EMAIL=samuel.momoh-olle@asgoodasnew.com
AIRFLOW_CTX_DAG_OWNER=airflow
AIRFLOW_CTX_DAG_ID=Job-pts
AIRFLOW_CTX_TASK_ID=pts-Papple-iphone-xs-256gb-space-grau_h_6245
AIRFLOW_CTX_EXECUTION_DATE=2022-06-17T20:12:59.782916+00:00
AIRFLOW_CTX_TRY_NUMBER=1
AIRFLOW_CTX_DAG_RUN_ID=manual__2022-06-17T20:12:59.782916+00:00
[2022-06-17 20:14:52,902] {taskinstance.py:1889} ERROR - Task failed with exception
Traceback (most recent call last):
  File "/home/airflow/.local/lib/python3.7/site-packages/airflow/operators/python.py", line 171, in execute
    return_value = self.execute_callable()
  File "/home/airflow/.local/lib/python3.7/site-packages/airflow/operators/python.py", line 189, in execute_callable
    return self.python_callable(*self.op_args, **self.op_kwargs)
  File "/opt/airflow/dags/docker_job/price_scale.py", line 115, in test
    ppd = ProductPriceData(driver=webdriver.Chrome(executable_path="dags/docker_job/chromedriver", options=options))
  File "/home/airflow/.local/lib/python3.7/site-packages/selenium/webdriver/chrome/webdriver.py", line 73, in __init__
    service_log_path, service, keep_alive)
  File "/home/airflow/.local/lib/python3.7/site-packages/selenium/webdriver/chromium/webdriver.py", line 98, in __init__
    options=options)
  File "/home/airflow/.local/lib/python3.7/site-packages/selenium/webdriver/remote/webdriver.py", line 275, in __init__
    self.start_session(capabilities, browser_profile)
  File "/home/airflow/.local/lib/python3.7/site-packages/selenium/webdriver/remote/webdriver.py", line 365, in start_session
    response = self.execute(Command.NEW_SESSION, parameters)
  File "/home/airflow/.local/lib/python3.7/site-packages/selenium/webdriver/remote/webdriver.py", line 430, in execute
    self.error_handler.check_response(response)
  File "/home/airflow/.local/lib/python3.7/site-packages/selenium/webdriver/remote/errorhandler.py", line 247, in check_response
    raise exception_class(message, screen, stacktrace)
selenium.common.exceptions.WebDriverException: Message: chrome not reachable
Stacktrace:
#0 0x563a336b5f33 <unknown>
#1 0x563a333fffaf <unknown>
#2 0x563a333ee209 <unknown>
#3 0x563a33426a79 <unknown>
#4 0x563a334229d0 <unknown>
#5 0x563a3341ed5a <unknown>
#6 0x563a33459d3a <unknown>
#7 0x563a33453e63 <unknown>
#8 0x563a3342982a <unknown>
#9 0x563a3342a985 <unknown>
#10 0x563a336fa4cd <unknown>
#11 0x563a336fe5ec <unknown>
#12 0x563a336e471e <unknown>
#13 0x563a336ff238 <unknown>
#14 0x563a336d9870 <unknown>
#15 0x563a3371b608 <unknown>
#16 0x563a3371b788 <unknown>
#17 0x563a33735f1d <unknown>
#18 0x7fd48e65fea7 <unknown>

[2022-06-17 20:15:01,431] {taskinstance.py:1400} INFO - Marking task as UP_FOR_RETRY. dag_id=Job-pts, task_id=pts-Papple-iphone-xs-256gb-space-grau_h_6245, execution_date=20220617T201259, start_date=20220617T201303, end_date=20220617T201501
[2022-06-17 20:15:06,525] {standard_task_runner.py:97} ERROR - Failed to execute job 301 for task pts-Papple-iphone-xs-256gb-space-grau_h_6245 (Message: chrome not reachable
Stacktrace:
#0 0x563a336b5f33 <unknown>
#1 0x563a333fffaf <unknown>
#2 0x563a333ee209 <unknown>
#3 0x563a33426a79 <unknown>
#4 0x563a334229d0 <unknown>
#5 0x563a3341ed5a <unknown>
#6 0x563a33459d3a <unknown>
#7 0x563a33453e63 <unknown>
#8 0x563a3342982a <unknown>
#9 0x563a3342a985 <unknown>
#10 0x563a336fa4cd <unknown>
#11 0x563a336fe5ec <unknown>
#12 0x563a336e471e <unknown>
#13 0x563a336ff238 <unknown>
#14 0x563a336d9870 <unknown>
#15 0x563a3371b608 <unknown>
#16 0x563a3371b788 <unknown>
#17 0x563a33735f1d <unknown>
#18 0x7fd48e65fea7 <unknown>
; 1735)
[2022-06-17 20:15:10,840] {local_task_job.py:156} INFO - Task exited with return code 1
[2022-06-17 20:15:15,627] {local_task_job.py:273} INFO - 0 downstream tasks scheduled from follow-on schedule check
