[2022-06-19 17:55:51,819] {taskinstance.py:1159} INFO - Dependencies all met for <TaskInstance: Job-pts.pts-Papple-iphone-x-256gb-space-grau_h_5145 scheduled__2022-06-19T01:09:09.446748+00:00 [queued]>
[2022-06-19 17:55:51,835] {taskinstance.py:1159} INFO - Dependencies all met for <TaskInstance: Job-pts.pts-Papple-iphone-x-256gb-space-grau_h_5145 scheduled__2022-06-19T01:09:09.446748+00:00 [queued]>
[2022-06-19 17:55:51,835] {taskinstance.py:1356} INFO - 
--------------------------------------------------------------------------------
[2022-06-19 17:55:51,835] {taskinstance.py:1357} INFO - Starting attempt 3 of 6
[2022-06-19 17:55:51,835] {taskinstance.py:1358} INFO - 
--------------------------------------------------------------------------------
[2022-06-19 17:55:52,140] {taskinstance.py:1377} INFO - Executing <Task(PythonOperator): pts-Papple-iphone-x-256gb-space-grau_h_5145> on 2022-06-19 01:09:09.446748+00:00
[2022-06-19 17:55:52,393] {standard_task_runner.py:52} INFO - Started process 1600 to run task
[2022-06-19 17:55:52,397] {standard_task_runner.py:79} INFO - Running: ['airflow', 'tasks', 'run', 'Job-pts', 'pts-Papple-iphone-x-256gb-space-grau_h_5145', 'scheduled__2022-06-19T01:09:09.446748+00:00', '--job-id', '591', '--raw', '--subdir', 'DAGS_FOLDER/docker_job/price_scale.py', '--cfg-path', '/tmp/tmprpa7rpc2', '--error-file', '/tmp/tmp3roc6m1j']
[2022-06-19 17:55:52,397] {standard_task_runner.py:80} INFO - Job 591: Subtask pts-Papple-iphone-x-256gb-space-grau_h_5145
[2022-06-19 17:55:52,940] {warnings.py:110} WARNING - /home/airflow/.local/lib/python3.7/site-packages/airflow/configuration.py:525: DeprecationWarning: The sql_alchemy_conn option in [core] has been moved to the sql_alchemy_conn option in [database] - the old setting has been used, but please update your config.
  option = self._get_environment_variables(deprecated_key, deprecated_section, key, section)

[2022-06-19 17:55:53,215] {task_command.py:370} INFO - Running <TaskInstance: Job-pts.pts-Papple-iphone-x-256gb-space-grau_h_5145 scheduled__2022-06-19T01:09:09.446748+00:00 [running]> on host 3c1ac2e19971
[2022-06-19 17:55:53,448] {taskinstance.py:1571} INFO - Exporting the following env vars:
AIRFLOW_CTX_DAG_EMAIL=samuel.momoh-olle@asgoodasnew.com
AIRFLOW_CTX_DAG_OWNER=airflow
AIRFLOW_CTX_DAG_ID=Job-pts
AIRFLOW_CTX_TASK_ID=pts-Papple-iphone-x-256gb-space-grau_h_5145
AIRFLOW_CTX_EXECUTION_DATE=2022-06-19T01:09:09.446748+00:00
AIRFLOW_CTX_TRY_NUMBER=3
AIRFLOW_CTX_DAG_RUN_ID=scheduled__2022-06-19T01:09:09.446748+00:00
[2022-06-19 17:56:56,795] {taskinstance.py:1889} ERROR - Task failed with exception
Traceback (most recent call last):
  File "/home/airflow/.local/lib/python3.7/site-packages/airflow/operators/python.py", line 171, in execute
    return_value = self.execute_callable()
  File "/home/airflow/.local/lib/python3.7/site-packages/airflow/operators/python.py", line 189, in execute_callable
    return self.python_callable(*self.op_args, **self.op_kwargs)
  File "/opt/airflow/dags/docker_job/price_scale.py", line 115, in test
    ppd = ProductPriceData(driver=webdriver.Chrome(executable_path="dags/docker_job/chromedriver", options=options))
  File "/home/airflow/.local/lib/python3.7/site-packages/selenium/webdriver/chrome/webdriver.py", line 73, in __init__
    service_log_path, service, keep_alive)
  File "/home/airflow/.local/lib/python3.7/site-packages/selenium/webdriver/chromium/webdriver.py", line 98, in __init__
    options=options)
  File "/home/airflow/.local/lib/python3.7/site-packages/selenium/webdriver/remote/webdriver.py", line 275, in __init__
    self.start_session(capabilities, browser_profile)
  File "/home/airflow/.local/lib/python3.7/site-packages/selenium/webdriver/remote/webdriver.py", line 365, in start_session
    response = self.execute(Command.NEW_SESSION, parameters)
  File "/home/airflow/.local/lib/python3.7/site-packages/selenium/webdriver/remote/webdriver.py", line 430, in execute
    self.error_handler.check_response(response)
  File "/home/airflow/.local/lib/python3.7/site-packages/selenium/webdriver/remote/errorhandler.py", line 247, in check_response
    raise exception_class(message, screen, stacktrace)
selenium.common.exceptions.WebDriverException: Message: unknown error: DevToolsActivePort file doesn't exist
Stacktrace:
#0 0x55638de1ff33 <unknown>
#1 0x55638db6a118 <unknown>
#2 0x55638db90282 <unknown>
#3 0x55638db8c7c6 <unknown>
#4 0x55638db88d5a <unknown>
#5 0x55638dbc3d3a <unknown>
#6 0x55638dbbde63 <unknown>
#7 0x55638db9382a <unknown>
#8 0x55638db94985 <unknown>
#9 0x55638de644cd <unknown>
#10 0x55638de685ec <unknown>
#11 0x55638de4e71e <unknown>
#12 0x55638de69238 <unknown>
#13 0x55638de43870 <unknown>
#14 0x55638de85608 <unknown>
#15 0x55638de85788 <unknown>
#16 0x55638de9ff1d <unknown>
#17 0x7f53dfbdeea7 <unknown>

[2022-06-19 17:58:44,973] {taskinstance.py:1400} INFO - Marking task as UP_FOR_RETRY. dag_id=Job-pts, task_id=pts-Papple-iphone-x-256gb-space-grau_h_5145, execution_date=20220619T010909, start_date=20220619T175551, end_date=20220619T175841
[2022-06-19 17:58:47,736] {standard_task_runner.py:97} ERROR - Failed to execute job 591 for task pts-Papple-iphone-x-256gb-space-grau_h_5145 (Message: unknown error: DevToolsActivePort file doesn't exist
Stacktrace:
#0 0x55638de1ff33 <unknown>
#1 0x55638db6a118 <unknown>
#2 0x55638db90282 <unknown>
#3 0x55638db8c7c6 <unknown>
#4 0x55638db88d5a <unknown>
#5 0x55638dbc3d3a <unknown>
#6 0x55638dbbde63 <unknown>
#7 0x55638db9382a <unknown>
#8 0x55638db94985 <unknown>
#9 0x55638de644cd <unknown>
#10 0x55638de685ec <unknown>
#11 0x55638de4e71e <unknown>
#12 0x55638de69238 <unknown>
#13 0x55638de43870 <unknown>
#14 0x55638de85608 <unknown>
#15 0x55638de85788 <unknown>
#16 0x55638de9ff1d <unknown>
#17 0x7f53dfbdeea7 <unknown>
; 1600)
[2022-06-19 17:58:48,669] {local_task_job.py:156} INFO - Task exited with return code 1
[2022-06-19 17:58:48,775] {local_task_job.py:273} INFO - 0 downstream tasks scheduled from follow-on schedule check
