[2022-06-16 08:14:00,233] {taskinstance.py:1159} INFO - Dependencies all met for <TaskInstance: Job-product_prices_testers.product_prices_testers scheduled__2022-06-16T05:19:49.287355+00:00 [queued]>
[2022-06-16 08:14:00,528] {taskinstance.py:1159} INFO - Dependencies all met for <TaskInstance: Job-product_prices_testers.product_prices_testers scheduled__2022-06-16T05:19:49.287355+00:00 [queued]>
[2022-06-16 08:14:00,530] {taskinstance.py:1356} INFO - 
--------------------------------------------------------------------------------
[2022-06-16 08:14:00,530] {taskinstance.py:1357} INFO - Starting attempt 2 of 6
[2022-06-16 08:14:00,530] {taskinstance.py:1358} INFO - 
--------------------------------------------------------------------------------
[2022-06-16 08:14:00,742] {taskinstance.py:1377} INFO - Executing <Task(PythonOperator): product_prices_testers> on 2022-06-16 05:19:49.287355+00:00
[2022-06-16 08:14:01,078] {standard_task_runner.py:52} INFO - Started process 8903 to run task
[2022-06-16 08:14:01,210] {standard_task_runner.py:79} INFO - Running: ['airflow', 'tasks', 'run', 'Job-product_prices_testers', 'product_prices_testers', 'scheduled__2022-06-16T05:19:49.287355+00:00', '--job-id', '148', '--raw', '--subdir', 'DAGS_FOLDER/docker_job/price_test.py', '--cfg-path', '/tmp/tmp6zfe24tk', '--error-file', '/tmp/tmp_65cifc4']
[2022-06-16 08:14:01,211] {standard_task_runner.py:80} INFO - Job 148: Subtask product_prices_testers
[2022-06-16 08:14:01,880] {warnings.py:110} WARNING - /home/airflow/.local/lib/python3.7/site-packages/airflow/configuration.py:525: DeprecationWarning: The sql_alchemy_conn option in [core] has been moved to the sql_alchemy_conn option in [database] - the old setting has been used, but please update your config.
  option = self._get_environment_variables(deprecated_key, deprecated_section, key, section)

[2022-06-16 08:14:02,974] {task_command.py:370} INFO - Running <TaskInstance: Job-product_prices_testers.product_prices_testers scheduled__2022-06-16T05:19:49.287355+00:00 [running]> on host 2d9e52ec85d2
[2022-06-16 08:14:05,351] {taskinstance.py:1571} INFO - Exporting the following env vars:
AIRFLOW_CTX_DAG_EMAIL=samuel.momoh-olle@asgoodasnew.com
AIRFLOW_CTX_DAG_OWNER=airflow
AIRFLOW_CTX_DAG_ID=Job-product_prices_testers
AIRFLOW_CTX_TASK_ID=product_prices_testers
AIRFLOW_CTX_EXECUTION_DATE=2022-06-16T05:19:49.287355+00:00
AIRFLOW_CTX_TRY_NUMBER=2
AIRFLOW_CTX_DAG_RUN_ID=scheduled__2022-06-16T05:19:49.287355+00:00
[2022-06-16 08:14:05,466] {logging_mixin.py:115} INFO - /opt/airflow
[2022-06-16 08:15:19,715] {taskinstance.py:1889} ERROR - Task failed with exception
Traceback (most recent call last):
  File "/home/airflow/.local/lib/python3.7/site-packages/airflow/operators/python.py", line 171, in execute
    return_value = self.execute_callable()
  File "/home/airflow/.local/lib/python3.7/site-packages/airflow/operators/python.py", line 189, in execute_callable
    return self.python_callable(*self.op_args, **self.op_kwargs)
  File "/opt/airflow/dags/docker_job/price_test.py", line 124, in run_from_class
    ppd = ProductPriceData(driver=webdriver.Chrome(executable_path="dags/docker_job/chromedriver", options=options))
  File "/home/airflow/.local/lib/python3.7/site-packages/selenium/webdriver/chrome/webdriver.py", line 73, in __init__
    service_log_path, service, keep_alive)
  File "/home/airflow/.local/lib/python3.7/site-packages/selenium/webdriver/chromium/webdriver.py", line 98, in __init__
    options=options)
  File "/home/airflow/.local/lib/python3.7/site-packages/selenium/webdriver/remote/webdriver.py", line 275, in __init__
    self.start_session(capabilities, browser_profile)
  File "/home/airflow/.local/lib/python3.7/site-packages/selenium/webdriver/remote/webdriver.py", line 365, in start_session
    response = self.execute(Command.NEW_SESSION, parameters)
  File "/home/airflow/.local/lib/python3.7/site-packages/selenium/webdriver/remote/webdriver.py", line 430, in execute
    self.error_handler.check_response(response)
  File "/home/airflow/.local/lib/python3.7/site-packages/selenium/webdriver/remote/errorhandler.py", line 247, in check_response
    raise exception_class(message, screen, stacktrace)
selenium.common.exceptions.WebDriverException: Message: unknown error: DevToolsActivePort file doesn't exist
Stacktrace:
#0 0x55d2d2e97f33 <unknown>
#1 0x55d2d2be2118 <unknown>
#2 0x55d2d2c08282 <unknown>
#3 0x55d2d2c047c6 <unknown>
#4 0x55d2d2c00d5a <unknown>
#5 0x55d2d2c3bd3a <unknown>
#6 0x55d2d2c35e63 <unknown>
#7 0x55d2d2c0b82a <unknown>
#8 0x55d2d2c0c985 <unknown>
#9 0x55d2d2edc4cd <unknown>
#10 0x55d2d2ee05ec <unknown>
#11 0x55d2d2ec671e <unknown>
#12 0x55d2d2ee1238 <unknown>
#13 0x55d2d2ebb870 <unknown>
#14 0x55d2d2efd608 <unknown>
#15 0x55d2d2efd788 <unknown>
#16 0x55d2d2f17f1d <unknown>
#17 0x7fa3e6d1eea7 <unknown>

[2022-06-16 08:15:20,517] {taskinstance.py:1400} INFO - Marking task as UP_FOR_RETRY. dag_id=Job-product_prices_testers, task_id=product_prices_testers, execution_date=20220616T051949, start_date=20220616T081400, end_date=20220616T081520
[2022-06-16 08:16:12,225] {standard_task_runner.py:97} ERROR - Failed to execute job 148 for task product_prices_testers (Message: unknown error: DevToolsActivePort file doesn't exist
Stacktrace:
#0 0x55d2d2e97f33 <unknown>
#1 0x55d2d2be2118 <unknown>
#2 0x55d2d2c08282 <unknown>
#3 0x55d2d2c047c6 <unknown>
#4 0x55d2d2c00d5a <unknown>
#5 0x55d2d2c3bd3a <unknown>
#6 0x55d2d2c35e63 <unknown>
#7 0x55d2d2c0b82a <unknown>
#8 0x55d2d2c0c985 <unknown>
#9 0x55d2d2edc4cd <unknown>
#10 0x55d2d2ee05ec <unknown>
#11 0x55d2d2ec671e <unknown>
#12 0x55d2d2ee1238 <unknown>
#13 0x55d2d2ebb870 <unknown>
#14 0x55d2d2efd608 <unknown>
#15 0x55d2d2efd788 <unknown>
#16 0x55d2d2f17f1d <unknown>
#17 0x7fa3e6d1eea7 <unknown>
; 8903)
[2022-06-16 08:16:14,831] {local_task_job.py:156} INFO - Task exited with return code 1
[2022-06-16 08:16:14,951] {local_task_job.py:273} INFO - 0 downstream tasks scheduled from follow-on schedule check
