[2022-06-19 04:03:04,081] {taskinstance.py:1159} INFO - Dependencies all met for <TaskInstance: Job-pts.pts-Papple-iphone-xr-64gb-schwarz_h_6260 scheduled__2022-06-18T18:59:08.794253+00:00 [queued]>
[2022-06-19 04:03:04,096] {taskinstance.py:1159} INFO - Dependencies all met for <TaskInstance: Job-pts.pts-Papple-iphone-xr-64gb-schwarz_h_6260 scheduled__2022-06-18T18:59:08.794253+00:00 [queued]>
[2022-06-19 04:03:04,096] {taskinstance.py:1356} INFO - 
--------------------------------------------------------------------------------
[2022-06-19 04:03:04,097] {taskinstance.py:1357} INFO - Starting attempt 3 of 6
[2022-06-19 04:03:04,097] {taskinstance.py:1358} INFO - 
--------------------------------------------------------------------------------
[2022-06-19 04:03:04,120] {taskinstance.py:1377} INFO - Executing <Task(PythonOperator): pts-Papple-iphone-xr-64gb-schwarz_h_6260> on 2022-06-18 18:59:08.794253+00:00
[2022-06-19 04:03:04,124] {standard_task_runner.py:52} INFO - Started process 13328 to run task
[2022-06-19 04:03:04,135] {standard_task_runner.py:79} INFO - Running: ['airflow', 'tasks', 'run', 'Job-pts', 'pts-Papple-iphone-xr-64gb-schwarz_h_6260', 'scheduled__2022-06-18T18:59:08.794253+00:00', '--job-id', '514', '--raw', '--subdir', 'DAGS_FOLDER/docker_job/price_scale.py', '--cfg-path', '/tmp/tmpv8we9qb4', '--error-file', '/tmp/tmpaciq0r0q']
[2022-06-19 04:03:04,135] {standard_task_runner.py:80} INFO - Job 514: Subtask pts-Papple-iphone-xr-64gb-schwarz_h_6260
[2022-06-19 04:03:04,192] {warnings.py:110} WARNING - /home/airflow/.local/lib/python3.7/site-packages/airflow/configuration.py:525: DeprecationWarning: The sql_alchemy_conn option in [core] has been moved to the sql_alchemy_conn option in [database] - the old setting has been used, but please update your config.
  option = self._get_environment_variables(deprecated_key, deprecated_section, key, section)

[2022-06-19 04:03:04,324] {task_command.py:370} INFO - Running <TaskInstance: Job-pts.pts-Papple-iphone-xr-64gb-schwarz_h_6260 scheduled__2022-06-18T18:59:08.794253+00:00 [running]> on host 31bbb70af43b
[2022-06-19 04:03:04,446] {taskinstance.py:1571} INFO - Exporting the following env vars:
AIRFLOW_CTX_DAG_EMAIL=samuel.momoh-olle@asgoodasnew.com
AIRFLOW_CTX_DAG_OWNER=airflow
AIRFLOW_CTX_DAG_ID=Job-pts
AIRFLOW_CTX_TASK_ID=pts-Papple-iphone-xr-64gb-schwarz_h_6260
AIRFLOW_CTX_EXECUTION_DATE=2022-06-18T18:59:08.794253+00:00
AIRFLOW_CTX_TRY_NUMBER=3
AIRFLOW_CTX_DAG_RUN_ID=scheduled__2022-06-18T18:59:08.794253+00:00
[2022-06-19 04:05:28,689] {taskinstance.py:1889} ERROR - Task failed with exception
Traceback (most recent call last):
  File "/home/airflow/.local/lib/python3.7/site-packages/airflow/operators/python.py", line 171, in execute
    return_value = self.execute_callable()
  File "/home/airflow/.local/lib/python3.7/site-packages/airflow/operators/python.py", line 189, in execute_callable
    return self.python_callable(*self.op_args, **self.op_kwargs)
  File "/opt/airflow/dags/docker_job/price_scale.py", line 115, in test
    ppd = ProductPriceData(driver=webdriver.Chrome(executable_path="dags/docker_job/chromedriver", options=options))
  File "/home/airflow/.local/lib/python3.7/site-packages/selenium/webdriver/chrome/webdriver.py", line 73, in __init__
    service_log_path, service, keep_alive)
  File "/home/airflow/.local/lib/python3.7/site-packages/selenium/webdriver/chromium/webdriver.py", line 98, in __init__
    options=options)
  File "/home/airflow/.local/lib/python3.7/site-packages/selenium/webdriver/remote/webdriver.py", line 275, in __init__
    self.start_session(capabilities, browser_profile)
  File "/home/airflow/.local/lib/python3.7/site-packages/selenium/webdriver/remote/webdriver.py", line 365, in start_session
    response = self.execute(Command.NEW_SESSION, parameters)
  File "/home/airflow/.local/lib/python3.7/site-packages/selenium/webdriver/remote/webdriver.py", line 430, in execute
    self.error_handler.check_response(response)
  File "/home/airflow/.local/lib/python3.7/site-packages/selenium/webdriver/remote/errorhandler.py", line 247, in check_response
    raise exception_class(message, screen, stacktrace)
selenium.common.exceptions.WebDriverException: Message: unknown error: DevToolsActivePort file doesn't exist
Stacktrace:
#0 0x56341d14af33 <unknown>
#1 0x56341ce95118 <unknown>
#2 0x56341cebb282 <unknown>
#3 0x56341ceb77c6 <unknown>
#4 0x56341ceb3d5a <unknown>
#5 0x56341ceeed3a <unknown>
#6 0x56341cee8e63 <unknown>
#7 0x56341cebe82a <unknown>
#8 0x56341cebf985 <unknown>
#9 0x56341d18f4cd <unknown>
#10 0x56341d1935ec <unknown>
#11 0x56341d17971e <unknown>
#12 0x56341d194238 <unknown>
#13 0x56341d16e870 <unknown>
#14 0x56341d1b0608 <unknown>
#15 0x56341d1b0788 <unknown>
#16 0x56341d1caf1d <unknown>
#17 0x7f1010b24ea7 <unknown>

[2022-06-19 04:06:08,435] {taskinstance.py:1400} INFO - Marking task as UP_FOR_RETRY. dag_id=Job-pts, task_id=pts-Papple-iphone-xr-64gb-schwarz_h_6260, execution_date=20220618T185908, start_date=20220619T040304, end_date=20220619T040608
[2022-06-19 04:06:08,776] {standard_task_runner.py:97} ERROR - Failed to execute job 514 for task pts-Papple-iphone-xr-64gb-schwarz_h_6260 (Message: unknown error: DevToolsActivePort file doesn't exist
Stacktrace:
#0 0x56341d14af33 <unknown>
#1 0x56341ce95118 <unknown>
#2 0x56341cebb282 <unknown>
#3 0x56341ceb77c6 <unknown>
#4 0x56341ceb3d5a <unknown>
#5 0x56341ceeed3a <unknown>
#6 0x56341cee8e63 <unknown>
#7 0x56341cebe82a <unknown>
#8 0x56341cebf985 <unknown>
#9 0x56341d18f4cd <unknown>
#10 0x56341d1935ec <unknown>
#11 0x56341d17971e <unknown>
#12 0x56341d194238 <unknown>
#13 0x56341d16e870 <unknown>
#14 0x56341d1b0608 <unknown>
#15 0x56341d1b0788 <unknown>
#16 0x56341d1caf1d <unknown>
#17 0x7f1010b24ea7 <unknown>
; 13328)
[2022-06-19 04:06:08,841] {local_task_job.py:156} INFO - Task exited with return code 1
[2022-06-19 04:08:11,466] {local_task_job.py:273} INFO - 0 downstream tasks scheduled from follow-on schedule check
