[2022-06-11 18:27:59,066] {taskinstance.py:1159} INFO - Dependencies all met for <TaskInstance: T-dbt-job-objects.dbt_clone_and_transform-objects manual__2022-06-11T18:11:44.385614+00:00 [queued]>
[2022-06-11 18:27:59,090] {taskinstance.py:1159} INFO - Dependencies all met for <TaskInstance: T-dbt-job-objects.dbt_clone_and_transform-objects manual__2022-06-11T18:11:44.385614+00:00 [queued]>
[2022-06-11 18:27:59,091] {taskinstance.py:1356} INFO - 
--------------------------------------------------------------------------------
[2022-06-11 18:27:59,091] {taskinstance.py:1357} INFO - Starting attempt 4 of 4
[2022-06-11 18:27:59,091] {taskinstance.py:1358} INFO - 
--------------------------------------------------------------------------------
[2022-06-11 18:27:59,123] {taskinstance.py:1377} INFO - Executing <Task(BashOperator): dbt_clone_and_transform-objects> on 2022-06-11 18:11:44.385614+00:00
[2022-06-11 18:27:59,141] {standard_task_runner.py:52} INFO - Started process 1330 to run task
[2022-06-11 18:27:59,149] {standard_task_runner.py:79} INFO - Running: ['airflow', 'tasks', 'run', 'T-dbt-job-objects', 'dbt_clone_and_transform-objects', 'manual__2022-06-11T18:11:44.385614+00:00', '--job-id', '82', '--raw', '--subdir', 'DAGS_FOLDER/docker_job/dbt_test.py', '--cfg-path', '/tmp/tmp4_tyqfe9', '--error-file', '/tmp/tmp2sssoq8p']
[2022-06-11 18:27:59,150] {standard_task_runner.py:80} INFO - Job 82: Subtask dbt_clone_and_transform-objects
[2022-06-11 18:27:59,229] {task_command.py:370} INFO - Running <TaskInstance: T-dbt-job-objects.dbt_clone_and_transform-objects manual__2022-06-11T18:11:44.385614+00:00 [running]> on host d8836eb746ac
[2022-06-11 18:27:59,303] {taskinstance.py:1571} INFO - Exporting the following env vars:
AIRFLOW_CTX_DAG_EMAIL=samuelolle@yahoo.com
AIRFLOW_CTX_DAG_OWNER=airflow
AIRFLOW_CTX_DAG_ID=T-dbt-job-objects
AIRFLOW_CTX_TASK_ID=dbt_clone_and_transform-objects
AIRFLOW_CTX_EXECUTION_DATE=2022-06-11T18:11:44.385614+00:00
AIRFLOW_CTX_TRY_NUMBER=4
AIRFLOW_CTX_DAG_RUN_ID=manual__2022-06-11T18:11:44.385614+00:00
[2022-06-11 18:27:59,304] {subprocess.py:62} INFO - Tmp dir root location: 
 /tmp
[2022-06-11 18:27:59,305] {subprocess.py:74} INFO - Running command: ['bash', '-c', " rm -rf /tmp/objects && mkdir /tmp/objects                            && cp -r /tmp/dbt /tmp/objects/dbt                             && cd /tmp/objects/dbt && python3 -m venv venv                             && export PIP_USER=false                             && *** /tmp/objects/dbt/venv/bin/activate                             && pip  install --quiet --upgrade pip setuptools                             && pip3 install --quiet 'MarkupSafe<=2.0.1' 'dbt-postgres' 'dbt-core'                             && dbt --version && deactivate                             && cd /tmp/objects/dbt && *** /tmp/objects/dbt/venv/bin/activate                             && dbt deps --profiles-dir /tmp/objects/dbt/ && dbt seed --profiles-dir /tmp/objects/dbt/                             && dbt run --models objects --profiles-dir /tmp/objects/dbt/"]
[2022-06-11 18:27:59,326] {subprocess.py:85} INFO - Output:
[2022-06-11 18:28:40,789] {subprocess.py:92} INFO - Core:
[2022-06-11 18:28:40,789] {subprocess.py:92} INFO -   - installed: 1.1.0
[2022-06-11 18:28:40,789] {subprocess.py:92} INFO -   - latest:    1.1.0 - [32mUp to date![0m
[2022-06-11 18:28:40,789] {subprocess.py:92} INFO - 
[2022-06-11 18:28:40,789] {subprocess.py:92} INFO - Plugins:
[2022-06-11 18:28:40,789] {subprocess.py:92} INFO -   - postgres: 1.1.0 - [32mUp to date![0m
[2022-06-11 18:28:44,018] {subprocess.py:92} INFO - [0m18:28:44  Running with dbt=1.1.0
[2022-06-11 18:28:44,020] {subprocess.py:92} INFO - [0m18:28:44  Warning: No packages were found in packages.yml
[2022-06-11 18:28:47,219] {subprocess.py:92} INFO - [0m18:28:47  Running with dbt=1.1.0
[2022-06-11 18:28:47,235] {subprocess.py:92} INFO - [0m18:28:47  Partial parse save file not found. Starting full parse.
[2022-06-11 18:28:47,923] {subprocess.py:92} INFO - [0m18:28:47  [WARNING]: Configuration paths exist in your dbt_project.yml file which do not apply to any re***s.
[2022-06-11 18:28:47,924] {subprocess.py:92} INFO - There are 1 unused configuration paths:
[2022-06-11 18:28:47,924] {subprocess.py:92} INFO - - seeds.SAM
[2022-06-11 18:28:47,924] {subprocess.py:92} INFO - 
[2022-06-11 18:28:47,937] {subprocess.py:92} INFO - [0m18:28:47  Found 4 models, 6 tests, 0 snapshots, 0 analyses, 171 macros, 4 operations, 0 seed files, 4 ***s, 0 exposures, 0 metrics
[2022-06-11 18:28:47,938] {subprocess.py:92} INFO - [0m18:28:47
[2022-06-11 18:28:47,939] {subprocess.py:92} INFO - [0m18:28:47  [WARNING]: Nothing to do. Try checking your model configs and model specification args
[2022-06-11 18:28:47,944] {subprocess.py:92} INFO - [0m18:28:47
[2022-06-11 18:28:47,944] {subprocess.py:92} INFO - [0m18:28:47  Completed successfully
[2022-06-11 18:28:47,944] {subprocess.py:92} INFO - [0m18:28:47
[2022-06-11 18:28:47,945] {subprocess.py:92} INFO - [0m18:28:47  Done. PASS=0 WARN=0 ERROR=0 SKIP=0 TOTAL=0
[2022-06-11 18:28:51,211] {subprocess.py:92} INFO - [0m18:28:51  Running with dbt=1.1.0
[2022-06-11 18:28:51,249] {subprocess.py:92} INFO - [0m18:28:51  [WARNING]: Configuration paths exist in your dbt_project.yml file which do not apply to any re***s.
[2022-06-11 18:28:51,249] {subprocess.py:92} INFO - There are 1 unused configuration paths:
[2022-06-11 18:28:51,249] {subprocess.py:92} INFO - - seeds.SAM
[2022-06-11 18:28:51,249] {subprocess.py:92} INFO - 
[2022-06-11 18:28:51,263] {subprocess.py:92} INFO - [0m18:28:51  Found 4 models, 6 tests, 0 snapshots, 0 analyses, 171 macros, 4 operations, 0 seed files, 4 ***s, 0 exposures, 0 metrics
[2022-06-11 18:28:51,265] {subprocess.py:92} INFO - [0m18:28:51
[2022-06-11 18:28:51,353] {subprocess.py:92} INFO - [0m18:28:51  Concurrency: 4 threads (target='dev')
[2022-06-11 18:28:51,353] {subprocess.py:92} INFO - [0m18:28:51
[2022-06-11 18:28:51,369] {subprocess.py:92} INFO - [0m18:28:51  1 of 1 START table model analytics_object.obj_walls ............................ [RUN]
[2022-06-11 18:28:51,420] {subprocess.py:92} INFO - [0m18:28:51  1 of 1 ERROR creating table model analytics_object.obj_walls ................... [ERROR in 0.05s]
[2022-06-11 18:28:51,472] {subprocess.py:92} INFO - [0m18:28:51
[2022-06-11 18:28:51,472] {subprocess.py:92} INFO - [0m18:28:51  Running 4 on-run-end hooks
[2022-06-11 18:28:51,480] {subprocess.py:92} INFO - [0m18:28:51  1 of 4 START hook: SAM.on-run-end.0 ............................................ [RUN]
[2022-06-11 18:28:51,484] {subprocess.py:92} INFO - [0m18:28:51  1 of 4 OK hook: SAM.on-run-end.0 ............................................... [ALTER DEFAULT PRIVILEGES in 0.00s]
[2022-06-11 18:28:51,490] {subprocess.py:92} INFO - [0m18:28:51  2 of 4 START hook: SAM.on-run-end.1 ............................................ [RUN]
[2022-06-11 18:28:51,493] {subprocess.py:92} INFO - [0m18:28:51  2 of 4 OK hook: SAM.on-run-end.1 ............................................... [ALTER DEFAULT PRIVILEGES in 0.00s]
[2022-06-11 18:28:51,497] {subprocess.py:92} INFO - [0m18:28:51  3 of 4 START hook: SAM.on-run-end.2 ............................................ [RUN]
[2022-06-11 18:28:51,499] {subprocess.py:92} INFO - [0m18:28:51  3 of 4 OK hook: SAM.on-run-end.2 ............................................... [ALTER DEFAULT PRIVILEGES in 0.00s]
[2022-06-11 18:28:51,503] {subprocess.py:92} INFO - [0m18:28:51  4 of 4 START hook: SAM.on-run-end.3 ............................................ [RUN]
[2022-06-11 18:28:51,506] {subprocess.py:92} INFO - [0m18:28:51  4 of 4 OK hook: SAM.on-run-end.3 ............................................... [ALTER DEFAULT PRIVILEGES in 0.00s]
[2022-06-11 18:28:51,506] {subprocess.py:92} INFO - [0m18:28:51
[2022-06-11 18:28:51,507] {subprocess.py:92} INFO - [0m18:28:51
[2022-06-11 18:28:51,508] {subprocess.py:92} INFO - [0m18:28:51  Finished running 1 table model, 4 hooks in 0.24s.
[2022-06-11 18:28:51,515] {subprocess.py:92} INFO - [0m18:28:51
[2022-06-11 18:28:51,515] {subprocess.py:92} INFO - [0m18:28:51  Completed with 1 error and 0 warnings:
[2022-06-11 18:28:51,516] {subprocess.py:92} INFO - [0m18:28:51
[2022-06-11 18:28:51,516] {subprocess.py:92} INFO - [0m18:28:51  Database Error in model obj_walls (models/objects/obj_walls.sql)
[2022-06-11 18:28:51,516] {subprocess.py:92} INFO - [0m18:28:51    relation "analytics_object.walls_cdc" does not exist
[2022-06-11 18:28:51,517] {subprocess.py:92} INFO - [0m18:28:51    LINE 6:     select * from "target"."analytics_object"."walls_cdc"
[2022-06-11 18:28:51,517] {subprocess.py:92} INFO - [0m18:28:51                              ^
[2022-06-11 18:28:51,517] {subprocess.py:92} INFO - [0m18:28:51    compiled SQL at target/run/SAM/models/objects/obj_walls.sql
[2022-06-11 18:28:51,518] {subprocess.py:92} INFO - [0m18:28:51
[2022-06-11 18:28:51,518] {subprocess.py:92} INFO - [0m18:28:51  Done. PASS=0 WARN=0 ERROR=1 SKIP=0 TOTAL=1
[2022-06-11 18:28:51,824] {subprocess.py:96} INFO - Command exited with return code 1
[2022-06-11 18:28:51,845] {taskinstance.py:1889} ERROR - Task failed with exception
Traceback (most recent call last):
  File "/home/airflow/.local/lib/python3.7/site-packages/airflow/operators/bash.py", line 195, in execute
    f'Bash command failed. The command returned a non-zero exit code {result.exit_code}.'
airflow.exceptions.AirflowException: Bash command failed. The command returned a non-zero exit code 1.
[2022-06-11 18:28:51,852] {taskinstance.py:1400} INFO - Marking task as FAILED. dag_id=T-dbt-job-objects, task_id=dbt_clone_and_transform-objects, execution_date=20220611T181144, start_date=20220611T182759, end_date=20220611T182851
[2022-06-11 18:28:51,871] {standard_task_runner.py:97} ERROR - Failed to execute job 82 for task dbt_clone_and_transform-objects (Bash command failed. The command returned a non-zero exit code 1.; 1330)
[2022-06-11 18:28:51,897] {local_task_job.py:156} INFO - Task exited with return code 1
[2022-06-11 18:28:51,936] {local_task_job.py:273} INFO - 0 downstream tasks scheduled from follow-on schedule check
