[2022-06-11 18:21:56,420] {taskinstance.py:1159} INFO - Dependencies all met for <TaskInstance: T-dbt-job-objects.dbt_clone_and_transform-objects manual__2022-06-11T18:11:44.385614+00:00 [queued]>
[2022-06-11 18:21:56,430] {taskinstance.py:1159} INFO - Dependencies all met for <TaskInstance: T-dbt-job-objects.dbt_clone_and_transform-objects manual__2022-06-11T18:11:44.385614+00:00 [queued]>
[2022-06-11 18:21:56,430] {taskinstance.py:1356} INFO - 
--------------------------------------------------------------------------------
[2022-06-11 18:21:56,430] {taskinstance.py:1357} INFO - Starting attempt 2 of 2
[2022-06-11 18:21:56,430] {taskinstance.py:1358} INFO - 
--------------------------------------------------------------------------------
[2022-06-11 18:21:56,445] {taskinstance.py:1377} INFO - Executing <Task(BashOperator): dbt_clone_and_transform-objects> on 2022-06-11 18:11:44.385614+00:00
[2022-06-11 18:21:56,451] {standard_task_runner.py:52} INFO - Started process 1168 to run task
[2022-06-11 18:21:56,455] {standard_task_runner.py:79} INFO - Running: ['airflow', 'tasks', 'run', 'T-dbt-job-objects', 'dbt_clone_and_transform-objects', 'manual__2022-06-11T18:11:44.385614+00:00', '--job-id', '77', '--raw', '--subdir', 'DAGS_FOLDER/docker_job/dbt_test.py', '--cfg-path', '/tmp/tmpg0gd8yuo', '--error-file', '/tmp/tmpqb00te6w']
[2022-06-11 18:21:56,456] {standard_task_runner.py:80} INFO - Job 77: Subtask dbt_clone_and_transform-objects
[2022-06-11 18:21:56,518] {task_command.py:370} INFO - Running <TaskInstance: T-dbt-job-objects.dbt_clone_and_transform-objects manual__2022-06-11T18:11:44.385614+00:00 [running]> on host d8836eb746ac
[2022-06-11 18:21:56,633] {taskinstance.py:1571} INFO - Exporting the following env vars:
AIRFLOW_CTX_DAG_EMAIL=samuelolle@yahoo.com
AIRFLOW_CTX_DAG_OWNER=airflow
AIRFLOW_CTX_DAG_ID=T-dbt-job-objects
AIRFLOW_CTX_TASK_ID=dbt_clone_and_transform-objects
AIRFLOW_CTX_EXECUTION_DATE=2022-06-11T18:11:44.385614+00:00
AIRFLOW_CTX_TRY_NUMBER=2
AIRFLOW_CTX_DAG_RUN_ID=manual__2022-06-11T18:11:44.385614+00:00
[2022-06-11 18:21:56,634] {subprocess.py:62} INFO - Tmp dir root location: 
 /tmp
[2022-06-11 18:21:56,635] {subprocess.py:74} INFO - Running command: ['bash', '-c', " rm -rf /tmp/objects && mkdir /tmp/objects                            && cp -r /tmp/dbt /tmp/objects/dbt                             && cd /tmp/objects/dbt && python3 -m venv venv                             && export PIP_USER=false                             && *** /tmp/objects/dbt/venv/bin/activate                             && pip  install --quiet --upgrade pip setuptools                             && pip3 install --quiet 'MarkupSafe<=2.0.1' 'dbt-postgres' 'dbt-core'                             && dbt --version && deactivate                             && cd /tmp/objects/dbt && *** /tmp/objects/dbt/venv/bin/activate                             && dbt deps --profiles-dir /tmp/objects/dbt/ && dbt seed --profiles-dir /tmp/objects/dbt/                             && dbt run --models objects --profiles-dir /tmp/objects/dbt/"]
[2022-06-11 18:21:56,656] {subprocess.py:85} INFO - Output:
[2022-06-11 18:22:33,828] {subprocess.py:92} INFO - Core:
[2022-06-11 18:22:33,828] {subprocess.py:92} INFO -   - installed: 1.1.0
[2022-06-11 18:22:33,829] {subprocess.py:92} INFO -   - latest:    1.1.0 - [32mUp to date![0m
[2022-06-11 18:22:33,829] {subprocess.py:92} INFO - 
[2022-06-11 18:22:33,829] {subprocess.py:92} INFO - Plugins:
[2022-06-11 18:22:33,829] {subprocess.py:92} INFO -   - postgres: 1.1.0 - [32mUp to date![0m
[2022-06-11 18:22:37,456] {subprocess.py:92} INFO - [0m18:22:37  Running with dbt=1.1.0
[2022-06-11 18:22:37,458] {subprocess.py:92} INFO - [0m18:22:37  Warning: No packages were found in packages.yml
[2022-06-11 18:22:40,796] {subprocess.py:92} INFO - [0m18:22:40  Running with dbt=1.1.0
[2022-06-11 18:22:40,813] {subprocess.py:92} INFO - [0m18:22:40  Partial parse save file not found. Starting full parse.
[2022-06-11 18:22:41,433] {subprocess.py:92} INFO - [0m18:22:41  [WARNING]: Configuration paths exist in your dbt_project.yml file which do not apply to any re***s.
[2022-06-11 18:22:41,433] {subprocess.py:92} INFO - There are 1 unused configuration paths:
[2022-06-11 18:22:41,434] {subprocess.py:92} INFO - - seeds.SAM
[2022-06-11 18:22:41,434] {subprocess.py:92} INFO - 
[2022-06-11 18:22:41,446] {subprocess.py:92} INFO - [0m18:22:41  Found 4 models, 6 tests, 0 snapshots, 0 analyses, 171 macros, 4 operations, 0 seed files, 4 ***s, 0 exposures, 0 metrics
[2022-06-11 18:22:41,447] {subprocess.py:92} INFO - [0m18:22:41
[2022-06-11 18:22:41,448] {subprocess.py:92} INFO - [0m18:22:41  [WARNING]: Nothing to do. Try checking your model configs and model specification args
[2022-06-11 18:22:41,454] {subprocess.py:92} INFO - [0m18:22:41
[2022-06-11 18:22:41,454] {subprocess.py:92} INFO - [0m18:22:41  Completed successfully
[2022-06-11 18:22:41,455] {subprocess.py:92} INFO - [0m18:22:41
[2022-06-11 18:22:41,455] {subprocess.py:92} INFO - [0m18:22:41  Done. PASS=0 WARN=0 ERROR=0 SKIP=0 TOTAL=0
[2022-06-11 18:22:44,711] {subprocess.py:92} INFO - [0m18:22:44  Running with dbt=1.1.0
[2022-06-11 18:22:44,748] {subprocess.py:92} INFO - [0m18:22:44  [WARNING]: Configuration paths exist in your dbt_project.yml file which do not apply to any re***s.
[2022-06-11 18:22:44,748] {subprocess.py:92} INFO - There are 1 unused configuration paths:
[2022-06-11 18:22:44,748] {subprocess.py:92} INFO - - seeds.SAM
[2022-06-11 18:22:44,748] {subprocess.py:92} INFO - 
[2022-06-11 18:22:44,766] {subprocess.py:92} INFO - [0m18:22:44  Found 4 models, 6 tests, 0 snapshots, 0 analyses, 171 macros, 4 operations, 0 seed files, 4 ***s, 0 exposures, 0 metrics
[2022-06-11 18:22:44,768] {subprocess.py:92} INFO - [0m18:22:44
[2022-06-11 18:22:44,852] {subprocess.py:92} INFO - [0m18:22:44  Concurrency: 4 threads (target='dev')
[2022-06-11 18:22:44,852] {subprocess.py:92} INFO - [0m18:22:44
[2022-06-11 18:22:44,863] {subprocess.py:92} INFO - [0m18:22:44  1 of 1 START table model analytics_object.obj_walls ............................ [RUN]
[2022-06-11 18:22:44,911] {subprocess.py:92} INFO - [0m18:22:44  1 of 1 ERROR creating table model analytics_object.obj_walls ................... [ERROR in 0.05s]
[2022-06-11 18:22:44,968] {subprocess.py:92} INFO - [0m18:22:44
[2022-06-11 18:22:44,969] {subprocess.py:92} INFO - [0m18:22:44  Running 4 on-run-end hooks
[2022-06-11 18:22:44,975] {subprocess.py:92} INFO - [0m18:22:44  1 of 4 START hook: SAM.on-run-end.0 ............................................ [RUN]
[2022-06-11 18:22:44,979] {subprocess.py:92} INFO - [0m18:22:44  1 of 4 OK hook: SAM.on-run-end.0 ............................................... [ALTER DEFAULT PRIVILEGES in 0.00s]
[2022-06-11 18:22:44,984] {subprocess.py:92} INFO - [0m18:22:44  2 of 4 START hook: SAM.on-run-end.1 ............................................ [RUN]
[2022-06-11 18:22:44,986] {subprocess.py:92} INFO - [0m18:22:44  2 of 4 OK hook: SAM.on-run-end.1 ............................................... [ALTER DEFAULT PRIVILEGES in 0.00s]
[2022-06-11 18:22:44,991] {subprocess.py:92} INFO - [0m18:22:44  3 of 4 START hook: SAM.on-run-end.2 ............................................ [RUN]
[2022-06-11 18:22:44,994] {subprocess.py:92} INFO - [0m18:22:44  3 of 4 OK hook: SAM.on-run-end.2 ............................................... [ALTER DEFAULT PRIVILEGES in 0.00s]
[2022-06-11 18:22:44,999] {subprocess.py:92} INFO - [0m18:22:44  4 of 4 START hook: SAM.on-run-end.3 ............................................ [RUN]
[2022-06-11 18:22:45,001] {subprocess.py:92} INFO - [0m18:22:45  4 of 4 OK hook: SAM.on-run-end.3 ............................................... [ALTER DEFAULT PRIVILEGES in 0.00s]
[2022-06-11 18:22:45,002] {subprocess.py:92} INFO - [0m18:22:45
[2022-06-11 18:22:45,003] {subprocess.py:92} INFO - [0m18:22:45
[2022-06-11 18:22:45,003] {subprocess.py:92} INFO - [0m18:22:45  Finished running 1 table model, 4 hooks in 0.23s.
[2022-06-11 18:22:45,010] {subprocess.py:92} INFO - [0m18:22:45
[2022-06-11 18:22:45,010] {subprocess.py:92} INFO - [0m18:22:45  Completed with 1 error and 0 warnings:
[2022-06-11 18:22:45,010] {subprocess.py:92} INFO - [0m18:22:45
[2022-06-11 18:22:45,011] {subprocess.py:92} INFO - [0m18:22:45  Database Error in model obj_walls (models/objects/obj_walls.sql)
[2022-06-11 18:22:45,011] {subprocess.py:92} INFO - [0m18:22:45    relation "analytics_object.walls_cdc" does not exist
[2022-06-11 18:22:45,011] {subprocess.py:92} INFO - [0m18:22:45    LINE 6:     select * from "target"."analytics_object"."walls_cdc"
[2022-06-11 18:22:45,012] {subprocess.py:92} INFO - [0m18:22:45                              ^
[2022-06-11 18:22:45,012] {subprocess.py:92} INFO - [0m18:22:45    compiled SQL at target/run/SAM/models/objects/obj_walls.sql
[2022-06-11 18:22:45,012] {subprocess.py:92} INFO - [0m18:22:45
[2022-06-11 18:22:45,013] {subprocess.py:92} INFO - [0m18:22:45  Done. PASS=0 WARN=0 ERROR=1 SKIP=0 TOTAL=1
[2022-06-11 18:22:45,269] {subprocess.py:96} INFO - Command exited with return code 1
[2022-06-11 18:22:45,289] {taskinstance.py:1889} ERROR - Task failed with exception
Traceback (most recent call last):
  File "/home/airflow/.local/lib/python3.7/site-packages/airflow/operators/bash.py", line 195, in execute
    f'Bash command failed. The command returned a non-zero exit code {result.exit_code}.'
airflow.exceptions.AirflowException: Bash command failed. The command returned a non-zero exit code 1.
[2022-06-11 18:22:45,294] {taskinstance.py:1400} INFO - Marking task as FAILED. dag_id=T-dbt-job-objects, task_id=dbt_clone_and_transform-objects, execution_date=20220611T181144, start_date=20220611T182156, end_date=20220611T182245
[2022-06-11 18:22:45,309] {standard_task_runner.py:97} ERROR - Failed to execute job 77 for task dbt_clone_and_transform-objects (Bash command failed. The command returned a non-zero exit code 1.; 1168)
[2022-06-11 18:22:45,334] {local_task_job.py:156} INFO - Task exited with return code 1
[2022-06-11 18:22:45,369] {local_task_job.py:273} INFO - 0 downstream tasks scheduled from follow-on schedule check
