[2022-06-18 09:10:06,891] {taskinstance.py:1159} INFO - Dependencies all met for <TaskInstance: Job-price_test_scale.price_test_scale-apple-iphone-x-256gb-space-grau_h_5145 scheduled__2022-06-18T06:17:49.365456+00:00 [queued]>
[2022-06-18 09:10:06,912] {taskinstance.py:1159} INFO - Dependencies all met for <TaskInstance: Job-price_test_scale.price_test_scale-apple-iphone-x-256gb-space-grau_h_5145 scheduled__2022-06-18T06:17:49.365456+00:00 [queued]>
[2022-06-18 09:10:06,912] {taskinstance.py:1356} INFO - 
--------------------------------------------------------------------------------
[2022-06-18 09:10:06,913] {taskinstance.py:1357} INFO - Starting attempt 4 of 6
[2022-06-18 09:10:06,913] {taskinstance.py:1358} INFO - 
--------------------------------------------------------------------------------
[2022-06-18 09:10:06,927] {taskinstance.py:1377} INFO - Executing <Task(PythonOperator): price_test_scale-apple-iphone-x-256gb-space-grau_h_5145> on 2022-06-18 06:17:49.365456+00:00
[2022-06-18 09:10:06,935] {standard_task_runner.py:52} INFO - Started process 3599 to run task
[2022-06-18 09:10:06,939] {standard_task_runner.py:79} INFO - Running: ['airflow', 'tasks', 'run', 'Job-price_test_scale', 'price_test_scale-apple-iphone-x-256gb-space-grau_h_5145', 'scheduled__2022-06-18T06:17:49.365456+00:00', '--job-id', '391', '--raw', '--subdir', 'DAGS_FOLDER/docker_job/price_test_scale.py', '--cfg-path', '/tmp/tmp62r6v0nz', '--error-file', '/tmp/tmp54ffsukq']
[2022-06-18 09:10:06,939] {standard_task_runner.py:80} INFO - Job 391: Subtask price_test_scale-apple-iphone-x-256gb-space-grau_h_5145
[2022-06-18 09:10:06,959] {warnings.py:110} WARNING - /home/airflow/.local/lib/python3.7/site-packages/airflow/configuration.py:525: DeprecationWarning: The sql_alchemy_conn option in [core] has been moved to the sql_alchemy_conn option in [database] - the old setting has been used, but please update your config.
  option = self._get_environment_variables(deprecated_key, deprecated_section, key, section)

[2022-06-18 09:10:07,186] {task_command.py:370} INFO - Running <TaskInstance: Job-price_test_scale.price_test_scale-apple-iphone-x-256gb-space-grau_h_5145 scheduled__2022-06-18T06:17:49.365456+00:00 [running]> on host 2d9e52ec85d2
[2022-06-18 09:10:07,866] {taskinstance.py:1571} INFO - Exporting the following env vars:
AIRFLOW_CTX_DAG_EMAIL=samuel.momoh-olle@asgoodasnew.com
AIRFLOW_CTX_DAG_OWNER=airflow
AIRFLOW_CTX_DAG_ID=Job-price_test_scale
AIRFLOW_CTX_TASK_ID=price_test_scale-apple-iphone-x-256gb-space-grau_h_5145
AIRFLOW_CTX_EXECUTION_DATE=2022-06-18T06:17:49.365456+00:00
AIRFLOW_CTX_TRY_NUMBER=4
AIRFLOW_CTX_DAG_RUN_ID=scheduled__2022-06-18T06:17:49.365456+00:00
[2022-06-18 09:10:07,918] {logging_mixin.py:115} INFO - /opt/airflow
[2022-06-18 09:12:59,759] {logging_mixin.py:115} INFO - https://www.handyverkauf.net/apple-iphone-x-256gb-space-grau_h_5145
[2022-06-18 09:15:10,848] {taskinstance.py:1889} ERROR - Task failed with exception
Traceback (most recent call last):
  File "/home/airflow/.local/lib/python3.7/site-packages/airflow/operators/python.py", line 171, in execute
    return_value = self.execute_callable()
  File "/home/airflow/.local/lib/python3.7/site-packages/airflow/operators/python.py", line 189, in execute_callable
    return self.python_callable(*self.op_args, **self.op_kwargs)
  File "/opt/airflow/dags/docker_job/price_test_scale.py", line 132, in run_from_class
    webdriver.Chrome(executable_path="dags/docker_job/chromedriver", options=options),
  File "/home/airflow/.local/lib/python3.7/site-packages/selenium/webdriver/chrome/webdriver.py", line 73, in __init__
    service_log_path, service, keep_alive)
  File "/home/airflow/.local/lib/python3.7/site-packages/selenium/webdriver/chromium/webdriver.py", line 98, in __init__
    options=options)
  File "/home/airflow/.local/lib/python3.7/site-packages/selenium/webdriver/remote/webdriver.py", line 275, in __init__
    self.start_session(capabilities, browser_profile)
  File "/home/airflow/.local/lib/python3.7/site-packages/selenium/webdriver/remote/webdriver.py", line 365, in start_session
    response = self.execute(Command.NEW_SESSION, parameters)
  File "/home/airflow/.local/lib/python3.7/site-packages/selenium/webdriver/remote/webdriver.py", line 430, in execute
    self.error_handler.check_response(response)
  File "/home/airflow/.local/lib/python3.7/site-packages/selenium/webdriver/remote/errorhandler.py", line 247, in check_response
    raise exception_class(message, screen, stacktrace)
selenium.common.exceptions.WebDriverException: Message: unknown error: DevToolsActivePort file doesn't exist
Stacktrace:
#0 0x555810e11f33 <unknown>
#1 0x555810b5c118 <unknown>
#2 0x555810b82282 <unknown>
#3 0x555810b7e7c6 <unknown>
#4 0x555810b7ad5a <unknown>
#5 0x555810bb5d3a <unknown>
#6 0x555810bafe63 <unknown>
#7 0x555810b8582a <unknown>
#8 0x555810b86985 <unknown>
#9 0x555810e564cd <unknown>
#10 0x555810e5a5ec <unknown>
#11 0x555810e4071e <unknown>
#12 0x555810e5b238 <unknown>
#13 0x555810e35870 <unknown>
#14 0x555810e77608 <unknown>
#15 0x555810e77788 <unknown>
#16 0x555810e91f1d <unknown>
#17 0x7faa171d3ea7 <unknown>

[2022-06-18 09:15:12,317] {taskinstance.py:1400} INFO - Marking task as UP_FOR_RETRY. dag_id=Job-price_test_scale, task_id=price_test_scale-apple-iphone-x-256gb-space-grau_h_5145, execution_date=20220618T061749, start_date=20220618T091006, end_date=20220618T091512
[2022-06-18 09:15:13,355] {standard_task_runner.py:97} ERROR - Failed to execute job 391 for task price_test_scale-apple-iphone-x-256gb-space-grau_h_5145 (Message: unknown error: DevToolsActivePort file doesn't exist
Stacktrace:
#0 0x555810e11f33 <unknown>
#1 0x555810b5c118 <unknown>
#2 0x555810b82282 <unknown>
#3 0x555810b7e7c6 <unknown>
#4 0x555810b7ad5a <unknown>
#5 0x555810bb5d3a <unknown>
#6 0x555810bafe63 <unknown>
#7 0x555810b8582a <unknown>
#8 0x555810b86985 <unknown>
#9 0x555810e564cd <unknown>
#10 0x555810e5a5ec <unknown>
#11 0x555810e4071e <unknown>
#12 0x555810e5b238 <unknown>
#13 0x555810e35870 <unknown>
#14 0x555810e77608 <unknown>
#15 0x555810e77788 <unknown>
#16 0x555810e91f1d <unknown>
#17 0x7faa171d3ea7 <unknown>
; 3599)
[2022-06-18 09:15:13,519] {local_task_job.py:156} INFO - Task exited with return code 1
[2022-06-18 09:16:00,907] {local_task_job.py:281} INFO - Skipping mini scheduling run due to exception: None
Traceback (most recent call last):
  File "/home/airflow/.local/lib/python3.7/site-packages/sqlalchemy/engine/base.py", line 3141, in _wrap_pool_connect
    return fn()
  File "/home/airflow/.local/lib/python3.7/site-packages/sqlalchemy/pool/base.py", line 301, in connect
    return _ConnectionFairy._checkout(self)
  File "/home/airflow/.local/lib/python3.7/site-packages/sqlalchemy/pool/base.py", line 755, in _checkout
    fairy = _ConnectionRecord.checkout(pool)
  File "/home/airflow/.local/lib/python3.7/site-packages/sqlalchemy/pool/base.py", line 419, in checkout
    rec = pool._do_get()
  File "/home/airflow/.local/lib/python3.7/site-packages/sqlalchemy/pool/impl.py", line 259, in _do_get
    return self._create_connection()
  File "/home/airflow/.local/lib/python3.7/site-packages/sqlalchemy/pool/base.py", line 247, in _create_connection
    return _ConnectionRecord(self)
  File "/home/airflow/.local/lib/python3.7/site-packages/sqlalchemy/pool/base.py", line 362, in __init__
    self.__connect(first_connect_check=True)
  File "/home/airflow/.local/lib/python3.7/site-packages/sqlalchemy/pool/base.py", line 605, in __connect
    pool.logger.debug("Error on connect(): %s", e)
  File "/home/airflow/.local/lib/python3.7/site-packages/sqlalchemy/util/langhelpers.py", line 72, in __exit__
    with_traceback=exc_tb,
  File "/home/airflow/.local/lib/python3.7/site-packages/sqlalchemy/util/compat.py", line 211, in raise_
    raise exception
  File "/home/airflow/.local/lib/python3.7/site-packages/sqlalchemy/pool/base.py", line 599, in __connect
    connection = pool._invoke_creator(self)
  File "/home/airflow/.local/lib/python3.7/site-packages/sqlalchemy/engine/create.py", line 578, in connect
    return dialect.connect(*cargs, **cparams)
  File "/home/airflow/.local/lib/python3.7/site-packages/sqlalchemy/engine/default.py", line 583, in connect
    return self.dbapi.connect(*cargs, **cparams)
  File "/home/airflow/.local/lib/python3.7/site-packages/psycopg2/__init__.py", line 122, in connect
    conn = _connect(dsn, connection_factory=connection_factory, **kwasync)
psycopg2.OperationalError: could not translate host name "postgres_***" to address: Temporary failure in name resolution


The above exception was the direct cause of the following exception:

Traceback (most recent call last):
  File "/home/airflow/.local/lib/python3.7/site-packages/airflow/jobs/local_task_job.py", line 244, in _run_mini_scheduler_on_child_tasks
    session=session,
  File "/home/airflow/.local/lib/python3.7/site-packages/sqlalchemy/orm/query.py", line 2780, in one
    return self._iter().one()
  File "/home/airflow/.local/lib/python3.7/site-packages/sqlalchemy/orm/query.py", line 2821, in _iter
    execution_options={"_sa_orm_load_options": self.load_options},
  File "/home/airflow/.local/lib/python3.7/site-packages/sqlalchemy/orm/session.py", line 1669, in execute
    conn = self._connection_for_bind(bind, close_with_result=True)
  File "/home/airflow/.local/lib/python3.7/site-packages/sqlalchemy/orm/session.py", line 1520, in _connection_for_bind
    engine, execution_options
  File "/home/airflow/.local/lib/python3.7/site-packages/sqlalchemy/orm/session.py", line 747, in _connection_for_bind
    conn = bind.connect()
  File "/home/airflow/.local/lib/python3.7/site-packages/sqlalchemy/engine/base.py", line 3095, in connect
    return self._connection_cls(self, close_with_result=close_with_result)
  File "/home/airflow/.local/lib/python3.7/site-packages/sqlalchemy/engine/base.py", line 91, in __init__
    else engine.raw_connection()
  File "/home/airflow/.local/lib/python3.7/site-packages/sqlalchemy/engine/base.py", line 3174, in raw_connection
    return self._wrap_pool_connect(self.pool.connect, _connection)
  File "/home/airflow/.local/lib/python3.7/site-packages/sqlalchemy/engine/base.py", line 3145, in _wrap_pool_connect
    e, dialect, self
  File "/home/airflow/.local/lib/python3.7/site-packages/sqlalchemy/engine/base.py", line 2004, in _handle_dbapi_exception_noconnection
    sqlalchemy_exception, with_traceback=exc_info[2], from_=e
  File "/home/airflow/.local/lib/python3.7/site-packages/sqlalchemy/util/compat.py", line 211, in raise_
    raise exception
  File "/home/airflow/.local/lib/python3.7/site-packages/sqlalchemy/engine/base.py", line 3141, in _wrap_pool_connect
    return fn()
  File "/home/airflow/.local/lib/python3.7/site-packages/sqlalchemy/pool/base.py", line 301, in connect
    return _ConnectionFairy._checkout(self)
  File "/home/airflow/.local/lib/python3.7/site-packages/sqlalchemy/pool/base.py", line 755, in _checkout
    fairy = _ConnectionRecord.checkout(pool)
  File "/home/airflow/.local/lib/python3.7/site-packages/sqlalchemy/pool/base.py", line 419, in checkout
    rec = pool._do_get()
  File "/home/airflow/.local/lib/python3.7/site-packages/sqlalchemy/pool/impl.py", line 259, in _do_get
    return self._create_connection()
  File "/home/airflow/.local/lib/python3.7/site-packages/sqlalchemy/pool/base.py", line 247, in _create_connection
    return _ConnectionRecord(self)
  File "/home/airflow/.local/lib/python3.7/site-packages/sqlalchemy/pool/base.py", line 362, in __init__
    self.__connect(first_connect_check=True)
  File "/home/airflow/.local/lib/python3.7/site-packages/sqlalchemy/pool/base.py", line 605, in __connect
    pool.logger.debug("Error on connect(): %s", e)
  File "/home/airflow/.local/lib/python3.7/site-packages/sqlalchemy/util/langhelpers.py", line 72, in __exit__
    with_traceback=exc_tb,
  File "/home/airflow/.local/lib/python3.7/site-packages/sqlalchemy/util/compat.py", line 211, in raise_
    raise exception
  File "/home/airflow/.local/lib/python3.7/site-packages/sqlalchemy/pool/base.py", line 599, in __connect
    connection = pool._invoke_creator(self)
  File "/home/airflow/.local/lib/python3.7/site-packages/sqlalchemy/engine/create.py", line 578, in connect
    return dialect.connect(*cargs, **cparams)
  File "/home/airflow/.local/lib/python3.7/site-packages/sqlalchemy/engine/default.py", line 583, in connect
    return self.dbapi.connect(*cargs, **cparams)
  File "/home/airflow/.local/lib/python3.7/site-packages/psycopg2/__init__.py", line 122, in connect
    conn = _connect(dsn, connection_factory=connection_factory, **kwasync)
sqlalchemy.exc.OperationalError: (psycopg2.OperationalError) could not translate host name "postgres_***" to address: Temporary failure in name resolution

(Background on this error at: http://sqlalche.me/e/14/e3q8)
