[2022-06-19 19:48:26,753] {taskinstance.py:1159} INFO - Dependencies all met for <TaskInstance: T-dbt-job-objects.dbt_clone_and_transform-objects manual__2022-06-19T19:46:04.520041+00:00 [queued]>
[2022-06-19 19:48:26,760] {taskinstance.py:1159} INFO - Dependencies all met for <TaskInstance: T-dbt-job-objects.dbt_clone_and_transform-objects manual__2022-06-19T19:46:04.520041+00:00 [queued]>
[2022-06-19 19:48:26,760] {taskinstance.py:1356} INFO - 
--------------------------------------------------------------------------------
[2022-06-19 19:48:26,760] {taskinstance.py:1357} INFO - Starting attempt 2 of 3
[2022-06-19 19:48:26,760] {taskinstance.py:1358} INFO - 
--------------------------------------------------------------------------------
[2022-06-19 19:48:26,772] {taskinstance.py:1377} INFO - Executing <Task(BashOperator): dbt_clone_and_transform-objects> on 2022-06-19 19:46:04.520041+00:00
[2022-06-19 19:48:26,776] {standard_task_runner.py:52} INFO - Started process 144 to run task
[2022-06-19 19:48:26,779] {standard_task_runner.py:79} INFO - Running: ['airflow', 'tasks', 'run', 'T-dbt-job-objects', 'dbt_clone_and_transform-objects', 'manual__2022-06-19T19:46:04.520041+00:00', '--job-id', '12', '--raw', '--subdir', 'DAGS_FOLDER/docker_job/dbt_model.py', '--cfg-path', '/tmp/tmp88g8te5n', '--error-file', '/tmp/tmpdoc9ld9c']
[2022-06-19 19:48:26,779] {standard_task_runner.py:80} INFO - Job 12: Subtask dbt_clone_and_transform-objects
[2022-06-19 19:48:26,821] {task_command.py:370} INFO - Running <TaskInstance: T-dbt-job-objects.dbt_clone_and_transform-objects manual__2022-06-19T19:46:04.520041+00:00 [running]> on host 7cbff6e51e2a
[2022-06-19 19:48:26,879] {taskinstance.py:1571} INFO - Exporting the following env vars:
AIRFLOW_CTX_DAG_EMAIL=samuelolle@yahoo.com
AIRFLOW_CTX_DAG_OWNER=airflow
AIRFLOW_CTX_DAG_ID=T-dbt-job-objects
AIRFLOW_CTX_TASK_ID=dbt_clone_and_transform-objects
AIRFLOW_CTX_EXECUTION_DATE=2022-06-19T19:46:04.520041+00:00
AIRFLOW_CTX_TRY_NUMBER=2
AIRFLOW_CTX_DAG_RUN_ID=manual__2022-06-19T19:46:04.520041+00:00
[2022-06-19 19:48:26,880] {subprocess.py:62} INFO - Tmp dir root location: 
 /tmp
[2022-06-19 19:48:26,881] {subprocess.py:74} INFO - Running command: ['bash', '-c', " rm -rf /tmp/objects && mkdir /tmp/objects                            && cp -r /tmp/dbt /tmp/objects/dbt                             && cd /tmp/objects/dbt && python3 -m venv venv                             && export PIP_USER=false                             && *** /tmp/objects/dbt/venv/bin/activate                             && pip  install --quiet --upgrade pip setuptools                             && pip3 install --quiet 'MarkupSafe<=2.0.1' 'dbt-postgres' 'dbt-core'                             && dbt --version && deactivate                             && cd /tmp/objects/dbt && *** /tmp/objects/dbt/venv/bin/activate                             && dbt deps --profiles-dir /tmp/objects/dbt/ && dbt seed --profiles-dir /tmp/objects/dbt/                             && dbt run --models objects --profiles-dir /tmp/objects/dbt/"]
[2022-06-19 19:48:26,891] {subprocess.py:85} INFO - Output:
[2022-06-19 19:48:58,250] {subprocess.py:92} INFO - Core:
[2022-06-19 19:48:58,250] {subprocess.py:92} INFO -   - installed: 1.1.1
[2022-06-19 19:48:58,250] {subprocess.py:92} INFO -   - latest:    1.1.1 - [32mUp to date![0m
[2022-06-19 19:48:58,250] {subprocess.py:92} INFO - 
[2022-06-19 19:48:58,250] {subprocess.py:92} INFO - Plugins:
[2022-06-19 19:48:58,250] {subprocess.py:92} INFO -   - postgres: 1.1.1 - [32mUp to date![0m
[2022-06-19 19:49:00,810] {subprocess.py:92} INFO - [0m19:49:00  Running with dbt=1.1.1
[2022-06-19 19:49:00,811] {subprocess.py:92} INFO - [0m19:49:00  Warning: No packages were found in packages.yml
[2022-06-19 19:49:03,424] {subprocess.py:92} INFO - [0m19:49:03  Running with dbt=1.1.1
[2022-06-19 19:49:03,438] {subprocess.py:92} INFO - [0m19:49:03  Partial parse save file not found. Starting full parse.
[2022-06-19 19:49:03,942] {subprocess.py:92} INFO - [0m19:49:03  Encountered an error:
[2022-06-19 19:49:03,942] {subprocess.py:92} INFO - Compilation Error in model dim_user_wall (models/example/dim_user_wall.sql)
[2022-06-19 19:49:03,943] {subprocess.py:92} INFO -   expected token ',', got '='
[2022-06-19 19:49:03,943] {subprocess.py:92} INFO -     line 3
[2022-06-19 19:49:03,943] {subprocess.py:92} INFO -       --        materialized='incremental'
[2022-06-19 19:49:04,072] {subprocess.py:96} INFO - Command exited with return code 2
[2022-06-19 19:49:04,084] {taskinstance.py:1889} ERROR - Task failed with exception
Traceback (most recent call last):
  File "/home/airflow/.local/lib/python3.7/site-packages/airflow/operators/bash.py", line 195, in execute
    f'Bash command failed. The command returned a non-zero exit code {result.exit_code}.'
airflow.exceptions.AirflowException: Bash command failed. The command returned a non-zero exit code 2.
[2022-06-19 19:49:04,087] {taskinstance.py:1400} INFO - Marking task as UP_FOR_RETRY. dag_id=T-dbt-job-objects, task_id=dbt_clone_and_transform-objects, execution_date=20220619T194604, start_date=20220619T194826, end_date=20220619T194904
[2022-06-19 19:49:04,097] {standard_task_runner.py:97} ERROR - Failed to execute job 12 for task dbt_clone_and_transform-objects (Bash command failed. The command returned a non-zero exit code 2.; 144)
[2022-06-19 19:49:04,109] {local_task_job.py:156} INFO - Task exited with return code 1
[2022-06-19 19:49:04,142] {local_task_job.py:273} INFO - 0 downstream tasks scheduled from follow-on schedule check
