[2022-06-17 20:13:01,843] {taskinstance.py:1159} INFO - Dependencies all met for <TaskInstance: Job-pts.pts-Papple-iphone-xs-512gb-space-grau_h_6248 manual__2022-06-17T20:12:59.782916+00:00 [queued]>
[2022-06-17 20:13:01,861] {taskinstance.py:1159} INFO - Dependencies all met for <TaskInstance: Job-pts.pts-Papple-iphone-xs-512gb-space-grau_h_6248 manual__2022-06-17T20:12:59.782916+00:00 [queued]>
[2022-06-17 20:13:01,862] {taskinstance.py:1356} INFO - 
--------------------------------------------------------------------------------
[2022-06-17 20:13:01,862] {taskinstance.py:1357} INFO - Starting attempt 1 of 6
[2022-06-17 20:13:01,862] {taskinstance.py:1358} INFO - 
--------------------------------------------------------------------------------
[2022-06-17 20:13:01,932] {taskinstance.py:1377} INFO - Executing <Task(PythonOperator): pts-Papple-iphone-xs-512gb-space-grau_h_6248> on 2022-06-17 20:12:59.782916+00:00
[2022-06-17 20:13:01,937] {standard_task_runner.py:52} INFO - Started process 1624 to run task
[2022-06-17 20:13:01,987] {standard_task_runner.py:79} INFO - Running: ['airflow', 'tasks', 'run', 'Job-pts', 'pts-Papple-iphone-xs-512gb-space-grau_h_6248', 'manual__2022-06-17T20:12:59.782916+00:00', '--job-id', '297', '--raw', '--subdir', 'DAGS_FOLDER/docker_job/price_scale.py', '--cfg-path', '/tmp/tmpy8v48x19', '--error-file', '/tmp/tmpm5c7skuo']
[2022-06-17 20:13:01,988] {standard_task_runner.py:80} INFO - Job 297: Subtask pts-Papple-iphone-xs-512gb-space-grau_h_6248
[2022-06-17 20:13:02,580] {task_command.py:370} INFO - Running <TaskInstance: Job-pts.pts-Papple-iphone-xs-512gb-space-grau_h_6248 manual__2022-06-17T20:12:59.782916+00:00 [running]> on host 3c1ac2e19971
[2022-06-17 20:13:02,974] {taskinstance.py:1571} INFO - Exporting the following env vars:
AIRFLOW_CTX_DAG_EMAIL=samuel.momoh-olle@asgoodasnew.com
AIRFLOW_CTX_DAG_OWNER=airflow
AIRFLOW_CTX_DAG_ID=Job-pts
AIRFLOW_CTX_TASK_ID=pts-Papple-iphone-xs-512gb-space-grau_h_6248
AIRFLOW_CTX_EXECUTION_DATE=2022-06-17T20:12:59.782916+00:00
AIRFLOW_CTX_TRY_NUMBER=1
AIRFLOW_CTX_DAG_RUN_ID=manual__2022-06-17T20:12:59.782916+00:00
[2022-06-17 20:14:21,353] {logging_mixin.py:115} INFO - ['https://www.handyverkauf.net/apple-iphone-x-64gb-space-grau_h_5143', 'https://www.handyverkauf.net/apple-iphone-x-256gb-space-grau_h_5145', 'https://www.handyverkauf.net/apple-iphone-xs-64gb-space-grau_h_6242', 'https://www.handyverkauf.net/apple-iphone-xs-256gb-space-grau_h_6245', 'https://www.handyverkauf.net/apple-iphone-xs-512gb-space-grau_h_6248', 'https://www.handyverkauf.net/apple-iphone-xs-max-64gb-space-grau_h_6251', 'https://www.handyverkauf.net/apple-iphone-xs-max-256gb-space-grau_h_6254', 'https://www.handyverkauf.net/apple-iphone-xs-max-512gb-space-grau_h_6257', 'https://www.handyverkauf.net/apple-iphone-xr-64gb-schwarz_h_6260', 'https://www.handyverkauf.net/apple-iphone-xr-128gb-schwarz_h_6266']
[2022-06-17 20:15:29,908] {taskinstance.py:1889} ERROR - Task failed with exception
Traceback (most recent call last):
  File "/home/airflow/.local/lib/python3.7/site-packages/airflow/operators/python.py", line 171, in execute
    return_value = self.execute_callable()
  File "/home/airflow/.local/lib/python3.7/site-packages/airflow/operators/python.py", line 189, in execute_callable
    return self.python_callable(*self.op_args, **self.op_kwargs)
  File "/opt/airflow/dags/docker_job/price_scale.py", line 119, in test
    webdriver.Chrome(executable_path="dags/docker_job/chromedriver", options=options),
  File "/home/airflow/.local/lib/python3.7/site-packages/selenium/webdriver/chrome/webdriver.py", line 73, in __init__
    service_log_path, service, keep_alive)
  File "/home/airflow/.local/lib/python3.7/site-packages/selenium/webdriver/chromium/webdriver.py", line 98, in __init__
    options=options)
  File "/home/airflow/.local/lib/python3.7/site-packages/selenium/webdriver/remote/webdriver.py", line 275, in __init__
    self.start_session(capabilities, browser_profile)
  File "/home/airflow/.local/lib/python3.7/site-packages/selenium/webdriver/remote/webdriver.py", line 365, in start_session
    response = self.execute(Command.NEW_SESSION, parameters)
  File "/home/airflow/.local/lib/python3.7/site-packages/selenium/webdriver/remote/webdriver.py", line 430, in execute
    self.error_handler.check_response(response)
  File "/home/airflow/.local/lib/python3.7/site-packages/selenium/webdriver/remote/errorhandler.py", line 247, in check_response
    raise exception_class(message, screen, stacktrace)
selenium.common.exceptions.WebDriverException: Message: unknown error: DevToolsActivePort file doesn't exist
Stacktrace:
#0 0x56499d658f33 <unknown>
#1 0x56499d3a3118 <unknown>
#2 0x56499d3c9282 <unknown>
#3 0x56499d3c57c6 <unknown>
#4 0x56499d3c1d5a <unknown>
#5 0x56499d3fcd3a <unknown>
#6 0x56499d3f6e63 <unknown>
#7 0x56499d3cc82a <unknown>
#8 0x56499d3cd985 <unknown>
#9 0x56499d69d4cd <unknown>
#10 0x56499d6a15ec <unknown>
#11 0x56499d68771e <unknown>
#12 0x56499d6a2238 <unknown>
#13 0x56499d67c870 <unknown>
#14 0x56499d6be608 <unknown>
#15 0x56499d6be788 <unknown>
#16 0x56499d6d8f1d <unknown>
#17 0x7fcf0b068ea7 <unknown>

[2022-06-17 20:15:30,828] {taskinstance.py:1400} INFO - Marking task as UP_FOR_RETRY. dag_id=Job-pts, task_id=pts-Papple-iphone-xs-512gb-space-grau_h_6248, execution_date=20220617T201259, start_date=20220617T201301, end_date=20220617T201530
[2022-06-17 20:15:31,131] {standard_task_runner.py:97} ERROR - Failed to execute job 297 for task pts-Papple-iphone-xs-512gb-space-grau_h_6248 (Message: unknown error: DevToolsActivePort file doesn't exist
Stacktrace:
#0 0x56499d658f33 <unknown>
#1 0x56499d3a3118 <unknown>
#2 0x56499d3c9282 <unknown>
#3 0x56499d3c57c6 <unknown>
#4 0x56499d3c1d5a <unknown>
#5 0x56499d3fcd3a <unknown>
#6 0x56499d3f6e63 <unknown>
#7 0x56499d3cc82a <unknown>
#8 0x56499d3cd985 <unknown>
#9 0x56499d69d4cd <unknown>
#10 0x56499d6a15ec <unknown>
#11 0x56499d68771e <unknown>
#12 0x56499d6a2238 <unknown>
#13 0x56499d67c870 <unknown>
#14 0x56499d6be608 <unknown>
#15 0x56499d6be788 <unknown>
#16 0x56499d6d8f1d <unknown>
#17 0x7fcf0b068ea7 <unknown>
; 1624)
[2022-06-17 20:15:31,154] {local_task_job.py:156} INFO - Task exited with return code 1
[2022-06-17 20:15:31,937] {local_task_job.py:273} INFO - 0 downstream tasks scheduled from follow-on schedule check
