[2022-06-18 08:47:50,785] {taskinstance.py:1159} INFO - Dependencies all met for <TaskInstance: Job-pts.pts-Papple-iphone-x-256gb-space-grau_h_5145 scheduled__2022-06-17T22:40:58.837877+00:00 [queued]>
[2022-06-18 08:47:50,801] {taskinstance.py:1159} INFO - Dependencies all met for <TaskInstance: Job-pts.pts-Papple-iphone-x-256gb-space-grau_h_5145 scheduled__2022-06-17T22:40:58.837877+00:00 [queued]>
[2022-06-18 08:47:50,801] {taskinstance.py:1356} INFO - 
--------------------------------------------------------------------------------
[2022-06-18 08:47:50,801] {taskinstance.py:1357} INFO - Starting attempt 1 of 6
[2022-06-18 08:47:50,801] {taskinstance.py:1358} INFO - 
--------------------------------------------------------------------------------
[2022-06-18 08:47:50,833] {taskinstance.py:1377} INFO - Executing <Task(PythonOperator): pts-Papple-iphone-x-256gb-space-grau_h_5145> on 2022-06-17 22:40:58.837877+00:00
[2022-06-18 08:47:50,836] {standard_task_runner.py:52} INFO - Started process 2286 to run task
[2022-06-18 08:47:50,868] {standard_task_runner.py:79} INFO - Running: ['airflow', 'tasks', 'run', 'Job-pts', 'pts-Papple-iphone-x-256gb-space-grau_h_5145', 'scheduled__2022-06-17T22:40:58.837877+00:00', '--job-id', '349', '--raw', '--subdir', 'DAGS_FOLDER/docker_job/price_scale.py', '--cfg-path', '/tmp/tmpcfataj5p', '--error-file', '/tmp/tmps0ct7vwe']
[2022-06-18 08:47:50,868] {standard_task_runner.py:80} INFO - Job 349: Subtask pts-Papple-iphone-x-256gb-space-grau_h_5145
[2022-06-18 08:47:50,899] {warnings.py:110} WARNING - /home/airflow/.local/lib/python3.7/site-packages/airflow/configuration.py:525: DeprecationWarning: The sql_alchemy_conn option in [core] has been moved to the sql_alchemy_conn option in [database] - the old setting has been used, but please update your config.
  option = self._get_environment_variables(deprecated_key, deprecated_section, key, section)

[2022-06-18 08:47:51,075] {task_command.py:370} INFO - Running <TaskInstance: Job-pts.pts-Papple-iphone-x-256gb-space-grau_h_5145 scheduled__2022-06-17T22:40:58.837877+00:00 [running]> on host 3c1ac2e19971
[2022-06-18 08:47:52,564] {taskinstance.py:1571} INFO - Exporting the following env vars:
AIRFLOW_CTX_DAG_EMAIL=samuel.momoh-olle@asgoodasnew.com
AIRFLOW_CTX_DAG_OWNER=airflow
AIRFLOW_CTX_DAG_ID=Job-pts
AIRFLOW_CTX_TASK_ID=pts-Papple-iphone-x-256gb-space-grau_h_5145
AIRFLOW_CTX_EXECUTION_DATE=2022-06-17T22:40:58.837877+00:00
AIRFLOW_CTX_TRY_NUMBER=1
AIRFLOW_CTX_DAG_RUN_ID=scheduled__2022-06-17T22:40:58.837877+00:00
[2022-06-18 08:47:56,312] {logging_mixin.py:115} INFO - ['https://www.handyverkauf.net/apple-iphone-x-64gb-space-grau_h_5143', 'https://www.handyverkauf.net/apple-iphone-x-256gb-space-grau_h_5145', 'https://www.handyverkauf.net/apple-iphone-xs-64gb-space-grau_h_6242', 'https://www.handyverkauf.net/apple-iphone-xs-256gb-space-grau_h_6245', 'https://www.handyverkauf.net/apple-iphone-xs-512gb-space-grau_h_6248', 'https://www.handyverkauf.net/apple-iphone-xs-max-64gb-space-grau_h_6251', 'https://www.handyverkauf.net/apple-iphone-xs-max-256gb-space-grau_h_6254', 'https://www.handyverkauf.net/apple-iphone-xs-max-512gb-space-grau_h_6257', 'https://www.handyverkauf.net/apple-iphone-xr-64gb-schwarz_h_6260', 'https://www.handyverkauf.net/apple-iphone-xr-128gb-schwarz_h_6266']
[2022-06-18 08:49:41,943] {taskinstance.py:1889} ERROR - Task failed with exception
Traceback (most recent call last):
  File "/home/airflow/.local/lib/python3.7/site-packages/airflow/operators/python.py", line 171, in execute
    return_value = self.execute_callable()
  File "/home/airflow/.local/lib/python3.7/site-packages/airflow/operators/python.py", line 189, in execute_callable
    return self.python_callable(*self.op_args, **self.op_kwargs)
  File "/opt/airflow/dags/docker_job/price_scale.py", line 119, in test
    webdriver.Chrome(executable_path="dags/docker_job/chromedriver", options=options),
  File "/home/airflow/.local/lib/python3.7/site-packages/selenium/webdriver/chrome/webdriver.py", line 73, in __init__
    service_log_path, service, keep_alive)
  File "/home/airflow/.local/lib/python3.7/site-packages/selenium/webdriver/chromium/webdriver.py", line 98, in __init__
    options=options)
  File "/home/airflow/.local/lib/python3.7/site-packages/selenium/webdriver/remote/webdriver.py", line 275, in __init__
    self.start_session(capabilities, browser_profile)
  File "/home/airflow/.local/lib/python3.7/site-packages/selenium/webdriver/remote/webdriver.py", line 365, in start_session
    response = self.execute(Command.NEW_SESSION, parameters)
  File "/home/airflow/.local/lib/python3.7/site-packages/selenium/webdriver/remote/webdriver.py", line 430, in execute
    self.error_handler.check_response(response)
  File "/home/airflow/.local/lib/python3.7/site-packages/selenium/webdriver/remote/errorhandler.py", line 247, in check_response
    raise exception_class(message, screen, stacktrace)
selenium.common.exceptions.WebDriverException: Message: unknown error: DevToolsActivePort file doesn't exist
Stacktrace:
#0 0x563e75a6af33 <unknown>
#1 0x563e757b5118 <unknown>
#2 0x563e757db282 <unknown>
#3 0x563e757d77c6 <unknown>
#4 0x563e757d3d5a <unknown>
#5 0x563e7580ed3a <unknown>
#6 0x563e75808e63 <unknown>
#7 0x563e757de82a <unknown>
#8 0x563e757df985 <unknown>
#9 0x563e75aaf4cd <unknown>
#10 0x563e75ab35ec <unknown>
#11 0x563e75a9971e <unknown>
#12 0x563e75ab4238 <unknown>
#13 0x563e75a8e870 <unknown>
#14 0x563e75ad0608 <unknown>
#15 0x563e75ad0788 <unknown>
#16 0x563e75aeaf1d <unknown>
#17 0x7fb7d0187ea7 <unknown>

[2022-06-18 08:49:45,001] {taskinstance.py:1400} INFO - Marking task as UP_FOR_RETRY. dag_id=Job-pts, task_id=pts-Papple-iphone-x-256gb-space-grau_h_5145, execution_date=20220617T224058, start_date=20220618T084750, end_date=20220618T084944
[2022-06-18 08:49:46,670] {standard_task_runner.py:97} ERROR - Failed to execute job 349 for task pts-Papple-iphone-x-256gb-space-grau_h_5145 (Message: unknown error: DevToolsActivePort file doesn't exist
Stacktrace:
#0 0x563e75a6af33 <unknown>
#1 0x563e757b5118 <unknown>
#2 0x563e757db282 <unknown>
#3 0x563e757d77c6 <unknown>
#4 0x563e757d3d5a <unknown>
#5 0x563e7580ed3a <unknown>
#6 0x563e75808e63 <unknown>
#7 0x563e757de82a <unknown>
#8 0x563e757df985 <unknown>
#9 0x563e75aaf4cd <unknown>
#10 0x563e75ab35ec <unknown>
#11 0x563e75a9971e <unknown>
#12 0x563e75ab4238 <unknown>
#13 0x563e75a8e870 <unknown>
#14 0x563e75ad0608 <unknown>
#15 0x563e75ad0788 <unknown>
#16 0x563e75aeaf1d <unknown>
#17 0x7fb7d0187ea7 <unknown>
; 2286)
[2022-06-18 08:49:46,752] {local_task_job.py:156} INFO - Task exited with return code 1
[2022-06-18 08:49:47,382] {local_task_job.py:273} INFO - 0 downstream tasks scheduled from follow-on schedule check
