[2022-06-16 08:02:02,793] {taskinstance.py:1159} INFO - Dependencies all met for <TaskInstance: Job-pts.pts scheduled__2022-06-16T05:31:58.805908+00:00 [queued]>
[2022-06-16 08:02:02,801] {taskinstance.py:1159} INFO - Dependencies all met for <TaskInstance: Job-pts.pts scheduled__2022-06-16T05:31:58.805908+00:00 [queued]>
[2022-06-16 08:02:02,801] {taskinstance.py:1356} INFO - 
--------------------------------------------------------------------------------
[2022-06-16 08:02:02,801] {taskinstance.py:1357} INFO - Starting attempt 1 of 6
[2022-06-16 08:02:02,801] {taskinstance.py:1358} INFO - 
--------------------------------------------------------------------------------
[2022-06-16 08:02:02,811] {taskinstance.py:1377} INFO - Executing <Task(PythonOperator): pts> on 2022-06-16 05:31:58.805908+00:00
[2022-06-16 08:02:02,833] {standard_task_runner.py:52} INFO - Started process 6093 to run task
[2022-06-16 08:02:02,901] {standard_task_runner.py:79} INFO - Running: ['airflow', 'tasks', 'run', 'Job-pts', 'pts', 'scheduled__2022-06-16T05:31:58.805908+00:00', '--job-id', '142', '--raw', '--subdir', 'DAGS_FOLDER/docker_job/price_scale.py', '--cfg-path', '/tmp/tmpw9m7g6hi', '--error-file', '/tmp/tmptygv2y8n']
[2022-06-16 08:02:02,901] {standard_task_runner.py:80} INFO - Job 142: Subtask pts
[2022-06-16 08:02:03,254] {warnings.py:110} WARNING - /home/airflow/.local/lib/python3.7/site-packages/airflow/configuration.py:525: DeprecationWarning: The sql_alchemy_conn option in [core] has been moved to the sql_alchemy_conn option in [database] - the old setting has been used, but please update your config.
  option = self._get_environment_variables(deprecated_key, deprecated_section, key, section)

[2022-06-16 08:02:03,401] {task_command.py:370} INFO - Running <TaskInstance: Job-pts.pts scheduled__2022-06-16T05:31:58.805908+00:00 [running]> on host 31bbb70af43b
[2022-06-16 08:02:03,555] {taskinstance.py:1571} INFO - Exporting the following env vars:
AIRFLOW_CTX_DAG_EMAIL=samuel.momoh-olle@asgoodasnew.com
AIRFLOW_CTX_DAG_OWNER=airflow
AIRFLOW_CTX_DAG_ID=Job-pts
AIRFLOW_CTX_TASK_ID=pts
AIRFLOW_CTX_EXECUTION_DATE=2022-06-16T05:31:58.805908+00:00
AIRFLOW_CTX_TRY_NUMBER=1
AIRFLOW_CTX_DAG_RUN_ID=scheduled__2022-06-16T05:31:58.805908+00:00
[2022-06-16 08:02:03,559] {logging_mixin.py:115} INFO - /opt/airflow
[2022-06-16 08:02:10,960] {logging_mixin.py:115} INFO - https://www.handyverkauf.net/apple-iphone-x-64gb-space-grau_h_5143
[2022-06-16 08:03:15,532] {taskinstance.py:1889} ERROR - Task failed with exception
Traceback (most recent call last):
  File "/home/airflow/.local/lib/python3.7/site-packages/airflow/operators/python.py", line 171, in execute
    return_value = self.execute_callable()
  File "/home/airflow/.local/lib/python3.7/site-packages/airflow/operators/python.py", line 189, in execute_callable
    return self.python_callable(*self.op_args, **self.op_kwargs)
  File "/opt/airflow/dags/docker_job/price_scale.py", line 175, in run_from_class
    python_task.execute(dict())
  File "/home/airflow/.local/lib/python3.7/site-packages/airflow/operators/python.py", line 171, in execute
    return_value = self.execute_callable()
  File "/home/airflow/.local/lib/python3.7/site-packages/airflow/operators/python.py", line 189, in execute_callable
    return self.python_callable(*self.op_args, **self.op_kwargs)
  File "/opt/airflow/dags/docker_job/price_scale.py", line 123, in test
    webdriver.Chrome(executable_path="dags/docker_job/chromedriver", options=options),
  File "/home/airflow/.local/lib/python3.7/site-packages/selenium/webdriver/chrome/webdriver.py", line 73, in __init__
    service_log_path, service, keep_alive)
  File "/home/airflow/.local/lib/python3.7/site-packages/selenium/webdriver/chromium/webdriver.py", line 98, in __init__
    options=options)
  File "/home/airflow/.local/lib/python3.7/site-packages/selenium/webdriver/remote/webdriver.py", line 275, in __init__
    self.start_session(capabilities, browser_profile)
  File "/home/airflow/.local/lib/python3.7/site-packages/selenium/webdriver/remote/webdriver.py", line 365, in start_session
    response = self.execute(Command.NEW_SESSION, parameters)
  File "/home/airflow/.local/lib/python3.7/site-packages/selenium/webdriver/remote/webdriver.py", line 430, in execute
    self.error_handler.check_response(response)
  File "/home/airflow/.local/lib/python3.7/site-packages/selenium/webdriver/remote/errorhandler.py", line 247, in check_response
    raise exception_class(message, screen, stacktrace)
selenium.common.exceptions.WebDriverException: Message: unknown error: DevToolsActivePort file doesn't exist
Stacktrace:
#0 0x555d3a0bbf33 <unknown>
#1 0x555d39e06118 <unknown>
#2 0x555d39e2c282 <unknown>
#3 0x555d39e287c6 <unknown>
#4 0x555d39e24d5a <unknown>
#5 0x555d39e5fd3a <unknown>
#6 0x555d39e59e63 <unknown>
#7 0x555d39e2f82a <unknown>
#8 0x555d39e30985 <unknown>
#9 0x555d3a1004cd <unknown>
#10 0x555d3a1045ec <unknown>
#11 0x555d3a0ea71e <unknown>
#12 0x555d3a105238 <unknown>
#13 0x555d3a0df870 <unknown>
#14 0x555d3a121608 <unknown>
#15 0x555d3a121788 <unknown>
#16 0x555d3a13bf1d <unknown>
#17 0x7f20c1ee4ea7 <unknown>

[2022-06-16 08:03:18,198] {taskinstance.py:1400} INFO - Marking task as UP_FOR_RETRY. dag_id=Job-pts, task_id=pts, execution_date=20220616T053158, start_date=20220616T080202, end_date=20220616T080318
[2022-06-16 08:04:22,493] {standard_task_runner.py:97} ERROR - Failed to execute job 142 for task pts (Message: unknown error: DevToolsActivePort file doesn't exist
Stacktrace:
#0 0x555d3a0bbf33 <unknown>
#1 0x555d39e06118 <unknown>
#2 0x555d39e2c282 <unknown>
#3 0x555d39e287c6 <unknown>
#4 0x555d39e24d5a <unknown>
#5 0x555d39e5fd3a <unknown>
#6 0x555d39e59e63 <unknown>
#7 0x555d39e2f82a <unknown>
#8 0x555d39e30985 <unknown>
#9 0x555d3a1004cd <unknown>
#10 0x555d3a1045ec <unknown>
#11 0x555d3a0ea71e <unknown>
#12 0x555d3a105238 <unknown>
#13 0x555d3a0df870 <unknown>
#14 0x555d3a121608 <unknown>
#15 0x555d3a121788 <unknown>
#16 0x555d3a13bf1d <unknown>
#17 0x7f20c1ee4ea7 <unknown>
; 6093)
[2022-06-16 08:04:27,667] {local_task_job.py:156} INFO - Task exited with return code 1
[2022-06-16 08:04:29,202] {local_task_job.py:273} INFO - 0 downstream tasks scheduled from follow-on schedule check
