[2022-06-18 09:36:24,028] {taskinstance.py:1159} INFO - Dependencies all met for <TaskInstance: Job-price_test_scale.price_test_scale-apple-iphone-x-64gb-space-grau_h_5143 scheduled__2022-06-17T22:42:09.574729+00:00 [queued]>
[2022-06-18 09:36:24,115] {taskinstance.py:1159} INFO - Dependencies all met for <TaskInstance: Job-price_test_scale.price_test_scale-apple-iphone-x-64gb-space-grau_h_5143 scheduled__2022-06-17T22:42:09.574729+00:00 [queued]>
[2022-06-18 09:36:24,116] {taskinstance.py:1356} INFO - 
--------------------------------------------------------------------------------
[2022-06-18 09:36:24,116] {taskinstance.py:1357} INFO - Starting attempt 2 of 6
[2022-06-18 09:36:24,116] {taskinstance.py:1358} INFO - 
--------------------------------------------------------------------------------
[2022-06-18 09:36:24,344] {taskinstance.py:1377} INFO - Executing <Task(PythonOperator): price_test_scale-apple-iphone-x-64gb-space-grau_h_5143> on 2022-06-17 22:42:09.574729+00:00
[2022-06-18 09:36:24,473] {standard_task_runner.py:52} INFO - Started process 4028 to run task
[2022-06-18 09:36:24,558] {standard_task_runner.py:79} INFO - Running: ['airflow', 'tasks', 'run', 'Job-price_test_scale', 'price_test_scale-apple-iphone-x-64gb-space-grau_h_5143', 'scheduled__2022-06-17T22:42:09.574729+00:00', '--job-id', '413', '--raw', '--subdir', 'DAGS_FOLDER/docker_job/price_test_scale.py', '--cfg-path', '/tmp/tmp80ig6ftg', '--error-file', '/tmp/tmp9q_c7wka']
[2022-06-18 09:36:24,569] {standard_task_runner.py:80} INFO - Job 413: Subtask price_test_scale-apple-iphone-x-64gb-space-grau_h_5143
[2022-06-18 09:36:26,291] {warnings.py:110} WARNING - /home/airflow/.local/lib/python3.7/site-packages/airflow/configuration.py:525: DeprecationWarning: The sql_alchemy_conn option in [core] has been moved to the sql_alchemy_conn option in [database] - the old setting has been used, but please update your config.
  option = self._get_environment_variables(deprecated_key, deprecated_section, key, section)

[2022-06-18 09:38:35,432] {task_command.py:370} INFO - Running <TaskInstance: Job-price_test_scale.price_test_scale-apple-iphone-x-64gb-space-grau_h_5143 scheduled__2022-06-17T22:42:09.574729+00:00 [running]> on host 3c1ac2e19971
[2022-06-18 09:40:48,485] {taskinstance.py:1571} INFO - Exporting the following env vars:
AIRFLOW_CTX_DAG_EMAIL=samuel.momoh-olle@asgoodasnew.com
AIRFLOW_CTX_DAG_OWNER=airflow
AIRFLOW_CTX_DAG_ID=Job-price_test_scale
AIRFLOW_CTX_TASK_ID=price_test_scale-apple-iphone-x-64gb-space-grau_h_5143
AIRFLOW_CTX_EXECUTION_DATE=2022-06-17T22:42:09.574729+00:00
AIRFLOW_CTX_TRY_NUMBER=2
AIRFLOW_CTX_DAG_RUN_ID=scheduled__2022-06-17T22:42:09.574729+00:00
[2022-06-18 09:40:48,555] {logging_mixin.py:115} INFO - /opt/airflow
[2022-06-18 09:41:29,191] {base_job.py:229} ERROR - LocalTaskJob heartbeat got an exception
Traceback (most recent call last):
  File "/home/airflow/.local/lib/python3.7/site-packages/sqlalchemy/engine/base.py", line 3141, in _wrap_pool_connect
    return fn()
  File "/home/airflow/.local/lib/python3.7/site-packages/sqlalchemy/pool/base.py", line 301, in connect
    return _ConnectionFairy._checkout(self)
  File "/home/airflow/.local/lib/python3.7/site-packages/sqlalchemy/pool/base.py", line 755, in _checkout
    fairy = _ConnectionRecord.checkout(pool)
  File "/home/airflow/.local/lib/python3.7/site-packages/sqlalchemy/pool/base.py", line 419, in checkout
    rec = pool._do_get()
  File "/home/airflow/.local/lib/python3.7/site-packages/sqlalchemy/pool/impl.py", line 259, in _do_get
    return self._create_connection()
  File "/home/airflow/.local/lib/python3.7/site-packages/sqlalchemy/pool/base.py", line 247, in _create_connection
    return _ConnectionRecord(self)
  File "/home/airflow/.local/lib/python3.7/site-packages/sqlalchemy/pool/base.py", line 362, in __init__
    self.__connect(first_connect_check=True)
  File "/home/airflow/.local/lib/python3.7/site-packages/sqlalchemy/pool/base.py", line 605, in __connect
    pool.logger.debug("Error on connect(): %s", e)
  File "/home/airflow/.local/lib/python3.7/site-packages/sqlalchemy/util/langhelpers.py", line 72, in __exit__
    with_traceback=exc_tb,
  File "/home/airflow/.local/lib/python3.7/site-packages/sqlalchemy/util/compat.py", line 211, in raise_
    raise exception
  File "/home/airflow/.local/lib/python3.7/site-packages/sqlalchemy/pool/base.py", line 599, in __connect
    connection = pool._invoke_creator(self)
  File "/home/airflow/.local/lib/python3.7/site-packages/sqlalchemy/engine/create.py", line 578, in connect
    return dialect.connect(*cargs, **cparams)
  File "/home/airflow/.local/lib/python3.7/site-packages/sqlalchemy/engine/default.py", line 583, in connect
    return self.dbapi.connect(*cargs, **cparams)
  File "/home/airflow/.local/lib/python3.7/site-packages/psycopg2/__init__.py", line 122, in connect
    conn = _connect(dsn, connection_factory=connection_factory, **kwasync)
psycopg2.OperationalError: could not translate host name "postgres_***" to address: Temporary failure in name resolution


The above exception was the direct cause of the following exception:

Traceback (most recent call last):
  File "/home/airflow/.local/lib/python3.7/site-packages/airflow/jobs/base_job.py", line 201, in heartbeat
    session.merge(self)
  File "/home/airflow/.local/lib/python3.7/site-packages/sqlalchemy/orm/session.py", line 2877, in merge
    _resolve_conflict_map=_resolve_conflict_map,
  File "/home/airflow/.local/lib/python3.7/site-packages/sqlalchemy/orm/session.py", line 2950, in _merge
    merged = self.get(mapper.class_, key[1], identity_token=key[2])
  File "/home/airflow/.local/lib/python3.7/site-packages/sqlalchemy/orm/session.py", line 2702, in get
    identity_token=identity_token,
  File "/home/airflow/.local/lib/python3.7/site-packages/sqlalchemy/orm/session.py", line 2800, in _get_impl
    load_options=load_options,
  File "/home/airflow/.local/lib/python3.7/site-packages/sqlalchemy/orm/loading.py", line 535, in load_on_pk_identity
    bind_arguments=bind_arguments,
  File "/home/airflow/.local/lib/python3.7/site-packages/sqlalchemy/orm/session.py", line 1669, in execute
    conn = self._connection_for_bind(bind, close_with_result=True)
  File "/home/airflow/.local/lib/python3.7/site-packages/sqlalchemy/orm/session.py", line 1520, in _connection_for_bind
    engine, execution_options
  File "/home/airflow/.local/lib/python3.7/site-packages/sqlalchemy/orm/session.py", line 747, in _connection_for_bind
    conn = bind.connect()
  File "/home/airflow/.local/lib/python3.7/site-packages/sqlalchemy/engine/base.py", line 3095, in connect
    return self._connection_cls(self, close_with_result=close_with_result)
  File "/home/airflow/.local/lib/python3.7/site-packages/sqlalchemy/engine/base.py", line 91, in __init__
    else engine.raw_connection()
  File "/home/airflow/.local/lib/python3.7/site-packages/sqlalchemy/engine/base.py", line 3174, in raw_connection
    return self._wrap_pool_connect(self.pool.connect, _connection)
  File "/home/airflow/.local/lib/python3.7/site-packages/sqlalchemy/engine/base.py", line 3145, in _wrap_pool_connect
    e, dialect, self
  File "/home/airflow/.local/lib/python3.7/site-packages/sqlalchemy/engine/base.py", line 2004, in _handle_dbapi_exception_noconnection
    sqlalchemy_exception, with_traceback=exc_info[2], from_=e
  File "/home/airflow/.local/lib/python3.7/site-packages/sqlalchemy/util/compat.py", line 211, in raise_
    raise exception
  File "/home/airflow/.local/lib/python3.7/site-packages/sqlalchemy/engine/base.py", line 3141, in _wrap_pool_connect
    return fn()
  File "/home/airflow/.local/lib/python3.7/site-packages/sqlalchemy/pool/base.py", line 301, in connect
    return _ConnectionFairy._checkout(self)
  File "/home/airflow/.local/lib/python3.7/site-packages/sqlalchemy/pool/base.py", line 755, in _checkout
    fairy = _ConnectionRecord.checkout(pool)
  File "/home/airflow/.local/lib/python3.7/site-packages/sqlalchemy/pool/base.py", line 419, in checkout
    rec = pool._do_get()
  File "/home/airflow/.local/lib/python3.7/site-packages/sqlalchemy/pool/impl.py", line 259, in _do_get
    return self._create_connection()
  File "/home/airflow/.local/lib/python3.7/site-packages/sqlalchemy/pool/base.py", line 247, in _create_connection
    return _ConnectionRecord(self)
  File "/home/airflow/.local/lib/python3.7/site-packages/sqlalchemy/pool/base.py", line 362, in __init__
    self.__connect(first_connect_check=True)
  File "/home/airflow/.local/lib/python3.7/site-packages/sqlalchemy/pool/base.py", line 605, in __connect
    pool.logger.debug("Error on connect(): %s", e)
  File "/home/airflow/.local/lib/python3.7/site-packages/sqlalchemy/util/langhelpers.py", line 72, in __exit__
    with_traceback=exc_tb,
  File "/home/airflow/.local/lib/python3.7/site-packages/sqlalchemy/util/compat.py", line 211, in raise_
    raise exception
  File "/home/airflow/.local/lib/python3.7/site-packages/sqlalchemy/pool/base.py", line 599, in __connect
    connection = pool._invoke_creator(self)
  File "/home/airflow/.local/lib/python3.7/site-packages/sqlalchemy/engine/create.py", line 578, in connect
    return dialect.connect(*cargs, **cparams)
  File "/home/airflow/.local/lib/python3.7/site-packages/sqlalchemy/engine/default.py", line 583, in connect
    return self.dbapi.connect(*cargs, **cparams)
  File "/home/airflow/.local/lib/python3.7/site-packages/psycopg2/__init__.py", line 122, in connect
    conn = _connect(dsn, connection_factory=connection_factory, **kwasync)
sqlalchemy.exc.OperationalError: (psycopg2.OperationalError) could not translate host name "postgres_***" to address: Temporary failure in name resolution

(Background on this error at: http://sqlalche.me/e/14/e3q8)
[2022-06-18 09:43:11,060] {taskinstance.py:1889} ERROR - Task failed with exception
Traceback (most recent call last):
  File "/home/airflow/.local/lib/python3.7/site-packages/airflow/operators/python.py", line 171, in execute
    return_value = self.execute_callable()
  File "/home/airflow/.local/lib/python3.7/site-packages/airflow/operators/python.py", line 189, in execute_callable
    return self.python_callable(*self.op_args, **self.op_kwargs)
  File "/opt/airflow/dags/docker_job/price_test_scale.py", line 124, in run_from_class
    ppd = ProductPriceData(driver=webdriver.Chrome(executable_path="dags/docker_job/chromedriver", options=options))
  File "/home/airflow/.local/lib/python3.7/site-packages/selenium/webdriver/chrome/webdriver.py", line 73, in __init__
    service_log_path, service, keep_alive)
  File "/home/airflow/.local/lib/python3.7/site-packages/selenium/webdriver/chromium/webdriver.py", line 98, in __init__
    options=options)
  File "/home/airflow/.local/lib/python3.7/site-packages/selenium/webdriver/remote/webdriver.py", line 275, in __init__
    self.start_session(capabilities, browser_profile)
  File "/home/airflow/.local/lib/python3.7/site-packages/selenium/webdriver/remote/webdriver.py", line 365, in start_session
    response = self.execute(Command.NEW_SESSION, parameters)
  File "/home/airflow/.local/lib/python3.7/site-packages/selenium/webdriver/remote/webdriver.py", line 430, in execute
    self.error_handler.check_response(response)
  File "/home/airflow/.local/lib/python3.7/site-packages/selenium/webdriver/remote/errorhandler.py", line 247, in check_response
    raise exception_class(message, screen, stacktrace)
selenium.common.exceptions.WebDriverException: Message: unknown error: DevToolsActivePort file doesn't exist
Stacktrace:
#0 0x55e21b33cf33 <unknown>
#1 0x55e21b087118 <unknown>
#2 0x55e21b0ad282 <unknown>
#3 0x55e21b0a97c6 <unknown>
#4 0x55e21b0a5d5a <unknown>
#5 0x55e21b0e0d3a <unknown>
#6 0x55e21b0dae63 <unknown>
#7 0x55e21b0b082a <unknown>
#8 0x55e21b0b1985 <unknown>
#9 0x55e21b3814cd <unknown>
#10 0x55e21b3855ec <unknown>
#11 0x55e21b36b71e <unknown>
#12 0x55e21b386238 <unknown>
#13 0x55e21b360870 <unknown>
#14 0x55e21b3a2608 <unknown>
#15 0x55e21b3a2788 <unknown>
#16 0x55e21b3bcf1d <unknown>
#17 0x7f19cbd1dea7 <unknown>

[2022-06-18 09:44:48,465] {taskinstance.py:1400} INFO - Marking task as UP_FOR_RETRY. dag_id=Job-price_test_scale, task_id=price_test_scale-apple-iphone-x-64gb-space-grau_h_5143, execution_date=20220617T224209, start_date=20220618T093624, end_date=20220618T094448
[2022-06-18 09:44:48,769] {standard_task_runner.py:97} ERROR - Failed to execute job 413 for task price_test_scale-apple-iphone-x-64gb-space-grau_h_5143 (Message: unknown error: DevToolsActivePort file doesn't exist
Stacktrace:
#0 0x55e21b33cf33 <unknown>
#1 0x55e21b087118 <unknown>
#2 0x55e21b0ad282 <unknown>
#3 0x55e21b0a97c6 <unknown>
#4 0x55e21b0a5d5a <unknown>
#5 0x55e21b0e0d3a <unknown>
#6 0x55e21b0dae63 <unknown>
#7 0x55e21b0b082a <unknown>
#8 0x55e21b0b1985 <unknown>
#9 0x55e21b3814cd <unknown>
#10 0x55e21b3855ec <unknown>
#11 0x55e21b36b71e <unknown>
#12 0x55e21b386238 <unknown>
#13 0x55e21b360870 <unknown>
#14 0x55e21b3a2608 <unknown>
#15 0x55e21b3a2788 <unknown>
#16 0x55e21b3bcf1d <unknown>
#17 0x7f19cbd1dea7 <unknown>
; 4028)
[2022-06-18 09:44:48,954] {local_task_job.py:156} INFO - Task exited with return code 1
[2022-06-18 09:44:51,003] {local_task_job.py:273} INFO - 0 downstream tasks scheduled from follow-on schedule check
