[2022-06-11 16:53:08,889] {taskinstance.py:1159} INFO - Dependencies all met for <TaskInstance: T-dbt-job-objects.dbt_clone_and_transform-objects scheduled__2022-06-11T14:52:39.331964+00:00 [queued]>
[2022-06-11 16:53:08,922] {taskinstance.py:1159} INFO - Dependencies all met for <TaskInstance: T-dbt-job-objects.dbt_clone_and_transform-objects scheduled__2022-06-11T14:52:39.331964+00:00 [queued]>
[2022-06-11 16:53:08,922] {taskinstance.py:1356} INFO - 
--------------------------------------------------------------------------------
[2022-06-11 16:53:08,922] {taskinstance.py:1357} INFO - Starting attempt 1 of 2
[2022-06-11 16:53:08,922] {taskinstance.py:1358} INFO - 
--------------------------------------------------------------------------------
[2022-06-11 16:53:08,957] {taskinstance.py:1377} INFO - Executing <Task(BashOperator): dbt_clone_and_transform-objects> on 2022-06-11 14:52:39.331964+00:00
[2022-06-11 16:53:08,974] {standard_task_runner.py:52} INFO - Started process 380 to run task
[2022-06-11 16:53:08,984] {standard_task_runner.py:79} INFO - Running: ['airflow', 'tasks', 'run', 'T-dbt-job-objects', 'dbt_clone_and_transform-objects', 'scheduled__2022-06-11T14:52:39.331964+00:00', '--job-id', '36', '--raw', '--subdir', 'DAGS_FOLDER/docker_job/dbt_test.py', '--cfg-path', '/tmp/tmputbi4uzs', '--error-file', '/tmp/tmpebwwidiu']
[2022-06-11 16:53:08,985] {standard_task_runner.py:80} INFO - Job 36: Subtask dbt_clone_and_transform-objects
[2022-06-11 16:53:09,014] {warnings.py:110} WARNING - /home/airflow/.local/lib/python3.7/site-packages/airflow/configuration.py:525: DeprecationWarning: The sql_alchemy_conn option in [core] has been moved to the sql_alchemy_conn option in [database] - the old setting has been used, but please update your config.
  option = self._get_environment_variables(deprecated_key, deprecated_section, key, section)

[2022-06-11 16:53:09,097] {task_command.py:370} INFO - Running <TaskInstance: T-dbt-job-objects.dbt_clone_and_transform-objects scheduled__2022-06-11T14:52:39.331964+00:00 [running]> on host d8836eb746ac
[2022-06-11 16:53:09,234] {taskinstance.py:1571} INFO - Exporting the following env vars:
AIRFLOW_CTX_DAG_EMAIL=samuelolle@yahoo.com
AIRFLOW_CTX_DAG_OWNER=airflow
AIRFLOW_CTX_DAG_ID=T-dbt-job-objects
AIRFLOW_CTX_TASK_ID=dbt_clone_and_transform-objects
AIRFLOW_CTX_EXECUTION_DATE=2022-06-11T14:52:39.331964+00:00
AIRFLOW_CTX_TRY_NUMBER=1
AIRFLOW_CTX_DAG_RUN_ID=scheduled__2022-06-11T14:52:39.331964+00:00
[2022-06-11 16:53:09,237] {subprocess.py:62} INFO - Tmp dir root location: 
 /tmp
[2022-06-11 16:53:09,238] {subprocess.py:74} INFO - Running command: ['bash', '-c', " rm -rf /tmp/objects && mkdir /tmp/objects                            && cp -r /tmp/dbt /tmp/objects/dbt                             && cd /tmp/objects/dbt && python3 -m venv venv                             && export PIP_USER=false                             && *** /tmp/objects/dbt/venv/bin/activate                             && pip  install --quiet --upgrade pip setuptools                             && pip3 install --quiet 'MarkupSafe<=2.0.1' 'dbt-postgres' 'dbt-core'                             && dbt --version && deactivate                             && cd /tmp/objects/dbt && *** /tmp/objects/dbt/venv/bin/activate                             && dbt deps --profiles-dir /tmp/objects/dbt/ && dbt seed --profiles-dir /tmp/objects/dbt/                             && dbt run --models objects --profiles-dir /tmp/objects/dbt/"]
[2022-06-11 16:53:09,278] {subprocess.py:85} INFO - Output:
[2022-06-11 16:53:50,830] {subprocess.py:92} INFO - Core:
[2022-06-11 16:53:50,830] {subprocess.py:92} INFO -   - installed: 1.1.0
[2022-06-11 16:53:50,831] {subprocess.py:92} INFO -   - latest:    1.1.0 - [32mUp to date![0m
[2022-06-11 16:53:50,831] {subprocess.py:92} INFO - 
[2022-06-11 16:53:50,831] {subprocess.py:92} INFO - Plugins:
[2022-06-11 16:53:50,831] {subprocess.py:92} INFO -   - postgres: 1.1.0 - [32mUp to date![0m
[2022-06-11 16:53:54,081] {subprocess.py:92} INFO - [0m16:53:54  Running with dbt=1.1.0
[2022-06-11 16:53:54,083] {subprocess.py:92} INFO - [0m16:53:54  Warning: No packages were found in packages.yml
[2022-06-11 16:53:57,772] {subprocess.py:92} INFO - [0m16:53:57  Running with dbt=1.1.0
[2022-06-11 16:53:57,792] {subprocess.py:92} INFO - [0m16:53:57  Partial parse save file not found. Starting full parse.
[2022-06-11 16:53:58,526] {subprocess.py:92} INFO - [0m16:53:58  [WARNING]: Configuration paths exist in your dbt_project.yml file which do not apply to any re***s.
[2022-06-11 16:53:58,526] {subprocess.py:92} INFO - There are 1 unused configuration paths:
[2022-06-11 16:53:58,526] {subprocess.py:92} INFO - - seeds.SAM
[2022-06-11 16:53:58,526] {subprocess.py:92} INFO - 
[2022-06-11 16:53:58,540] {subprocess.py:92} INFO - [0m16:53:58  Found 4 models, 6 tests, 0 snapshots, 0 analyses, 171 macros, 4 operations, 0 seed files, 0 ***s, 0 exposures, 0 metrics
[2022-06-11 16:53:58,542] {subprocess.py:92} INFO - [0m16:53:58
[2022-06-11 16:53:58,542] {subprocess.py:92} INFO - [0m16:53:58  [WARNING]: Nothing to do. Try checking your model configs and model specification args
[2022-06-11 16:53:58,549] {subprocess.py:92} INFO - [0m16:53:58
[2022-06-11 16:53:58,550] {subprocess.py:92} INFO - [0m16:53:58  Completed successfully
[2022-06-11 16:53:58,550] {subprocess.py:92} INFO - [0m16:53:58
[2022-06-11 16:53:58,550] {subprocess.py:92} INFO - [0m16:53:58  Done. PASS=0 WARN=0 ERROR=0 SKIP=0 TOTAL=0
[2022-06-11 16:54:02,204] {subprocess.py:92} INFO - [0m16:54:02  Running with dbt=1.1.0
[2022-06-11 16:54:02,241] {subprocess.py:92} INFO - [0m16:54:02  [WARNING]: Configuration paths exist in your dbt_project.yml file which do not apply to any re***s.
[2022-06-11 16:54:02,242] {subprocess.py:92} INFO - There are 1 unused configuration paths:
[2022-06-11 16:54:02,242] {subprocess.py:92} INFO - - seeds.SAM
[2022-06-11 16:54:02,242] {subprocess.py:92} INFO - 
[2022-06-11 16:54:02,260] {subprocess.py:92} INFO - [0m16:54:02  Found 4 models, 6 tests, 0 snapshots, 0 analyses, 171 macros, 4 operations, 0 seed files, 0 ***s, 0 exposures, 0 metrics
[2022-06-11 16:54:02,266] {subprocess.py:92} INFO - [0m16:54:02
[2022-06-11 16:54:02,364] {subprocess.py:92} INFO - [0m16:54:02  Concurrency: 4 threads (target='dev')
[2022-06-11 16:54:02,364] {subprocess.py:92} INFO - [0m16:54:02
[2022-06-11 16:54:02,372] {subprocess.py:92} INFO - [0m16:54:02  1 of 1 START view model analytics_object.obj_walls ............................. [RUN]
[2022-06-11 16:54:02,419] {subprocess.py:92} INFO - [0m16:54:02  1 of 1 ERROR creating view model analytics_object.obj_walls .................... [ERROR in 0.05s]
[2022-06-11 16:54:02,504] {subprocess.py:92} INFO - [0m16:54:02
[2022-06-11 16:54:02,504] {subprocess.py:92} INFO - [0m16:54:02  Running 4 on-run-end hooks
[2022-06-11 16:54:02,512] {subprocess.py:92} INFO - [0m16:54:02  1 of 4 START hook: SAM.on-run-end.0 ............................................ [RUN]
[2022-06-11 16:54:02,514] {subprocess.py:92} INFO - [0m16:54:02  1 of 4 OK hook: SAM.on-run-end.0 ............................................... [ALTER DEFAULT PRIVILEGES in 0.00s]
[2022-06-11 16:54:02,522] {subprocess.py:92} INFO - [0m16:54:02  2 of 4 START hook: SAM.on-run-end.1 ............................................ [RUN]
[2022-06-11 16:54:02,529] {subprocess.py:92} INFO - [0m16:54:02  2 of 4 OK hook: SAM.on-run-end.1 ............................................... [ALTER DEFAULT PRIVILEGES in 0.01s]
[2022-06-11 16:54:02,533] {subprocess.py:92} INFO - [0m16:54:02  3 of 4 START hook: SAM.on-run-end.2 ............................................ [RUN]
[2022-06-11 16:54:02,536] {subprocess.py:92} INFO - [0m16:54:02  3 of 4 OK hook: SAM.on-run-end.2 ............................................... [ALTER DEFAULT PRIVILEGES in 0.00s]
[2022-06-11 16:54:02,541] {subprocess.py:92} INFO - [0m16:54:02  4 of 4 START hook: SAM.on-run-end.3 ............................................ [RUN]
[2022-06-11 16:54:02,544] {subprocess.py:92} INFO - [0m16:54:02  4 of 4 OK hook: SAM.on-run-end.3 ............................................... [ALTER DEFAULT PRIVILEGES in 0.00s]
[2022-06-11 16:54:02,545] {subprocess.py:92} INFO - [0m16:54:02
[2022-06-11 16:54:02,547] {subprocess.py:92} INFO - [0m16:54:02
[2022-06-11 16:54:02,547] {subprocess.py:92} INFO - [0m16:54:02  Finished running 1 view model, 4 hooks in 0.28s.
[2022-06-11 16:54:02,555] {subprocess.py:92} INFO - [0m16:54:02
[2022-06-11 16:54:02,556] {subprocess.py:92} INFO - [0m16:54:02  Completed with 1 error and 0 warnings:
[2022-06-11 16:54:02,557] {subprocess.py:92} INFO - [0m16:54:02
[2022-06-11 16:54:02,557] {subprocess.py:92} INFO - [0m16:54:02  Database Error in model obj_walls (models/objects/obj_walls.sql)
[2022-06-11 16:54:02,558] {subprocess.py:92} INFO - [0m16:54:02    relation "walls_cdc" does not exist
[2022-06-11 16:54:02,558] {subprocess.py:92} INFO - [0m16:54:02    LINE 4:     select * from walls_cdc
[2022-06-11 16:54:02,559] {subprocess.py:92} INFO - [0m16:54:02                              ^
[2022-06-11 16:54:02,559] {subprocess.py:92} INFO - [0m16:54:02    compiled SQL at target/run/SAM/models/objects/obj_walls.sql
[2022-06-11 16:54:02,559] {subprocess.py:92} INFO - [0m16:54:02
[2022-06-11 16:54:02,560] {subprocess.py:92} INFO - [0m16:54:02  Done. PASS=0 WARN=0 ERROR=1 SKIP=0 TOTAL=1
[2022-06-11 16:54:02,837] {subprocess.py:96} INFO - Command exited with return code 1
[2022-06-11 16:54:02,857] {taskinstance.py:1889} ERROR - Task failed with exception
Traceback (most recent call last):
  File "/home/airflow/.local/lib/python3.7/site-packages/airflow/operators/bash.py", line 195, in execute
    f'Bash command failed. The command returned a non-zero exit code {result.exit_code}.'
airflow.exceptions.AirflowException: Bash command failed. The command returned a non-zero exit code 1.
[2022-06-11 16:54:02,863] {taskinstance.py:1400} INFO - Marking task as UP_FOR_RETRY. dag_id=T-dbt-job-objects, task_id=dbt_clone_and_transform-objects, execution_date=20220611T145239, start_date=20220611T165308, end_date=20220611T165402
[2022-06-11 16:54:02,883] {standard_task_runner.py:97} ERROR - Failed to execute job 36 for task dbt_clone_and_transform-objects (Bash command failed. The command returned a non-zero exit code 1.; 380)
[2022-06-11 16:54:02,921] {local_task_job.py:156} INFO - Task exited with return code 1
[2022-06-11 16:54:02,955] {local_task_job.py:273} INFO - 0 downstream tasks scheduled from follow-on schedule check
