[2022-06-16 08:45:50,344] {taskinstance.py:1159} INFO - Dependencies all met for <TaskInstance: Job-product_prices_testers.product_prices_testers scheduled__2022-06-16T05:39:33.783780+00:00 [queued]>
[2022-06-16 08:45:50,365] {taskinstance.py:1159} INFO - Dependencies all met for <TaskInstance: Job-product_prices_testers.product_prices_testers scheduled__2022-06-16T05:39:33.783780+00:00 [queued]>
[2022-06-16 08:45:50,365] {taskinstance.py:1356} INFO - 
--------------------------------------------------------------------------------
[2022-06-16 08:45:50,365] {taskinstance.py:1357} INFO - Starting attempt 4 of 6
[2022-06-16 08:45:50,365] {taskinstance.py:1358} INFO - 
--------------------------------------------------------------------------------
[2022-06-16 08:45:50,455] {taskinstance.py:1377} INFO - Executing <Task(PythonOperator): product_prices_testers> on 2022-06-16 05:39:33.783780+00:00
[2022-06-16 08:45:50,536] {standard_task_runner.py:79} INFO - Running: ['airflow', 'tasks', 'run', 'Job-product_prices_testers', 'product_prices_testers', 'scheduled__2022-06-16T05:39:33.783780+00:00', '--job-id', '151', '--raw', '--subdir', 'DAGS_FOLDER/docker_job/price_test.py', '--cfg-path', '/tmp/tmp48u98kax', '--error-file', '/tmp/tmprmwh1ban']
[2022-06-16 08:45:50,537] {standard_task_runner.py:80} INFO - Job 151: Subtask product_prices_testers
[2022-06-16 08:45:50,534] {standard_task_runner.py:52} INFO - Started process 6625 to run task
[2022-06-16 08:45:51,095] {warnings.py:110} WARNING - /home/airflow/.local/lib/python3.7/site-packages/airflow/configuration.py:525: DeprecationWarning: The sql_alchemy_conn option in [core] has been moved to the sql_alchemy_conn option in [database] - the old setting has been used, but please update your config.
  option = self._get_environment_variables(deprecated_key, deprecated_section, key, section)

[2022-06-16 08:45:52,248] {task_command.py:370} INFO - Running <TaskInstance: Job-product_prices_testers.product_prices_testers scheduled__2022-06-16T05:39:33.783780+00:00 [running]> on host 31bbb70af43b
[2022-06-16 08:45:58,308] {taskinstance.py:1571} INFO - Exporting the following env vars:
AIRFLOW_CTX_DAG_EMAIL=samuel.momoh-olle@asgoodasnew.com
AIRFLOW_CTX_DAG_OWNER=airflow
AIRFLOW_CTX_DAG_ID=Job-product_prices_testers
AIRFLOW_CTX_TASK_ID=product_prices_testers
AIRFLOW_CTX_EXECUTION_DATE=2022-06-16T05:39:33.783780+00:00
AIRFLOW_CTX_TRY_NUMBER=4
AIRFLOW_CTX_DAG_RUN_ID=scheduled__2022-06-16T05:39:33.783780+00:00
[2022-06-16 08:45:58,898] {logging_mixin.py:115} INFO - /opt/airflow
[2022-06-16 08:48:09,389] {taskinstance.py:1889} ERROR - Task failed with exception
Traceback (most recent call last):
  File "/home/airflow/.local/lib/python3.7/site-packages/airflow/operators/python.py", line 171, in execute
    return_value = self.execute_callable()
  File "/home/airflow/.local/lib/python3.7/site-packages/airflow/operators/python.py", line 189, in execute_callable
    return self.python_callable(*self.op_args, **self.op_kwargs)
  File "/opt/airflow/dags/docker_job/price_test.py", line 124, in run_from_class
    ppd = ProductPriceData(driver=webdriver.Chrome(executable_path="dags/docker_job/chromedriver", options=options))
  File "/home/airflow/.local/lib/python3.7/site-packages/selenium/webdriver/chrome/webdriver.py", line 73, in __init__
    service_log_path, service, keep_alive)
  File "/home/airflow/.local/lib/python3.7/site-packages/selenium/webdriver/chromium/webdriver.py", line 98, in __init__
    options=options)
  File "/home/airflow/.local/lib/python3.7/site-packages/selenium/webdriver/remote/webdriver.py", line 275, in __init__
    self.start_session(capabilities, browser_profile)
  File "/home/airflow/.local/lib/python3.7/site-packages/selenium/webdriver/remote/webdriver.py", line 365, in start_session
    response = self.execute(Command.NEW_SESSION, parameters)
  File "/home/airflow/.local/lib/python3.7/site-packages/selenium/webdriver/remote/webdriver.py", line 430, in execute
    self.error_handler.check_response(response)
  File "/home/airflow/.local/lib/python3.7/site-packages/selenium/webdriver/remote/errorhandler.py", line 247, in check_response
    raise exception_class(message, screen, stacktrace)
selenium.common.exceptions.WebDriverException: Message: unknown error: DevToolsActivePort file doesn't exist
Stacktrace:
#0 0x560e59be5f33 <unknown>
#1 0x560e59930118 <unknown>
#2 0x560e59956282 <unknown>
#3 0x560e599527c6 <unknown>
#4 0x560e5994ed5a <unknown>
#5 0x560e59989d3a <unknown>
#6 0x560e59983e63 <unknown>
#7 0x560e5995982a <unknown>
#8 0x560e5995a985 <unknown>
#9 0x560e59c2a4cd <unknown>
#10 0x560e59c2e5ec <unknown>
#11 0x560e59c1471e <unknown>
#12 0x560e59c2f238 <unknown>
#13 0x560e59c09870 <unknown>
#14 0x560e59c4b608 <unknown>
#15 0x560e59c4b788 <unknown>
#16 0x560e59c65f1d <unknown>
#17 0x7feb46e30ea7 <unknown>

[2022-06-16 08:48:10,633] {taskinstance.py:1400} INFO - Marking task as UP_FOR_RETRY. dag_id=Job-product_prices_testers, task_id=product_prices_testers, execution_date=20220616T053933, start_date=20220616T084550, end_date=20220616T084810
[2022-06-16 08:48:10,849] {standard_task_runner.py:97} ERROR - Failed to execute job 151 for task product_prices_testers (Message: unknown error: DevToolsActivePort file doesn't exist
Stacktrace:
#0 0x560e59be5f33 <unknown>
#1 0x560e59930118 <unknown>
#2 0x560e59956282 <unknown>
#3 0x560e599527c6 <unknown>
#4 0x560e5994ed5a <unknown>
#5 0x560e59989d3a <unknown>
#6 0x560e59983e63 <unknown>
#7 0x560e5995982a <unknown>
#8 0x560e5995a985 <unknown>
#9 0x560e59c2a4cd <unknown>
#10 0x560e59c2e5ec <unknown>
#11 0x560e59c1471e <unknown>
#12 0x560e59c2f238 <unknown>
#13 0x560e59c09870 <unknown>
#14 0x560e59c4b608 <unknown>
#15 0x560e59c4b788 <unknown>
#16 0x560e59c65f1d <unknown>
#17 0x7feb46e30ea7 <unknown>
; 6625)
[2022-06-16 08:48:10,912] {local_task_job.py:156} INFO - Task exited with return code 1
[2022-06-16 08:48:12,057] {local_task_job.py:273} INFO - 0 downstream tasks scheduled from follow-on schedule check
