[2022-06-16 08:53:00,252] {taskinstance.py:1159} INFO - Dependencies all met for <TaskInstance: Job-product_prices_testers.product_prices_testers scheduled__2022-06-16T05:39:33.783780+00:00 [queued]>
[2022-06-16 08:53:00,740] {taskinstance.py:1159} INFO - Dependencies all met for <TaskInstance: Job-product_prices_testers.product_prices_testers scheduled__2022-06-16T05:39:33.783780+00:00 [queued]>
[2022-06-16 08:53:00,740] {taskinstance.py:1356} INFO - 
--------------------------------------------------------------------------------
[2022-06-16 08:53:00,740] {taskinstance.py:1357} INFO - Starting attempt 5 of 6
[2022-06-16 08:53:00,740] {taskinstance.py:1358} INFO - 
--------------------------------------------------------------------------------
[2022-06-16 08:53:01,180] {taskinstance.py:1377} INFO - Executing <Task(PythonOperator): product_prices_testers> on 2022-06-16 05:39:33.783780+00:00
[2022-06-16 08:53:01,348] {standard_task_runner.py:52} INFO - Started process 9091 to run task
[2022-06-16 08:53:01,723] {standard_task_runner.py:79} INFO - Running: ['airflow', 'tasks', 'run', 'Job-product_prices_testers', 'product_prices_testers', 'scheduled__2022-06-16T05:39:33.783780+00:00', '--job-id', '153', '--raw', '--subdir', 'DAGS_FOLDER/docker_job/price_test.py', '--cfg-path', '/tmp/tmplkkyk4vz', '--error-file', '/tmp/tmpt48z8dmp']
[2022-06-16 08:53:01,723] {standard_task_runner.py:80} INFO - Job 153: Subtask product_prices_testers
[2022-06-16 08:54:52,588] {warnings.py:110} WARNING - /home/airflow/.local/lib/python3.7/site-packages/airflow/configuration.py:525: DeprecationWarning: The sql_alchemy_conn option in [core] has been moved to the sql_alchemy_conn option in [database] - the old setting has been used, but please update your config.
  option = self._get_environment_variables(deprecated_key, deprecated_section, key, section)

[2022-06-16 08:54:53,963] {task_command.py:370} INFO - Running <TaskInstance: Job-product_prices_testers.product_prices_testers scheduled__2022-06-16T05:39:33.783780+00:00 [running]> on host 2d9e52ec85d2
[2022-06-16 08:54:55,294] {taskinstance.py:1571} INFO - Exporting the following env vars:
AIRFLOW_CTX_DAG_EMAIL=samuel.momoh-olle@asgoodasnew.com
AIRFLOW_CTX_DAG_OWNER=airflow
AIRFLOW_CTX_DAG_ID=Job-product_prices_testers
AIRFLOW_CTX_TASK_ID=product_prices_testers
AIRFLOW_CTX_EXECUTION_DATE=2022-06-16T05:39:33.783780+00:00
AIRFLOW_CTX_TRY_NUMBER=5
AIRFLOW_CTX_DAG_RUN_ID=scheduled__2022-06-16T05:39:33.783780+00:00
[2022-06-16 08:54:55,300] {logging_mixin.py:115} INFO - /opt/airflow
[2022-06-16 08:56:44,154] {taskinstance.py:1889} ERROR - Task failed with exception
Traceback (most recent call last):
  File "/home/airflow/.local/lib/python3.7/site-packages/airflow/operators/python.py", line 171, in execute
    return_value = self.execute_callable()
  File "/home/airflow/.local/lib/python3.7/site-packages/airflow/operators/python.py", line 189, in execute_callable
    return self.python_callable(*self.op_args, **self.op_kwargs)
  File "/opt/airflow/dags/docker_job/price_test.py", line 124, in run_from_class
    ppd = ProductPriceData(driver=webdriver.Chrome(executable_path="dags/docker_job/chromedriver", options=options))
  File "/home/airflow/.local/lib/python3.7/site-packages/selenium/webdriver/chrome/webdriver.py", line 73, in __init__
    service_log_path, service, keep_alive)
  File "/home/airflow/.local/lib/python3.7/site-packages/selenium/webdriver/chromium/webdriver.py", line 98, in __init__
    options=options)
  File "/home/airflow/.local/lib/python3.7/site-packages/selenium/webdriver/remote/webdriver.py", line 275, in __init__
    self.start_session(capabilities, browser_profile)
  File "/home/airflow/.local/lib/python3.7/site-packages/selenium/webdriver/remote/webdriver.py", line 365, in start_session
    response = self.execute(Command.NEW_SESSION, parameters)
  File "/home/airflow/.local/lib/python3.7/site-packages/selenium/webdriver/remote/webdriver.py", line 430, in execute
    self.error_handler.check_response(response)
  File "/home/airflow/.local/lib/python3.7/site-packages/selenium/webdriver/remote/errorhandler.py", line 247, in check_response
    raise exception_class(message, screen, stacktrace)
selenium.common.exceptions.WebDriverException: Message: unknown error: DevToolsActivePort file doesn't exist
Stacktrace:
#0 0x56527280cf33 <unknown>
#1 0x565272557118 <unknown>
#2 0x56527257d282 <unknown>
#3 0x5652725797c6 <unknown>
#4 0x565272575d5a <unknown>
#5 0x5652725b0d3a <unknown>
#6 0x5652725aae63 <unknown>
#7 0x56527258082a <unknown>
#8 0x565272581985 <unknown>
#9 0x5652728514cd <unknown>
#10 0x5652728555ec <unknown>
#11 0x56527283b71e <unknown>
#12 0x565272856238 <unknown>
#13 0x565272830870 <unknown>
#14 0x565272872608 <unknown>
#15 0x565272872788 <unknown>
#16 0x56527288cf1d <unknown>
#17 0x7f3d9e1bdea7 <unknown>

[2022-06-16 08:56:54,207] {taskinstance.py:1400} INFO - Marking task as UP_FOR_RETRY. dag_id=Job-product_prices_testers, task_id=product_prices_testers, execution_date=20220616T053933, start_date=20220616T085300, end_date=20220616T085654
[2022-06-16 08:56:54,313] {standard_task_runner.py:97} ERROR - Failed to execute job 153 for task product_prices_testers (Message: unknown error: DevToolsActivePort file doesn't exist
Stacktrace:
#0 0x56527280cf33 <unknown>
#1 0x565272557118 <unknown>
#2 0x56527257d282 <unknown>
#3 0x5652725797c6 <unknown>
#4 0x565272575d5a <unknown>
#5 0x5652725b0d3a <unknown>
#6 0x5652725aae63 <unknown>
#7 0x56527258082a <unknown>
#8 0x565272581985 <unknown>
#9 0x5652728514cd <unknown>
#10 0x5652728555ec <unknown>
#11 0x56527283b71e <unknown>
#12 0x565272856238 <unknown>
#13 0x565272830870 <unknown>
#14 0x565272872608 <unknown>
#15 0x565272872788 <unknown>
#16 0x56527288cf1d <unknown>
#17 0x7f3d9e1bdea7 <unknown>
; 9091)
[2022-06-16 08:56:54,348] {local_task_job.py:156} INFO - Task exited with return code 1
[2022-06-16 08:56:55,164] {local_task_job.py:273} INFO - 0 downstream tasks scheduled from follow-on schedule check
