[2022-06-19 17:55:41,445] {taskinstance.py:1159} INFO - Dependencies all met for <TaskInstance: Job-price_test_scale.price_test_scale-apple-iphone-xs-max-256gb-space-grau_h_6254 scheduled__2022-06-19T15:25:22.832678+00:00 [queued]>
[2022-06-19 17:55:41,461] {taskinstance.py:1159} INFO - Dependencies all met for <TaskInstance: Job-price_test_scale.price_test_scale-apple-iphone-xs-max-256gb-space-grau_h_6254 scheduled__2022-06-19T15:25:22.832678+00:00 [queued]>
[2022-06-19 17:55:41,461] {taskinstance.py:1356} INFO - 
--------------------------------------------------------------------------------
[2022-06-19 17:55:41,461] {taskinstance.py:1357} INFO - Starting attempt 1 of 6
[2022-06-19 17:55:41,461] {taskinstance.py:1358} INFO - 
--------------------------------------------------------------------------------
[2022-06-19 17:55:41,498] {taskinstance.py:1377} INFO - Executing <Task(PythonOperator): price_test_scale-apple-iphone-xs-max-256gb-space-grau_h_6254> on 2022-06-19 15:25:22.832678+00:00
[2022-06-19 17:55:41,502] {standard_task_runner.py:52} INFO - Started process 588 to run task
[2022-06-19 17:55:41,514] {standard_task_runner.py:79} INFO - Running: ['airflow', 'tasks', 'run', 'Job-price_test_scale', 'price_test_scale-apple-iphone-xs-max-256gb-space-grau_h_6254', 'scheduled__2022-06-19T15:25:22.832678+00:00', '--job-id', '576', '--raw', '--subdir', 'DAGS_FOLDER/docker_job/price_test_scale.py', '--cfg-path', '/tmp/tmpo4m6onuj', '--error-file', '/tmp/tmpenb378a8']
[2022-06-19 17:55:41,514] {standard_task_runner.py:80} INFO - Job 576: Subtask price_test_scale-apple-iphone-xs-max-256gb-space-grau_h_6254
[2022-06-19 17:55:41,725] {warnings.py:110} WARNING - /home/airflow/.local/lib/python3.7/site-packages/airflow/configuration.py:525: DeprecationWarning: The sql_alchemy_conn option in [core] has been moved to the sql_alchemy_conn option in [database] - the old setting has been used, but please update your config.
  option = self._get_environment_variables(deprecated_key, deprecated_section, key, section)

[2022-06-19 17:55:41,921] {task_command.py:370} INFO - Running <TaskInstance: Job-price_test_scale.price_test_scale-apple-iphone-xs-max-256gb-space-grau_h_6254 scheduled__2022-06-19T15:25:22.832678+00:00 [running]> on host 3c1ac2e19971
[2022-06-19 17:55:42,283] {taskinstance.py:1571} INFO - Exporting the following env vars:
AIRFLOW_CTX_DAG_EMAIL=samuel.momoh-olle@asgoodasnew.com
AIRFLOW_CTX_DAG_OWNER=airflow
AIRFLOW_CTX_DAG_ID=Job-price_test_scale
AIRFLOW_CTX_TASK_ID=price_test_scale-apple-iphone-xs-max-256gb-space-grau_h_6254
AIRFLOW_CTX_EXECUTION_DATE=2022-06-19T15:25:22.832678+00:00
AIRFLOW_CTX_TRY_NUMBER=1
AIRFLOW_CTX_DAG_RUN_ID=scheduled__2022-06-19T15:25:22.832678+00:00
[2022-06-19 17:55:42,286] {logging_mixin.py:115} INFO - /opt/airflow
[2022-06-19 17:55:42,938] {logging_mixin.py:115} INFO - https://www.handyverkauf.net/apple-iphone-xs-max-256gb-space-grau_h_6254
[2022-06-19 18:00:19,011] {local_task_job.py:84} ERROR - Received SIGTERM. Terminating subprocesses
[2022-06-19 18:00:19,108] {process_utils.py:129} INFO - Sending Signals.SIGTERM to group 588. PIDs of all processes in the group: [715, 806, 810, 811, 892, 893, 967, 1542, 963, 588]
[2022-06-19 18:00:19,111] {process_utils.py:80} INFO - Sending the signal Signals.SIGTERM to group 588
[2022-06-19 18:00:19,114] {taskinstance.py:1541} ERROR - Received SIGTERM. Terminating subprocesses.
[2022-06-19 18:00:19,119] {logging_mixin.py:115} INFO - Task received SIGTERM signal
[2022-06-19 18:00:19,565] {process_utils.py:75} INFO - Process psutil.Process(pid=963, status='terminated', started='17:55:44') (963) terminated with exit code None
[2022-06-19 18:00:19,571] {process_utils.py:75} INFO - Process psutil.Process(pid=811, status='terminated', started='17:55:43') (811) terminated with exit code None
[2022-06-19 18:00:19,674] {process_utils.py:75} INFO - Process psutil.Process(pid=893, status='terminated', started='17:55:44') (893) terminated with exit code None
[2022-06-19 18:00:19,674] {process_utils.py:75} INFO - Process psutil.Process(pid=892, status='terminated', started='17:55:44') (892) terminated with exit code None
[2022-06-19 18:00:19,763] {connectionpool.py:811} WARNING - Retrying (Retry(total=2, connect=None, read=None, redirect=None, status=None)) after connection broken by 'ProtocolError('Connection aborted.', ConnectionResetError(104, 'Connection reset by peer'))': /session/17c1414e06ac4a671e3023fe97af3cd7
[2022-06-19 18:00:19,768] {connectionpool.py:811} WARNING - Retrying (Retry(total=1, connect=None, read=None, redirect=None, status=None)) after connection broken by 'NewConnectionError('<urllib3.connection.HTTPConnection object at 0x7f965df689d0>: Failed to establish a new connection: [Errno 111] Connection refused')': /session/17c1414e06ac4a671e3023fe97af3cd7
[2022-06-19 18:00:19,769] {connectionpool.py:811} WARNING - Retrying (Retry(total=0, connect=None, read=None, redirect=None, status=None)) after connection broken by 'NewConnectionError('<urllib3.connection.HTTPConnection object at 0x7f965df68890>: Failed to establish a new connection: [Errno 111] Connection refused')': /session/17c1414e06ac4a671e3023fe97af3cd7
[2022-06-19 18:00:19,773] {logging_mixin.py:115} INFO - [('299,39 ', '/go/?anbieter=clevertronic&id=6254', 'Apple iPhone XS Max 256GB space grau verkaufen', 'Sehr gut', '2022-06-19'), ('289,08 ', '/go/?anbieter=wirkaufens&id=6254', 'Apple iPhone XS Max 256GB space grau verkaufen', 'Sehr gut', '2022-06-19'), ('280,40 ', '/go/?anbieter=rebuy&id=6254', 'Apple iPhone XS Max 256GB space grau verkaufen', 'Sehr gut', '2022-06-19'), ('272,01 ', '/go/?anbieter=zoxs&id=6254', 'Apple iPhone XS Max 256GB space grau verkaufen', 'Sehr gut', '2022-06-19'), ('260,00 ', '/go/?anbieter=cleverbuy&id=6254', 'Apple iPhone XS Max 256GB space grau verkaufen', 'Sehr gut', '2022-06-19'), ('249,40 ', '/go/?anbieter=flip4new&id=6254', 'Apple iPhone XS Max 256GB space grau verkaufen', 'Sehr gut', '2022-06-19'), ('242,00 ', '/go/?anbieter=myswooop&id=6254', 'Apple iPhone XS Max 256GB space grau verkaufen', 'Sehr gut', '2022-06-19'), ('230,00 ', '/go/?anbieter=rezilla&id=6254', 'Apple iPhone XS Max 256GB space grau verkaufen', 'Sehr gut', '2022-06-19')]
[2022-06-19 18:00:19,774] {python.py:173} INFO - Done. Returned value was: None
[2022-06-19 18:00:19,807] {process_utils.py:75} INFO - Process psutil.Process(pid=810, status='terminated', started='17:55:43') (810) terminated with exit code None
[2022-06-19 18:00:19,808] {process_utils.py:75} INFO - Process psutil.Process(pid=967, status='terminated', started='17:55:44') (967) terminated with exit code None
[2022-06-19 18:00:19,808] {process_utils.py:75} INFO - Process psutil.Process(pid=715, status='terminated', started='17:55:42') (715) terminated with exit code None
[2022-06-19 18:00:19,808] {process_utils.py:75} INFO - Process psutil.Process(pid=1542, status='terminated', started='17:55:50') (1542) terminated with exit code None
[2022-06-19 18:00:19,808] {process_utils.py:75} INFO - Process psutil.Process(pid=806, status='terminated', started='17:55:43') (806) terminated with exit code None
[2022-06-19 18:00:22,207] {taskinstance.py:1889} ERROR - Task failed with exception
Traceback (most recent call last):
  File "/home/airflow/.local/lib/python3.7/site-packages/sqlalchemy/engine/base.py", line 3141, in _wrap_pool_connect
    return fn()
  File "/home/airflow/.local/lib/python3.7/site-packages/sqlalchemy/pool/base.py", line 301, in connect
    return _ConnectionFairy._checkout(self)
  File "/home/airflow/.local/lib/python3.7/site-packages/sqlalchemy/pool/base.py", line 755, in _checkout
    fairy = _ConnectionRecord.checkout(pool)
  File "/home/airflow/.local/lib/python3.7/site-packages/sqlalchemy/pool/base.py", line 419, in checkout
    rec = pool._do_get()
  File "/home/airflow/.local/lib/python3.7/site-packages/sqlalchemy/pool/impl.py", line 259, in _do_get
    return self._create_connection()
  File "/home/airflow/.local/lib/python3.7/site-packages/sqlalchemy/pool/base.py", line 247, in _create_connection
    return _ConnectionRecord(self)
  File "/home/airflow/.local/lib/python3.7/site-packages/sqlalchemy/pool/base.py", line 362, in __init__
    self.__connect(first_connect_check=True)
  File "/home/airflow/.local/lib/python3.7/site-packages/sqlalchemy/pool/base.py", line 605, in __connect
    pool.logger.debug("Error on connect(): %s", e)
  File "/home/airflow/.local/lib/python3.7/site-packages/sqlalchemy/util/langhelpers.py", line 72, in __exit__
    with_traceback=exc_tb,
  File "/home/airflow/.local/lib/python3.7/site-packages/sqlalchemy/util/compat.py", line 211, in raise_
    raise exception
  File "/home/airflow/.local/lib/python3.7/site-packages/sqlalchemy/pool/base.py", line 599, in __connect
    connection = pool._invoke_creator(self)
  File "/home/airflow/.local/lib/python3.7/site-packages/sqlalchemy/engine/create.py", line 578, in connect
    return dialect.connect(*cargs, **cparams)
  File "/home/airflow/.local/lib/python3.7/site-packages/sqlalchemy/engine/default.py", line 583, in connect
    return self.dbapi.connect(*cargs, **cparams)
  File "/home/airflow/.local/lib/python3.7/site-packages/psycopg2/__init__.py", line 122, in connect
    conn = _connect(dsn, connection_factory=connection_factory, **kwasync)
psycopg2.OperationalError: could not translate host name "postgres_***" to address: Temporary failure in name resolution


The above exception was the direct cause of the following exception:

Traceback (most recent call last):
  File "/home/airflow/.local/lib/python3.7/site-packages/airflow/models/taskinstance.py", line 1453, in _run_raw_task
    self.refresh_from_db(lock_for_update=True, session=session)
  File "/home/airflow/.local/lib/python3.7/site-packages/airflow/utils/session.py", line 68, in wrapper
    return func(*args, **kwargs)
  File "/home/airflow/.local/lib/python3.7/site-packages/airflow/models/taskinstance.py", line 869, in refresh_from_db
    for attempt in run_with_db_retries(logger=self.log):
  File "/home/airflow/.local/lib/python3.7/site-packages/tenacity/__init__.py", line 382, in __iter__
    do = self.iter(retry_state=retry_state)
  File "/home/airflow/.local/lib/python3.7/site-packages/tenacity/__init__.py", line 360, in iter
    raise retry_exc.reraise()
  File "/home/airflow/.local/lib/python3.7/site-packages/tenacity/__init__.py", line 193, in reraise
    raise self.last_attempt.result()
  File "/usr/local/lib/python3.7/concurrent/futures/_base.py", line 428, in result
    return self.__get_result()
  File "/usr/local/lib/python3.7/concurrent/futures/_base.py", line 384, in __get_result
    raise self._exception
  File "/home/airflow/.local/lib/python3.7/site-packages/airflow/models/taskinstance.py", line 871, in refresh_from_db
    ti: Optional[TaskInstance] = qry.with_for_update().first()
  File "/home/airflow/.local/lib/python3.7/site-packages/sqlalchemy/orm/query.py", line 2734, in first
    return self.limit(1)._iter().first()
  File "/home/airflow/.local/lib/python3.7/site-packages/sqlalchemy/orm/query.py", line 2821, in _iter
    execution_options={"_sa_orm_load_options": self.load_options},
  File "/home/airflow/.local/lib/python3.7/site-packages/sqlalchemy/orm/session.py", line 1669, in execute
    conn = self._connection_for_bind(bind, close_with_result=True)
  File "/home/airflow/.local/lib/python3.7/site-packages/sqlalchemy/orm/session.py", line 1520, in _connection_for_bind
    engine, execution_options
  File "/home/airflow/.local/lib/python3.7/site-packages/sqlalchemy/orm/session.py", line 747, in _connection_for_bind
    conn = bind.connect()
  File "/home/airflow/.local/lib/python3.7/site-packages/sqlalchemy/engine/base.py", line 3095, in connect
    return self._connection_cls(self, close_with_result=close_with_result)
  File "/home/airflow/.local/lib/python3.7/site-packages/sqlalchemy/engine/base.py", line 91, in __init__
    else engine.raw_connection()
  File "/home/airflow/.local/lib/python3.7/site-packages/sqlalchemy/engine/base.py", line 3174, in raw_connection
    return self._wrap_pool_connect(self.pool.connect, _connection)
  File "/home/airflow/.local/lib/python3.7/site-packages/sqlalchemy/engine/base.py", line 3145, in _wrap_pool_connect
    e, dialect, self
  File "/home/airflow/.local/lib/python3.7/site-packages/sqlalchemy/engine/base.py", line 2004, in _handle_dbapi_exception_noconnection
    sqlalchemy_exception, with_traceback=exc_info[2], from_=e
  File "/home/airflow/.local/lib/python3.7/site-packages/sqlalchemy/util/compat.py", line 211, in raise_
    raise exception
  File "/home/airflow/.local/lib/python3.7/site-packages/sqlalchemy/engine/base.py", line 3141, in _wrap_pool_connect
    return fn()
  File "/home/airflow/.local/lib/python3.7/site-packages/sqlalchemy/pool/base.py", line 301, in connect
    return _ConnectionFairy._checkout(self)
  File "/home/airflow/.local/lib/python3.7/site-packages/sqlalchemy/pool/base.py", line 755, in _checkout
    fairy = _ConnectionRecord.checkout(pool)
  File "/home/airflow/.local/lib/python3.7/site-packages/sqlalchemy/pool/base.py", line 419, in checkout
    rec = pool._do_get()
  File "/home/airflow/.local/lib/python3.7/site-packages/sqlalchemy/pool/impl.py", line 259, in _do_get
    return self._create_connection()
  File "/home/airflow/.local/lib/python3.7/site-packages/sqlalchemy/pool/base.py", line 247, in _create_connection
    return _ConnectionRecord(self)
  File "/home/airflow/.local/lib/python3.7/site-packages/sqlalchemy/pool/base.py", line 362, in __init__
    self.__connect(first_connect_check=True)
  File "/home/airflow/.local/lib/python3.7/site-packages/sqlalchemy/pool/base.py", line 605, in __connect
    pool.logger.debug("Error on connect(): %s", e)
  File "/home/airflow/.local/lib/python3.7/site-packages/sqlalchemy/util/langhelpers.py", line 72, in __exit__
    with_traceback=exc_tb,
  File "/home/airflow/.local/lib/python3.7/site-packages/sqlalchemy/util/compat.py", line 211, in raise_
    raise exception
  File "/home/airflow/.local/lib/python3.7/site-packages/sqlalchemy/pool/base.py", line 599, in __connect
    connection = pool._invoke_creator(self)
  File "/home/airflow/.local/lib/python3.7/site-packages/sqlalchemy/engine/create.py", line 578, in connect
    return dialect.connect(*cargs, **cparams)
  File "/home/airflow/.local/lib/python3.7/site-packages/sqlalchemy/engine/default.py", line 583, in connect
    return self.dbapi.connect(*cargs, **cparams)
  File "/home/airflow/.local/lib/python3.7/site-packages/psycopg2/__init__.py", line 122, in connect
    conn = _connect(dsn, connection_factory=connection_factory, **kwasync)
sqlalchemy.exc.OperationalError: (psycopg2.OperationalError) could not translate host name "postgres_***" to address: Temporary failure in name resolution

(Background on this error at: http://sqlalche.me/e/14/e3q8)
[2022-06-19 18:00:23,222] {standard_task_runner.py:97} ERROR - Failed to execute job 576 for task price_test_scale-apple-iphone-xs-max-256gb-space-grau_h_6254 ((psycopg2.OperationalError) could not translate host name "postgres_source" to address: Temporary failure in name resolution

(Background on this error at: http://sqlalche.me/e/14/e3q8); 588)
[2022-06-19 18:00:23,250] {process_utils.py:75} INFO - Process psutil.Process(pid=588, status='terminated', exitcode=1, started='17:55:41') (588) terminated with exit code 1
[2022-06-19 18:00:23,250] {local_task_job.py:156} INFO - Task exited with return code 143
