[2022-06-18 09:46:14,988] {taskinstance.py:1159} INFO - Dependencies all met for <TaskInstance: Job-pts.pts-Papple-iphone-xs-512gb-space-grau_h_6248 scheduled__2022-06-17T22:40:58.837877+00:00 [queued]>
[2022-06-18 09:46:33,535] {taskinstance.py:1159} INFO - Dependencies all met for <TaskInstance: Job-pts.pts-Papple-iphone-xs-512gb-space-grau_h_6248 scheduled__2022-06-17T22:40:58.837877+00:00 [queued]>
[2022-06-18 09:46:33,545] {taskinstance.py:1356} INFO - 
--------------------------------------------------------------------------------
[2022-06-18 09:46:33,545] {taskinstance.py:1357} INFO - Starting attempt 4 of 6
[2022-06-18 09:46:33,545] {taskinstance.py:1358} INFO - 
--------------------------------------------------------------------------------
[2022-06-18 09:46:41,047] {taskinstance.py:1377} INFO - Executing <Task(PythonOperator): pts-Papple-iphone-xs-512gb-space-grau_h_6248> on 2022-06-17 22:40:58.837877+00:00
[2022-06-18 09:46:42,287] {standard_task_runner.py:52} INFO - Started process 4188 to run task
[2022-06-18 09:46:44,539] {standard_task_runner.py:79} INFO - Running: ['airflow', 'tasks', 'run', 'Job-pts', 'pts-Papple-iphone-xs-512gb-space-grau_h_6248', 'scheduled__2022-06-17T22:40:58.837877+00:00', '--job-id', '417', '--raw', '--subdir', 'DAGS_FOLDER/docker_job/price_scale.py', '--cfg-path', '/tmp/tmpakv_nwjd', '--error-file', '/tmp/tmpu7t6whck']
[2022-06-18 09:46:45,061] {standard_task_runner.py:80} INFO - Job 417: Subtask pts-Papple-iphone-xs-512gb-space-grau_h_6248
[2022-06-18 09:47:43,422] {warnings.py:110} WARNING - /home/airflow/.local/lib/python3.7/site-packages/airflow/configuration.py:525: DeprecationWarning: The sql_alchemy_conn option in [core] has been moved to the sql_alchemy_conn option in [database] - the old setting has been used, but please update your config.
  option = self._get_environment_variables(deprecated_key, deprecated_section, key, section)

[2022-06-18 09:47:47,490] {task_command.py:370} INFO - Running <TaskInstance: Job-pts.pts-Papple-iphone-xs-512gb-space-grau_h_6248 scheduled__2022-06-17T22:40:58.837877+00:00 [running]> on host 3c1ac2e19971
[2022-06-18 09:50:06,126] {taskinstance.py:1571} INFO - Exporting the following env vars:
AIRFLOW_CTX_DAG_EMAIL=samuel.momoh-olle@asgoodasnew.com
AIRFLOW_CTX_DAG_OWNER=airflow
AIRFLOW_CTX_DAG_ID=Job-pts
AIRFLOW_CTX_TASK_ID=pts-Papple-iphone-xs-512gb-space-grau_h_6248
AIRFLOW_CTX_EXECUTION_DATE=2022-06-17T22:40:58.837877+00:00
AIRFLOW_CTX_TRY_NUMBER=4
AIRFLOW_CTX_DAG_RUN_ID=scheduled__2022-06-17T22:40:58.837877+00:00
[2022-06-18 09:52:16,597] {taskinstance.py:1889} ERROR - Task failed with exception
Traceback (most recent call last):
  File "/home/airflow/.local/lib/python3.7/site-packages/airflow/operators/python.py", line 171, in execute
    return_value = self.execute_callable()
  File "/home/airflow/.local/lib/python3.7/site-packages/airflow/operators/python.py", line 189, in execute_callable
    return self.python_callable(*self.op_args, **self.op_kwargs)
  File "/opt/airflow/dags/docker_job/price_scale.py", line 115, in test
    ppd = ProductPriceData(driver=webdriver.Chrome(executable_path="dags/docker_job/chromedriver", options=options))
  File "/home/airflow/.local/lib/python3.7/site-packages/selenium/webdriver/chrome/webdriver.py", line 73, in __init__
    service_log_path, service, keep_alive)
  File "/home/airflow/.local/lib/python3.7/site-packages/selenium/webdriver/chromium/webdriver.py", line 98, in __init__
    options=options)
  File "/home/airflow/.local/lib/python3.7/site-packages/selenium/webdriver/remote/webdriver.py", line 275, in __init__
    self.start_session(capabilities, browser_profile)
  File "/home/airflow/.local/lib/python3.7/site-packages/selenium/webdriver/remote/webdriver.py", line 365, in start_session
    response = self.execute(Command.NEW_SESSION, parameters)
  File "/home/airflow/.local/lib/python3.7/site-packages/selenium/webdriver/remote/webdriver.py", line 430, in execute
    self.error_handler.check_response(response)
  File "/home/airflow/.local/lib/python3.7/site-packages/selenium/webdriver/remote/errorhandler.py", line 247, in check_response
    raise exception_class(message, screen, stacktrace)
selenium.common.exceptions.WebDriverException: Message: unknown error: DevToolsActivePort file doesn't exist
Stacktrace:
#0 0x55bcd7867f33 <unknown>
#1 0x55bcd75b2118 <unknown>
#2 0x55bcd75d8282 <unknown>
#3 0x55bcd75d47c6 <unknown>
#4 0x55bcd75d0d5a <unknown>
#5 0x55bcd760bd3a <unknown>
#6 0x55bcd7605e63 <unknown>
#7 0x55bcd75db82a <unknown>
#8 0x55bcd75dc985 <unknown>
#9 0x55bcd78ac4cd <unknown>
#10 0x55bcd78b05ec <unknown>
#11 0x55bcd789671e <unknown>
#12 0x55bcd78b1238 <unknown>
#13 0x55bcd788b870 <unknown>
#14 0x55bcd78cd608 <unknown>
#15 0x55bcd78cd788 <unknown>
#16 0x55bcd78e7f1d <unknown>
#17 0x7f3a26a58ea7 <unknown>

[2022-06-18 09:54:14,900] {taskinstance.py:1400} INFO - Marking task as UP_FOR_RETRY. dag_id=Job-pts, task_id=pts-Papple-iphone-xs-512gb-space-grau_h_6248, execution_date=20220617T224058, start_date=20220618T094615, end_date=20220618T095414
[2022-06-18 09:54:15,356] {standard_task_runner.py:97} ERROR - Failed to execute job 417 for task pts-Papple-iphone-xs-512gb-space-grau_h_6248 (Message: unknown error: DevToolsActivePort file doesn't exist
Stacktrace:
#0 0x55bcd7867f33 <unknown>
#1 0x55bcd75b2118 <unknown>
#2 0x55bcd75d8282 <unknown>
#3 0x55bcd75d47c6 <unknown>
#4 0x55bcd75d0d5a <unknown>
#5 0x55bcd760bd3a <unknown>
#6 0x55bcd7605e63 <unknown>
#7 0x55bcd75db82a <unknown>
#8 0x55bcd75dc985 <unknown>
#9 0x55bcd78ac4cd <unknown>
#10 0x55bcd78b05ec <unknown>
#11 0x55bcd789671e <unknown>
#12 0x55bcd78b1238 <unknown>
#13 0x55bcd788b870 <unknown>
#14 0x55bcd78cd608 <unknown>
#15 0x55bcd78cd788 <unknown>
#16 0x55bcd78e7f1d <unknown>
#17 0x7f3a26a58ea7 <unknown>
; 4188)
[2022-06-18 09:54:15,716] {local_task_job.py:156} INFO - Task exited with return code 1
[2022-06-18 09:54:18,283] {local_task_job.py:273} INFO - 0 downstream tasks scheduled from follow-on schedule check
