[2022-06-17 20:13:01,964] {taskinstance.py:1159} INFO - Dependencies all met for <TaskInstance: Job-pts.pts-Papple-iphone-x-256gb-space-grau_h_5145 manual__2022-06-17T20:12:59.782916+00:00 [queued]>
[2022-06-17 20:13:02,009] {taskinstance.py:1159} INFO - Dependencies all met for <TaskInstance: Job-pts.pts-Papple-iphone-x-256gb-space-grau_h_5145 manual__2022-06-17T20:12:59.782916+00:00 [queued]>
[2022-06-17 20:13:02,009] {taskinstance.py:1356} INFO - 
--------------------------------------------------------------------------------
[2022-06-17 20:13:02,009] {taskinstance.py:1357} INFO - Starting attempt 1 of 6
[2022-06-17 20:13:02,009] {taskinstance.py:1358} INFO - 
--------------------------------------------------------------------------------
[2022-06-17 20:13:02,112] {taskinstance.py:1377} INFO - Executing <Task(PythonOperator): pts-Papple-iphone-x-256gb-space-grau_h_5145> on 2022-06-17 20:12:59.782916+00:00
[2022-06-17 20:13:02,125] {standard_task_runner.py:52} INFO - Started process 5988 to run task
[2022-06-17 20:13:02,146] {standard_task_runner.py:79} INFO - Running: ['airflow', 'tasks', 'run', 'Job-pts', 'pts-Papple-iphone-x-256gb-space-grau_h_5145', 'manual__2022-06-17T20:12:59.782916+00:00', '--job-id', '298', '--raw', '--subdir', 'DAGS_FOLDER/docker_job/price_scale.py', '--cfg-path', '/tmp/tmpxfc77kzu', '--error-file', '/tmp/tmphl3muqzg']
[2022-06-17 20:13:02,146] {standard_task_runner.py:80} INFO - Job 298: Subtask pts-Papple-iphone-x-256gb-space-grau_h_5145
[2022-06-17 20:13:02,779] {task_command.py:370} INFO - Running <TaskInstance: Job-pts.pts-Papple-iphone-x-256gb-space-grau_h_5145 manual__2022-06-17T20:12:59.782916+00:00 [running]> on host 2d9e52ec85d2
[2022-06-17 20:13:03,233] {taskinstance.py:1571} INFO - Exporting the following env vars:
AIRFLOW_CTX_DAG_EMAIL=samuel.momoh-olle@asgoodasnew.com
AIRFLOW_CTX_DAG_OWNER=airflow
AIRFLOW_CTX_DAG_ID=Job-pts
AIRFLOW_CTX_TASK_ID=pts-Papple-iphone-x-256gb-space-grau_h_5145
AIRFLOW_CTX_EXECUTION_DATE=2022-06-17T20:12:59.782916+00:00
AIRFLOW_CTX_TRY_NUMBER=1
AIRFLOW_CTX_DAG_RUN_ID=manual__2022-06-17T20:12:59.782916+00:00
[2022-06-17 20:14:14,110] {taskinstance.py:1889} ERROR - Task failed with exception
Traceback (most recent call last):
  File "/home/airflow/.local/lib/python3.7/site-packages/airflow/operators/python.py", line 171, in execute
    return_value = self.execute_callable()
  File "/home/airflow/.local/lib/python3.7/site-packages/airflow/operators/python.py", line 189, in execute_callable
    return self.python_callable(*self.op_args, **self.op_kwargs)
  File "/opt/airflow/dags/docker_job/price_scale.py", line 115, in test
    ppd = ProductPriceData(driver=webdriver.Chrome(executable_path="dags/docker_job/chromedriver", options=options))
  File "/home/airflow/.local/lib/python3.7/site-packages/selenium/webdriver/chrome/webdriver.py", line 73, in __init__
    service_log_path, service, keep_alive)
  File "/home/airflow/.local/lib/python3.7/site-packages/selenium/webdriver/chromium/webdriver.py", line 98, in __init__
    options=options)
  File "/home/airflow/.local/lib/python3.7/site-packages/selenium/webdriver/remote/webdriver.py", line 275, in __init__
    self.start_session(capabilities, browser_profile)
  File "/home/airflow/.local/lib/python3.7/site-packages/selenium/webdriver/remote/webdriver.py", line 365, in start_session
    response = self.execute(Command.NEW_SESSION, parameters)
  File "/home/airflow/.local/lib/python3.7/site-packages/selenium/webdriver/remote/webdriver.py", line 430, in execute
    self.error_handler.check_response(response)
  File "/home/airflow/.local/lib/python3.7/site-packages/selenium/webdriver/remote/errorhandler.py", line 247, in check_response
    raise exception_class(message, screen, stacktrace)
selenium.common.exceptions.WebDriverException: Message: unknown error: DevToolsActivePort file doesn't exist
Stacktrace:
#0 0x559558a54f33 <unknown>
#1 0x55955879f118 <unknown>
#2 0x5595587c5282 <unknown>
#3 0x5595587c17c6 <unknown>
#4 0x5595587bdd5a <unknown>
#5 0x5595587f8d3a <unknown>
#6 0x5595587f2e63 <unknown>
#7 0x5595587c882a <unknown>
#8 0x5595587c9985 <unknown>
#9 0x559558a994cd <unknown>
#10 0x559558a9d5ec <unknown>
#11 0x559558a8371e <unknown>
#12 0x559558a9e238 <unknown>
#13 0x559558a78870 <unknown>
#14 0x559558aba608 <unknown>
#15 0x559558aba788 <unknown>
#16 0x559558ad4f1d <unknown>
#17 0x7fc8a29ceea7 <unknown>

[2022-06-17 20:14:15,448] {taskinstance.py:1400} INFO - Marking task as UP_FOR_RETRY. dag_id=Job-pts, task_id=pts-Papple-iphone-x-256gb-space-grau_h_5145, execution_date=20220617T201259, start_date=20220617T201301, end_date=20220617T201415
[2022-06-17 20:14:16,193] {standard_task_runner.py:97} ERROR - Failed to execute job 298 for task pts-Papple-iphone-x-256gb-space-grau_h_5145 (Message: unknown error: DevToolsActivePort file doesn't exist
Stacktrace:
#0 0x559558a54f33 <unknown>
#1 0x55955879f118 <unknown>
#2 0x5595587c5282 <unknown>
#3 0x5595587c17c6 <unknown>
#4 0x5595587bdd5a <unknown>
#5 0x5595587f8d3a <unknown>
#6 0x5595587f2e63 <unknown>
#7 0x5595587c882a <unknown>
#8 0x5595587c9985 <unknown>
#9 0x559558a994cd <unknown>
#10 0x559558a9d5ec <unknown>
#11 0x559558a8371e <unknown>
#12 0x559558a9e238 <unknown>
#13 0x559558a78870 <unknown>
#14 0x559558aba608 <unknown>
#15 0x559558aba788 <unknown>
#16 0x559558ad4f1d <unknown>
#17 0x7fc8a29ceea7 <unknown>
; 5988)
[2022-06-17 20:14:16,274] {local_task_job.py:156} INFO - Task exited with return code 1
[2022-06-17 20:14:17,469] {local_task_job.py:273} INFO - 0 downstream tasks scheduled from follow-on schedule check
