[2022-06-19 17:55:51,586] {taskinstance.py:1159} INFO - Dependencies all met for <TaskInstance: Job-pts.pts-Papple-iphone-xs-64gb-space-grau_h_6242 scheduled__2022-06-19T01:09:09.446748+00:00 [queued]>
[2022-06-19 17:55:51,624] {taskinstance.py:1159} INFO - Dependencies all met for <TaskInstance: Job-pts.pts-Papple-iphone-xs-64gb-space-grau_h_6242 scheduled__2022-06-19T01:09:09.446748+00:00 [queued]>
[2022-06-19 17:55:51,624] {taskinstance.py:1356} INFO - 
--------------------------------------------------------------------------------
[2022-06-19 17:55:51,624] {taskinstance.py:1357} INFO - Starting attempt 3 of 6
[2022-06-19 17:55:51,624] {taskinstance.py:1358} INFO - 
--------------------------------------------------------------------------------
[2022-06-19 17:55:51,801] {taskinstance.py:1377} INFO - Executing <Task(PythonOperator): pts-Papple-iphone-xs-64gb-space-grau_h_6242> on 2022-06-19 01:09:09.446748+00:00
[2022-06-19 17:55:52,004] {standard_task_runner.py:79} INFO - Running: ['airflow', 'tasks', 'run', 'Job-pts', 'pts-Papple-iphone-xs-64gb-space-grau_h_6242', 'scheduled__2022-06-19T01:09:09.446748+00:00', '--job-id', '590', '--raw', '--subdir', 'DAGS_FOLDER/docker_job/price_scale.py', '--cfg-path', '/tmp/tmpsrag7vt_', '--error-file', '/tmp/tmpem3djhke']
[2022-06-19 17:55:52,004] {standard_task_runner.py:80} INFO - Job 590: Subtask pts-Papple-iphone-xs-64gb-space-grau_h_6242
[2022-06-19 17:55:51,808] {standard_task_runner.py:52} INFO - Started process 2403 to run task
[2022-06-19 17:55:52,633] {warnings.py:110} WARNING - /home/airflow/.local/lib/python3.7/site-packages/airflow/configuration.py:525: DeprecationWarning: The sql_alchemy_conn option in [core] has been moved to the sql_alchemy_conn option in [database] - the old setting has been used, but please update your config.
  option = self._get_environment_variables(deprecated_key, deprecated_section, key, section)

[2022-06-19 17:55:52,997] {task_command.py:370} INFO - Running <TaskInstance: Job-pts.pts-Papple-iphone-xs-64gb-space-grau_h_6242 scheduled__2022-06-19T01:09:09.446748+00:00 [running]> on host 31bbb70af43b
[2022-06-19 17:55:53,404] {taskinstance.py:1571} INFO - Exporting the following env vars:
AIRFLOW_CTX_DAG_EMAIL=samuel.momoh-olle@asgoodasnew.com
AIRFLOW_CTX_DAG_OWNER=airflow
AIRFLOW_CTX_DAG_ID=Job-pts
AIRFLOW_CTX_TASK_ID=pts-Papple-iphone-xs-64gb-space-grau_h_6242
AIRFLOW_CTX_EXECUTION_DATE=2022-06-19T01:09:09.446748+00:00
AIRFLOW_CTX_TRY_NUMBER=3
AIRFLOW_CTX_DAG_RUN_ID=scheduled__2022-06-19T01:09:09.446748+00:00
[2022-06-19 17:55:58,915] {logging_mixin.py:115} INFO - ['https://www.handyverkauf.net/apple-iphone-x-64gb-space-grau_h_5143', 'https://www.handyverkauf.net/apple-iphone-x-256gb-space-grau_h_5145', 'https://www.handyverkauf.net/apple-iphone-xs-64gb-space-grau_h_6242', 'https://www.handyverkauf.net/apple-iphone-xs-256gb-space-grau_h_6245', 'https://www.handyverkauf.net/apple-iphone-xs-512gb-space-grau_h_6248', 'https://www.handyverkauf.net/apple-iphone-xs-max-64gb-space-grau_h_6251', 'https://www.handyverkauf.net/apple-iphone-xs-max-256gb-space-grau_h_6254', 'https://www.handyverkauf.net/apple-iphone-xs-max-512gb-space-grau_h_6257', 'https://www.handyverkauf.net/apple-iphone-xr-64gb-schwarz_h_6260', 'https://www.handyverkauf.net/apple-iphone-xr-128gb-schwarz_h_6266']
[2022-06-19 17:58:45,751] {taskinstance.py:1889} ERROR - Task failed with exception
Traceback (most recent call last):
  File "/home/airflow/.local/lib/python3.7/site-packages/airflow/operators/python.py", line 171, in execute
    return_value = self.execute_callable()
  File "/home/airflow/.local/lib/python3.7/site-packages/airflow/operators/python.py", line 189, in execute_callable
    return self.python_callable(*self.op_args, **self.op_kwargs)
  File "/opt/airflow/dags/docker_job/price_scale.py", line 119, in test
    webdriver.Chrome(executable_path="dags/docker_job/chromedriver", options=options),
  File "/home/airflow/.local/lib/python3.7/site-packages/selenium/webdriver/chrome/webdriver.py", line 73, in __init__
    service_log_path, service, keep_alive)
  File "/home/airflow/.local/lib/python3.7/site-packages/selenium/webdriver/chromium/webdriver.py", line 98, in __init__
    options=options)
  File "/home/airflow/.local/lib/python3.7/site-packages/selenium/webdriver/remote/webdriver.py", line 275, in __init__
    self.start_session(capabilities, browser_profile)
  File "/home/airflow/.local/lib/python3.7/site-packages/selenium/webdriver/remote/webdriver.py", line 365, in start_session
    response = self.execute(Command.NEW_SESSION, parameters)
  File "/home/airflow/.local/lib/python3.7/site-packages/selenium/webdriver/remote/webdriver.py", line 430, in execute
    self.error_handler.check_response(response)
  File "/home/airflow/.local/lib/python3.7/site-packages/selenium/webdriver/remote/errorhandler.py", line 247, in check_response
    raise exception_class(message, screen, stacktrace)
selenium.common.exceptions.WebDriverException: Message: unknown error: DevToolsActivePort file doesn't exist
Stacktrace:
#0 0x556a8a7e8f33 <unknown>
#1 0x556a8a533118 <unknown>
#2 0x556a8a559282 <unknown>
#3 0x556a8a5557c6 <unknown>
#4 0x556a8a551d5a <unknown>
#5 0x556a8a58cd3a <unknown>
#6 0x556a8a586e63 <unknown>
#7 0x556a8a55c82a <unknown>
#8 0x556a8a55d985 <unknown>
#9 0x556a8a82d4cd <unknown>
#10 0x556a8a8315ec <unknown>
#11 0x556a8a81771e <unknown>
#12 0x556a8a832238 <unknown>
#13 0x556a8a80c870 <unknown>
#14 0x556a8a84e608 <unknown>
#15 0x556a8a84e788 <unknown>
#16 0x556a8a868f1d <unknown>
#17 0x7fa226bd0ea7 <unknown>

[2022-06-19 17:58:48,234] {taskinstance.py:1400} INFO - Marking task as UP_FOR_RETRY. dag_id=Job-pts, task_id=pts-Papple-iphone-xs-64gb-space-grau_h_6242, execution_date=20220619T010909, start_date=20220619T175551, end_date=20220619T175848
[2022-06-19 17:58:48,291] {standard_task_runner.py:97} ERROR - Failed to execute job 590 for task pts-Papple-iphone-xs-64gb-space-grau_h_6242 (Message: unknown error: DevToolsActivePort file doesn't exist
Stacktrace:
#0 0x556a8a7e8f33 <unknown>
#1 0x556a8a533118 <unknown>
#2 0x556a8a559282 <unknown>
#3 0x556a8a5557c6 <unknown>
#4 0x556a8a551d5a <unknown>
#5 0x556a8a58cd3a <unknown>
#6 0x556a8a586e63 <unknown>
#7 0x556a8a55c82a <unknown>
#8 0x556a8a55d985 <unknown>
#9 0x556a8a82d4cd <unknown>
#10 0x556a8a8315ec <unknown>
#11 0x556a8a81771e <unknown>
#12 0x556a8a832238 <unknown>
#13 0x556a8a80c870 <unknown>
#14 0x556a8a84e608 <unknown>
#15 0x556a8a84e788 <unknown>
#16 0x556a8a868f1d <unknown>
#17 0x7fa226bd0ea7 <unknown>
; 2403)
[2022-06-19 17:58:48,452] {local_task_job.py:156} INFO - Task exited with return code 1
[2022-06-19 17:58:48,744] {local_task_job.py:273} INFO - 0 downstream tasks scheduled from follow-on schedule check
