[2022-06-19 03:58:13,730] {taskinstance.py:1159} INFO - Dependencies all met for <TaskInstance: Job-price_test_scale.price_test_scale-apple-iphone-xr-64gb-schwarz_h_6260 scheduled__2022-06-19T01:09:09.447981+00:00 [queued]>
[2022-06-19 04:01:52,932] {taskinstance.py:1159} INFO - Dependencies all met for <TaskInstance: Job-price_test_scale.price_test_scale-apple-iphone-xr-64gb-schwarz_h_6260 scheduled__2022-06-19T01:09:09.447981+00:00 [queued]>
[2022-06-19 04:01:52,958] {taskinstance.py:1356} INFO - 
--------------------------------------------------------------------------------
[2022-06-19 04:01:52,958] {taskinstance.py:1357} INFO - Starting attempt 2 of 6
[2022-06-19 04:01:52,959] {taskinstance.py:1358} INFO - 
--------------------------------------------------------------------------------
[2022-06-19 04:01:53,049] {taskinstance.py:1377} INFO - Executing <Task(PythonOperator): price_test_scale-apple-iphone-xr-64gb-schwarz_h_6260> on 2022-06-19 01:09:09.447981+00:00
[2022-06-19 04:01:53,159] {standard_task_runner.py:52} INFO - Started process 18261 to run task
[2022-06-19 04:01:53,177] {standard_task_runner.py:79} INFO - Running: ['airflow', 'tasks', 'run', 'Job-price_test_scale', 'price_test_scale-apple-iphone-xr-64gb-schwarz_h_6260', 'scheduled__2022-06-19T01:09:09.447981+00:00', '--job-id', '510', '--raw', '--subdir', 'DAGS_FOLDER/docker_job/price_test_scale.py', '--cfg-path', '/tmp/tmpbsvl4lr5', '--error-file', '/tmp/tmpmkusnl5m']
[2022-06-19 04:01:53,177] {standard_task_runner.py:80} INFO - Job 510: Subtask price_test_scale-apple-iphone-xr-64gb-schwarz_h_6260
[2022-06-19 04:01:54,324] {warnings.py:110} WARNING - /home/airflow/.local/lib/python3.7/site-packages/airflow/configuration.py:525: DeprecationWarning: The sql_alchemy_conn option in [core] has been moved to the sql_alchemy_conn option in [database] - the old setting has been used, but please update your config.
  option = self._get_environment_variables(deprecated_key, deprecated_section, key, section)

[2022-06-19 04:01:56,773] {task_command.py:370} INFO - Running <TaskInstance: Job-price_test_scale.price_test_scale-apple-iphone-xr-64gb-schwarz_h_6260 scheduled__2022-06-19T01:09:09.447981+00:00 [running]> on host 2d9e52ec85d2
[2022-06-19 04:01:57,214] {taskinstance.py:1571} INFO - Exporting the following env vars:
AIRFLOW_CTX_DAG_EMAIL=samuel.momoh-olle@asgoodasnew.com
AIRFLOW_CTX_DAG_OWNER=airflow
AIRFLOW_CTX_DAG_ID=Job-price_test_scale
AIRFLOW_CTX_TASK_ID=price_test_scale-apple-iphone-xr-64gb-schwarz_h_6260
AIRFLOW_CTX_EXECUTION_DATE=2022-06-19T01:09:09.447981+00:00
AIRFLOW_CTX_TRY_NUMBER=2
AIRFLOW_CTX_DAG_RUN_ID=scheduled__2022-06-19T01:09:09.447981+00:00
[2022-06-19 04:01:57,295] {logging_mixin.py:115} INFO - /opt/airflow
[2022-06-19 04:03:03,357] {taskinstance.py:1889} ERROR - Task failed with exception
Traceback (most recent call last):
  File "/home/airflow/.local/lib/python3.7/site-packages/airflow/operators/python.py", line 171, in execute
    return_value = self.execute_callable()
  File "/home/airflow/.local/lib/python3.7/site-packages/airflow/operators/python.py", line 189, in execute_callable
    return self.python_callable(*self.op_args, **self.op_kwargs)
  File "/opt/airflow/dags/docker_job/price_test_scale.py", line 124, in run_from_class
    ppd = ProductPriceData(driver=webdriver.Chrome(executable_path="dags/docker_job/chromedriver", options=options))
  File "/home/airflow/.local/lib/python3.7/site-packages/selenium/webdriver/chrome/webdriver.py", line 73, in __init__
    service_log_path, service, keep_alive)
  File "/home/airflow/.local/lib/python3.7/site-packages/selenium/webdriver/chromium/webdriver.py", line 98, in __init__
    options=options)
  File "/home/airflow/.local/lib/python3.7/site-packages/selenium/webdriver/remote/webdriver.py", line 275, in __init__
    self.start_session(capabilities, browser_profile)
  File "/home/airflow/.local/lib/python3.7/site-packages/selenium/webdriver/remote/webdriver.py", line 365, in start_session
    response = self.execute(Command.NEW_SESSION, parameters)
  File "/home/airflow/.local/lib/python3.7/site-packages/selenium/webdriver/remote/webdriver.py", line 430, in execute
    self.error_handler.check_response(response)
  File "/home/airflow/.local/lib/python3.7/site-packages/selenium/webdriver/remote/errorhandler.py", line 247, in check_response
    raise exception_class(message, screen, stacktrace)
selenium.common.exceptions.WebDriverException: Message: unknown error: DevToolsActivePort file doesn't exist
Stacktrace:
#0 0x5610cf23bf33 <unknown>
#1 0x5610cef86118 <unknown>
#2 0x5610cefac282 <unknown>
#3 0x5610cefa87c6 <unknown>
#4 0x5610cefa4d5a <unknown>
#5 0x5610cefdfd3a <unknown>
#6 0x5610cefd9e63 <unknown>
#7 0x5610cefaf82a <unknown>
#8 0x5610cefb0985 <unknown>
#9 0x5610cf2804cd <unknown>
#10 0x5610cf2845ec <unknown>
#11 0x5610cf26a71e <unknown>
#12 0x5610cf285238 <unknown>
#13 0x5610cf25f870 <unknown>
#14 0x5610cf2a1608 <unknown>
#15 0x5610cf2a1788 <unknown>
#16 0x5610cf2bbf1d <unknown>
#17 0x7fae3ba63ea7 <unknown>

[2022-06-19 04:03:03,498] {taskinstance.py:1400} INFO - Marking task as UP_FOR_RETRY. dag_id=Job-price_test_scale, task_id=price_test_scale-apple-iphone-xr-64gb-schwarz_h_6260, execution_date=20220619T010909, start_date=20220619T035813, end_date=20220619T040303
[2022-06-19 04:03:03,545] {standard_task_runner.py:97} ERROR - Failed to execute job 510 for task price_test_scale-apple-iphone-xr-64gb-schwarz_h_6260 (Message: unknown error: DevToolsActivePort file doesn't exist
Stacktrace:
#0 0x5610cf23bf33 <unknown>
#1 0x5610cef86118 <unknown>
#2 0x5610cefac282 <unknown>
#3 0x5610cefa87c6 <unknown>
#4 0x5610cefa4d5a <unknown>
#5 0x5610cefdfd3a <unknown>
#6 0x5610cefd9e63 <unknown>
#7 0x5610cefaf82a <unknown>
#8 0x5610cefb0985 <unknown>
#9 0x5610cf2804cd <unknown>
#10 0x5610cf2845ec <unknown>
#11 0x5610cf26a71e <unknown>
#12 0x5610cf285238 <unknown>
#13 0x5610cf25f870 <unknown>
#14 0x5610cf2a1608 <unknown>
#15 0x5610cf2a1788 <unknown>
#16 0x5610cf2bbf1d <unknown>
#17 0x7fae3ba63ea7 <unknown>
; 18261)
[2022-06-19 04:03:03,624] {local_task_job.py:156} INFO - Task exited with return code 1
[2022-06-19 04:03:03,839] {local_task_job.py:273} INFO - 0 downstream tasks scheduled from follow-on schedule check
