[2022-06-16 12:33:41,358] {taskinstance.py:1159} INFO - Dependencies all met for <TaskInstance: Job-pts.pts scheduled__2022-06-16T09:11:47.345967+00:00 [queued]>
[2022-06-16 12:33:41,376] {taskinstance.py:1159} INFO - Dependencies all met for <TaskInstance: Job-pts.pts scheduled__2022-06-16T09:11:47.345967+00:00 [queued]>
[2022-06-16 12:33:41,376] {taskinstance.py:1356} INFO - 
--------------------------------------------------------------------------------
[2022-06-16 12:33:41,376] {taskinstance.py:1357} INFO - Starting attempt 3 of 6
[2022-06-16 12:33:41,376] {taskinstance.py:1358} INFO - 
--------------------------------------------------------------------------------
[2022-06-16 12:33:41,392] {taskinstance.py:1377} INFO - Executing <Task(PythonOperator): pts> on 2022-06-16 09:11:47.345967+00:00
[2022-06-16 12:33:41,423] {standard_task_runner.py:52} INFO - Started process 7750 to run task
[2022-06-16 12:33:41,426] {standard_task_runner.py:79} INFO - Running: ['airflow', 'tasks', 'run', 'Job-pts', 'pts', 'scheduled__2022-06-16T09:11:47.345967+00:00', '--job-id', '177', '--raw', '--subdir', 'DAGS_FOLDER/docker_job/price_scale.py', '--cfg-path', '/tmp/tmp732gcgsj', '--error-file', '/tmp/tmpii89vk9u']
[2022-06-16 12:33:41,426] {standard_task_runner.py:80} INFO - Job 177: Subtask pts
[2022-06-16 12:33:41,491] {warnings.py:110} WARNING - /home/airflow/.local/lib/python3.7/site-packages/airflow/configuration.py:525: DeprecationWarning: The sql_alchemy_conn option in [core] has been moved to the sql_alchemy_conn option in [database] - the old setting has been used, but please update your config.
  option = self._get_environment_variables(deprecated_key, deprecated_section, key, section)

[2022-06-16 12:33:41,577] {task_command.py:370} INFO - Running <TaskInstance: Job-pts.pts scheduled__2022-06-16T09:11:47.345967+00:00 [running]> on host 31bbb70af43b
[2022-06-16 12:33:41,663] {taskinstance.py:1571} INFO - Exporting the following env vars:
AIRFLOW_CTX_DAG_EMAIL=samuel.momoh-olle@asgoodasnew.com
AIRFLOW_CTX_DAG_OWNER=airflow
AIRFLOW_CTX_DAG_ID=Job-pts
AIRFLOW_CTX_TASK_ID=pts
AIRFLOW_CTX_EXECUTION_DATE=2022-06-16T09:11:47.345967+00:00
AIRFLOW_CTX_TRY_NUMBER=3
AIRFLOW_CTX_DAG_RUN_ID=scheduled__2022-06-16T09:11:47.345967+00:00
[2022-06-16 12:33:41,667] {logging_mixin.py:115} INFO - /opt/airflow
[2022-06-16 12:33:42,629] {logging_mixin.py:115} INFO - https://www.handyverkauf.net/apple-iphone-x-64gb-space-grau_h_5143
[2022-06-16 12:34:14,162] {logging_mixin.py:115} INFO - []
[2022-06-16 12:34:14,162] {python.py:173} INFO - Done. Returned value was: None
[2022-06-16 12:34:14,793] {logging_mixin.py:115} INFO - https://www.handyverkauf.net/apple-iphone-x-256gb-space-grau_h_5145
[2022-06-16 12:34:46,062] {logging_mixin.py:115} INFO - []
[2022-06-16 12:34:46,063] {python.py:173} INFO - Done. Returned value was: None
[2022-06-16 12:34:46,690] {logging_mixin.py:115} INFO - https://www.handyverkauf.net/apple-iphone-xs-64gb-space-grau_h_6242
[2022-06-16 12:35:17,831] {logging_mixin.py:115} INFO - []
[2022-06-16 12:35:17,831] {python.py:173} INFO - Done. Returned value was: None
[2022-06-16 12:35:18,462] {logging_mixin.py:115} INFO - https://www.handyverkauf.net/apple-iphone-xs-256gb-space-grau_h_6245
[2022-06-16 12:35:48,425] {logging_mixin.py:115} INFO - []
[2022-06-16 12:35:48,425] {python.py:173} INFO - Done. Returned value was: None
[2022-06-16 12:35:49,056] {logging_mixin.py:115} INFO - https://www.handyverkauf.net/apple-iphone-xs-512gb-space-grau_h_6248
[2022-06-16 12:36:24,354] {logging_mixin.py:115} INFO - []
[2022-06-16 12:36:24,355] {python.py:173} INFO - Done. Returned value was: None
[2022-06-16 12:36:24,991] {logging_mixin.py:115} INFO - https://www.handyverkauf.net/apple-iphone-xs-max-64gb-space-grau_h_6251
[2022-06-16 12:37:02,895] {logging_mixin.py:115} INFO - []
[2022-06-16 12:37:02,896] {python.py:173} INFO - Done. Returned value was: None
[2022-06-16 12:37:04,014] {logging_mixin.py:115} INFO - https://www.handyverkauf.net/apple-iphone-xs-max-256gb-space-grau_h_6254
[2022-06-16 12:38:16,842] {taskinstance.py:1889} ERROR - Task failed with exception
Traceback (most recent call last):
  File "/home/airflow/.local/lib/python3.7/site-packages/airflow/operators/python.py", line 171, in execute
    return_value = self.execute_callable()
  File "/home/airflow/.local/lib/python3.7/site-packages/airflow/operators/python.py", line 189, in execute_callable
    return self.python_callable(*self.op_args, **self.op_kwargs)
  File "/opt/airflow/dags/docker_job/price_scale.py", line 175, in run_from_class
    python_task.execute(dict())
  File "/home/airflow/.local/lib/python3.7/site-packages/airflow/operators/python.py", line 171, in execute
    return_value = self.execute_callable()
  File "/home/airflow/.local/lib/python3.7/site-packages/airflow/operators/python.py", line 189, in execute_callable
    return self.python_callable(*self.op_args, **self.op_kwargs)
  File "/opt/airflow/dags/docker_job/price_scale.py", line 123, in test
    webdriver.Chrome(executable_path="dags/docker_job/chromedriver", options=options),
  File "/home/airflow/.local/lib/python3.7/site-packages/selenium/webdriver/chrome/webdriver.py", line 73, in __init__
    service_log_path, service, keep_alive)
  File "/home/airflow/.local/lib/python3.7/site-packages/selenium/webdriver/chromium/webdriver.py", line 98, in __init__
    options=options)
  File "/home/airflow/.local/lib/python3.7/site-packages/selenium/webdriver/remote/webdriver.py", line 275, in __init__
    self.start_session(capabilities, browser_profile)
  File "/home/airflow/.local/lib/python3.7/site-packages/selenium/webdriver/remote/webdriver.py", line 365, in start_session
    response = self.execute(Command.NEW_SESSION, parameters)
  File "/home/airflow/.local/lib/python3.7/site-packages/selenium/webdriver/remote/webdriver.py", line 430, in execute
    self.error_handler.check_response(response)
  File "/home/airflow/.local/lib/python3.7/site-packages/selenium/webdriver/remote/errorhandler.py", line 247, in check_response
    raise exception_class(message, screen, stacktrace)
selenium.common.exceptions.WebDriverException: Message: chrome not reachable
Stacktrace:
#0 0x55b1663fcf33 <unknown>
#1 0x55b166146faf <unknown>
#2 0x55b166135209 <unknown>
#3 0x55b16616da79 <unknown>
#4 0x55b1661699d0 <unknown>
#5 0x55b166165d5a <unknown>
#6 0x55b1661a0d3a <unknown>
#7 0x55b16619ae63 <unknown>
#8 0x55b16617082a <unknown>
#9 0x55b166171985 <unknown>
#10 0x55b1664414cd <unknown>
#11 0x55b1664455ec <unknown>
#12 0x55b16642b71e <unknown>
#13 0x55b166446238 <unknown>
#14 0x55b166420870 <unknown>
#15 0x55b166462608 <unknown>
#16 0x55b166462788 <unknown>
#17 0x55b16647cf1d <unknown>
#18 0x7fa16a358ea7 <unknown>

[2022-06-16 12:38:16,877] {taskinstance.py:1400} INFO - Marking task as UP_FOR_RETRY. dag_id=Job-pts, task_id=pts, execution_date=20220616T091147, start_date=20220616T123341, end_date=20220616T123816
[2022-06-16 12:38:16,906] {standard_task_runner.py:97} ERROR - Failed to execute job 177 for task pts (Message: chrome not reachable
Stacktrace:
#0 0x55b1663fcf33 <unknown>
#1 0x55b166146faf <unknown>
#2 0x55b166135209 <unknown>
#3 0x55b16616da79 <unknown>
#4 0x55b1661699d0 <unknown>
#5 0x55b166165d5a <unknown>
#6 0x55b1661a0d3a <unknown>
#7 0x55b16619ae63 <unknown>
#8 0x55b16617082a <unknown>
#9 0x55b166171985 <unknown>
#10 0x55b1664414cd <unknown>
#11 0x55b1664455ec <unknown>
#12 0x55b16642b71e <unknown>
#13 0x55b166446238 <unknown>
#14 0x55b166420870 <unknown>
#15 0x55b166462608 <unknown>
#16 0x55b166462788 <unknown>
#17 0x55b16647cf1d <unknown>
#18 0x7fa16a358ea7 <unknown>
; 7750)
[2022-06-16 12:38:16,931] {local_task_job.py:156} INFO - Task exited with return code 1
[2022-06-16 12:38:16,973] {local_task_job.py:273} INFO - 0 downstream tasks scheduled from follow-on schedule check
