[2022-06-16 12:45:12,767] {taskinstance.py:1159} INFO - Dependencies all met for <TaskInstance: Job-pts.pts scheduled__2022-06-16T09:11:47.345967+00:00 [queued]>
[2022-06-16 12:45:12,794] {taskinstance.py:1159} INFO - Dependencies all met for <TaskInstance: Job-pts.pts scheduled__2022-06-16T09:11:47.345967+00:00 [queued]>
[2022-06-16 12:45:12,794] {taskinstance.py:1356} INFO - 
--------------------------------------------------------------------------------
[2022-06-16 12:45:12,794] {taskinstance.py:1357} INFO - Starting attempt 4 of 6
[2022-06-16 12:45:12,795] {taskinstance.py:1358} INFO - 
--------------------------------------------------------------------------------
[2022-06-16 12:45:12,827] {taskinstance.py:1377} INFO - Executing <Task(PythonOperator): pts> on 2022-06-16 09:11:47.345967+00:00
[2022-06-16 12:45:12,831] {standard_task_runner.py:52} INFO - Started process 8971 to run task
[2022-06-16 12:45:12,941] {standard_task_runner.py:79} INFO - Running: ['airflow', 'tasks', 'run', 'Job-pts', 'pts', 'scheduled__2022-06-16T09:11:47.345967+00:00', '--job-id', '180', '--raw', '--subdir', 'DAGS_FOLDER/docker_job/price_scale.py', '--cfg-path', '/tmp/tmpms_kwopx', '--error-file', '/tmp/tmp5qxrbqhb']
[2022-06-16 12:45:12,942] {standard_task_runner.py:80} INFO - Job 180: Subtask pts
[2022-06-16 12:45:13,722] {warnings.py:110} WARNING - /home/airflow/.local/lib/python3.7/site-packages/airflow/configuration.py:525: DeprecationWarning: The sql_alchemy_conn option in [core] has been moved to the sql_alchemy_conn option in [database] - the old setting has been used, but please update your config.
  option = self._get_environment_variables(deprecated_key, deprecated_section, key, section)

[2022-06-16 12:45:17,738] {task_command.py:370} INFO - Running <TaskInstance: Job-pts.pts scheduled__2022-06-16T09:11:47.345967+00:00 [running]> on host 31bbb70af43b
[2022-06-16 12:45:30,629] {taskinstance.py:1571} INFO - Exporting the following env vars:
AIRFLOW_CTX_DAG_EMAIL=samuel.momoh-olle@asgoodasnew.com
AIRFLOW_CTX_DAG_OWNER=airflow
AIRFLOW_CTX_DAG_ID=Job-pts
AIRFLOW_CTX_TASK_ID=pts
AIRFLOW_CTX_EXECUTION_DATE=2022-06-16T09:11:47.345967+00:00
AIRFLOW_CTX_TRY_NUMBER=4
AIRFLOW_CTX_DAG_RUN_ID=scheduled__2022-06-16T09:11:47.345967+00:00
[2022-06-16 12:45:31,437] {logging_mixin.py:115} INFO - /opt/airflow
[2022-06-16 12:49:06,751] {taskinstance.py:1889} ERROR - Task failed with exception
Traceback (most recent call last):
  File "/home/airflow/.local/lib/python3.7/site-packages/airflow/operators/python.py", line 171, in execute
    return_value = self.execute_callable()
  File "/home/airflow/.local/lib/python3.7/site-packages/airflow/operators/python.py", line 189, in execute_callable
    return self.python_callable(*self.op_args, **self.op_kwargs)
  File "/opt/airflow/dags/docker_job/price_scale.py", line 175, in run_from_class
    python_task.execute(dict())
  File "/home/airflow/.local/lib/python3.7/site-packages/airflow/operators/python.py", line 171, in execute
    return_value = self.execute_callable()
  File "/home/airflow/.local/lib/python3.7/site-packages/airflow/operators/python.py", line 189, in execute_callable
    return self.python_callable(*self.op_args, **self.op_kwargs)
  File "/opt/airflow/dags/docker_job/price_scale.py", line 115, in test
    ppd = ProductPriceData(driver=webdriver.Chrome(executable_path="dags/docker_job/chromedriver", options=options))
  File "/home/airflow/.local/lib/python3.7/site-packages/selenium/webdriver/chrome/webdriver.py", line 73, in __init__
    service_log_path, service, keep_alive)
  File "/home/airflow/.local/lib/python3.7/site-packages/selenium/webdriver/chromium/webdriver.py", line 98, in __init__
    options=options)
  File "/home/airflow/.local/lib/python3.7/site-packages/selenium/webdriver/remote/webdriver.py", line 275, in __init__
    self.start_session(capabilities, browser_profile)
  File "/home/airflow/.local/lib/python3.7/site-packages/selenium/webdriver/remote/webdriver.py", line 365, in start_session
    response = self.execute(Command.NEW_SESSION, parameters)
  File "/home/airflow/.local/lib/python3.7/site-packages/selenium/webdriver/remote/webdriver.py", line 430, in execute
    self.error_handler.check_response(response)
  File "/home/airflow/.local/lib/python3.7/site-packages/selenium/webdriver/remote/errorhandler.py", line 247, in check_response
    raise exception_class(message, screen, stacktrace)
selenium.common.exceptions.WebDriverException: Message: unknown error: DevToolsActivePort file doesn't exist
Stacktrace:
#0 0x55ea7e1d0f33 <unknown>
#1 0x55ea7df1b118 <unknown>
#2 0x55ea7df41282 <unknown>
#3 0x55ea7df3d7c6 <unknown>
#4 0x55ea7df39d5a <unknown>
#5 0x55ea7df74d3a <unknown>
#6 0x55ea7df6ee63 <unknown>
#7 0x55ea7df4482a <unknown>
#8 0x55ea7df45985 <unknown>
#9 0x55ea7e2154cd <unknown>
#10 0x55ea7e2195ec <unknown>
#11 0x55ea7e1ff71e <unknown>
#12 0x55ea7e21a238 <unknown>
#13 0x55ea7e1f4870 <unknown>
#14 0x55ea7e236608 <unknown>
#15 0x55ea7e236788 <unknown>
#16 0x55ea7e250f1d <unknown>
#17 0x7f1c19541ea7 <unknown>

[2022-06-16 12:50:28,779] {standard_task_runner.py:97} ERROR - Failed to execute job 180 for task pts ((psycopg2.OperationalError) could not translate host name "postgres_source" to address: Temporary failure in name resolution

(Background on this error at: http://sqlalche.me/e/14/e3q8); 8971)
[2022-06-16 12:50:51,617] {local_task_job.py:156} INFO - Task exited with return code 1
[2022-06-16 12:50:59,831] {taskinstance.py:1400} INFO - Marking task as UP_FOR_RETRY. dag_id=Job-pts, task_id=pts, execution_date=20220616T091147, start_date=20220616T124512, end_date=20220616T125059
[2022-06-16 12:51:17,950] {local_task_job.py:273} INFO - 0 downstream tasks scheduled from follow-on schedule check
