[2022-06-19 17:55:51,034] {taskinstance.py:1159} INFO - Dependencies all met for <TaskInstance: Job-pts.pts-Papple-iphone-xs-256gb-space-grau_h_6245 scheduled__2022-06-19T01:09:09.446748+00:00 [queued]>
[2022-06-19 17:55:51,080] {taskinstance.py:1159} INFO - Dependencies all met for <TaskInstance: Job-pts.pts-Papple-iphone-xs-256gb-space-grau_h_6245 scheduled__2022-06-19T01:09:09.446748+00:00 [queued]>
[2022-06-19 17:55:51,080] {taskinstance.py:1356} INFO - 
--------------------------------------------------------------------------------
[2022-06-19 17:55:51,080] {taskinstance.py:1357} INFO - Starting attempt 3 of 6
[2022-06-19 17:55:51,080] {taskinstance.py:1358} INFO - 
--------------------------------------------------------------------------------
[2022-06-19 17:55:51,236] {taskinstance.py:1377} INFO - Executing <Task(PythonOperator): pts-Papple-iphone-xs-256gb-space-grau_h_6245> on 2022-06-19 01:09:09.446748+00:00
[2022-06-19 17:55:51,250] {standard_task_runner.py:52} INFO - Started process 1571 to run task
[2022-06-19 17:55:51,257] {standard_task_runner.py:79} INFO - Running: ['airflow', 'tasks', 'run', 'Job-pts', 'pts-Papple-iphone-xs-256gb-space-grau_h_6245', 'scheduled__2022-06-19T01:09:09.446748+00:00', '--job-id', '586', '--raw', '--subdir', 'DAGS_FOLDER/docker_job/price_scale.py', '--cfg-path', '/tmp/tmp9lpu2s20', '--error-file', '/tmp/tmp_4gfybmg']
[2022-06-19 17:55:51,257] {standard_task_runner.py:80} INFO - Job 586: Subtask pts-Papple-iphone-xs-256gb-space-grau_h_6245
[2022-06-19 17:55:51,465] {warnings.py:110} WARNING - /home/airflow/.local/lib/python3.7/site-packages/airflow/configuration.py:525: DeprecationWarning: The sql_alchemy_conn option in [core] has been moved to the sql_alchemy_conn option in [database] - the old setting has been used, but please update your config.
  option = self._get_environment_variables(deprecated_key, deprecated_section, key, section)

[2022-06-19 17:55:52,321] {task_command.py:370} INFO - Running <TaskInstance: Job-pts.pts-Papple-iphone-xs-256gb-space-grau_h_6245 scheduled__2022-06-19T01:09:09.446748+00:00 [running]> on host 3c1ac2e19971
[2022-06-19 17:55:53,121] {taskinstance.py:1571} INFO - Exporting the following env vars:
AIRFLOW_CTX_DAG_EMAIL=samuel.momoh-olle@asgoodasnew.com
AIRFLOW_CTX_DAG_OWNER=airflow
AIRFLOW_CTX_DAG_ID=Job-pts
AIRFLOW_CTX_TASK_ID=pts-Papple-iphone-xs-256gb-space-grau_h_6245
AIRFLOW_CTX_EXECUTION_DATE=2022-06-19T01:09:09.446748+00:00
AIRFLOW_CTX_TRY_NUMBER=3
AIRFLOW_CTX_DAG_RUN_ID=scheduled__2022-06-19T01:09:09.446748+00:00
[2022-06-19 17:56:56,579] {logging_mixin.py:115} INFO - ['https://www.handyverkauf.net/apple-iphone-x-64gb-space-grau_h_5143', 'https://www.handyverkauf.net/apple-iphone-x-256gb-space-grau_h_5145', 'https://www.handyverkauf.net/apple-iphone-xs-64gb-space-grau_h_6242', 'https://www.handyverkauf.net/apple-iphone-xs-256gb-space-grau_h_6245', 'https://www.handyverkauf.net/apple-iphone-xs-512gb-space-grau_h_6248', 'https://www.handyverkauf.net/apple-iphone-xs-max-64gb-space-grau_h_6251', 'https://www.handyverkauf.net/apple-iphone-xs-max-256gb-space-grau_h_6254', 'https://www.handyverkauf.net/apple-iphone-xs-max-512gb-space-grau_h_6257', 'https://www.handyverkauf.net/apple-iphone-xr-64gb-schwarz_h_6260', 'https://www.handyverkauf.net/apple-iphone-xr-128gb-schwarz_h_6266']
[2022-06-19 17:58:47,882] {taskinstance.py:1889} ERROR - Task failed with exception
Traceback (most recent call last):
  File "/home/airflow/.local/lib/python3.7/site-packages/airflow/operators/python.py", line 171, in execute
    return_value = self.execute_callable()
  File "/home/airflow/.local/lib/python3.7/site-packages/airflow/operators/python.py", line 189, in execute_callable
    return self.python_callable(*self.op_args, **self.op_kwargs)
  File "/opt/airflow/dags/docker_job/price_scale.py", line 119, in test
    webdriver.Chrome(executable_path="dags/docker_job/chromedriver", options=options),
  File "/home/airflow/.local/lib/python3.7/site-packages/selenium/webdriver/chrome/webdriver.py", line 73, in __init__
    service_log_path, service, keep_alive)
  File "/home/airflow/.local/lib/python3.7/site-packages/selenium/webdriver/chromium/webdriver.py", line 98, in __init__
    options=options)
  File "/home/airflow/.local/lib/python3.7/site-packages/selenium/webdriver/remote/webdriver.py", line 275, in __init__
    self.start_session(capabilities, browser_profile)
  File "/home/airflow/.local/lib/python3.7/site-packages/selenium/webdriver/remote/webdriver.py", line 365, in start_session
    response = self.execute(Command.NEW_SESSION, parameters)
  File "/home/airflow/.local/lib/python3.7/site-packages/selenium/webdriver/remote/webdriver.py", line 430, in execute
    self.error_handler.check_response(response)
  File "/home/airflow/.local/lib/python3.7/site-packages/selenium/webdriver/remote/errorhandler.py", line 247, in check_response
    raise exception_class(message, screen, stacktrace)
selenium.common.exceptions.WebDriverException: Message: unknown error: DevToolsActivePort file doesn't exist
Stacktrace:
#0 0x55e8aab13f33 <unknown>
#1 0x55e8aa85e118 <unknown>
#2 0x55e8aa884282 <unknown>
#3 0x55e8aa8807c6 <unknown>
#4 0x55e8aa87cd5a <unknown>
#5 0x55e8aa8b7d3a <unknown>
#6 0x55e8aa8b1e63 <unknown>
#7 0x55e8aa88782a <unknown>
#8 0x55e8aa888985 <unknown>
#9 0x55e8aab584cd <unknown>
#10 0x55e8aab5c5ec <unknown>
#11 0x55e8aab4271e <unknown>
#12 0x55e8aab5d238 <unknown>
#13 0x55e8aab37870 <unknown>
#14 0x55e8aab79608 <unknown>
#15 0x55e8aab79788 <unknown>
#16 0x55e8aab93f1d <unknown>
#17 0x7fb77fbeaea7 <unknown>

[2022-06-19 17:58:48,163] {taskinstance.py:1400} INFO - Marking task as UP_FOR_RETRY. dag_id=Job-pts, task_id=pts-Papple-iphone-xs-256gb-space-grau_h_6245, execution_date=20220619T010909, start_date=20220619T175551, end_date=20220619T175848
[2022-06-19 17:58:48,214] {standard_task_runner.py:97} ERROR - Failed to execute job 586 for task pts-Papple-iphone-xs-256gb-space-grau_h_6245 (Message: unknown error: DevToolsActivePort file doesn't exist
Stacktrace:
#0 0x55e8aab13f33 <unknown>
#1 0x55e8aa85e118 <unknown>
#2 0x55e8aa884282 <unknown>
#3 0x55e8aa8807c6 <unknown>
#4 0x55e8aa87cd5a <unknown>
#5 0x55e8aa8b7d3a <unknown>
#6 0x55e8aa8b1e63 <unknown>
#7 0x55e8aa88782a <unknown>
#8 0x55e8aa888985 <unknown>
#9 0x55e8aab584cd <unknown>
#10 0x55e8aab5c5ec <unknown>
#11 0x55e8aab4271e <unknown>
#12 0x55e8aab5d238 <unknown>
#13 0x55e8aab37870 <unknown>
#14 0x55e8aab79608 <unknown>
#15 0x55e8aab79788 <unknown>
#16 0x55e8aab93f1d <unknown>
#17 0x7fb77fbeaea7 <unknown>
; 1571)
[2022-06-19 17:58:48,359] {local_task_job.py:221} WARNING - State of this instance has been externally set to up_for_retry. Terminating instance.
[2022-06-19 17:58:48,410] {process_utils.py:129} INFO - Sending Signals.SIGTERM to group 1571. PIDs of all processes in the group: [1681, 1716, 1730, 1731, 1791, 1792, 1816, 1817, 1815, 1571]
[2022-06-19 17:58:48,410] {process_utils.py:80} INFO - Sending the signal Signals.SIGTERM to group 1571
[2022-06-19 17:58:48,501] {process_utils.py:75} INFO - Process psutil.Process(pid=1791, status='terminated', started='17:55:55') (1791) terminated with exit code None
[2022-06-19 17:58:48,501] {process_utils.py:75} INFO - Process psutil.Process(pid=1681, status='terminated', started='17:55:52') (1681) terminated with exit code None
[2022-06-19 17:58:48,501] {process_utils.py:75} INFO - Process psutil.Process(pid=1730, status='terminated', started='17:55:53') (1730) terminated with exit code None
[2022-06-19 17:58:48,502] {process_utils.py:75} INFO - Process psutil.Process(pid=1817, status='terminated', started='17:55:56') (1817) terminated with exit code None
[2022-06-19 17:58:48,502] {process_utils.py:75} INFO - Process psutil.Process(pid=1792, status='terminated', started='17:55:55') (1792) terminated with exit code None
[2022-06-19 17:58:48,502] {process_utils.py:75} INFO - Process psutil.Process(pid=1731, status='terminated', started='17:55:53') (1731) terminated with exit code None
[2022-06-19 17:58:48,503] {process_utils.py:75} INFO - Process psutil.Process(pid=1716, status='terminated', started='17:55:53') (1716) terminated with exit code None
[2022-06-19 17:58:48,504] {process_utils.py:75} INFO - Process psutil.Process(pid=1816, status='terminated', started='17:55:56') (1816) terminated with exit code None
[2022-06-19 17:58:48,504] {process_utils.py:75} INFO - Process psutil.Process(pid=1815, status='terminated', started='17:55:56') (1815) terminated with exit code None
[2022-06-19 17:58:48,505] {process_utils.py:75} INFO - Process psutil.Process(pid=1571, status='terminated', exitcode=1, started='17:55:51') (1571) terminated with exit code 1
